{"meta": {"format": 3, "version": "7.16.0", "timestamp": "2026-09-20T11:12:00.376135", "branch_coverage": true, "show_contexts": false}, "files": {"libs/contracts/src/freechat_contracts/execution.py": {"executed_lines": [3, 5, 6, 7, 8, 10, 13, 14, 15, 18, 19, 20, 21, 22, 23, 26, 33, 34, 35, 36, 37, 38, 39, 40, 41, 43, 44, 45, 50, 51, 52, 53, 54, 55, 56, 58, 60, 61, 62], "summary": {"covered_lines": 39, "num_statements": 39, "percent_covered": 100.0, "percent_covered_display": "100", "missing_lines": 0, "excluded_lines": 0, "percent_statements_covered": 100.0, "percent_statements_covered_display": "100", "num_branches": 0, "num_partial_branches": 0, "covered_branches": 0, "missing_branches": 0, "percent_branches_covered": 100.0, "percent_branches_covered_display": "100"}, "missing_lines": [], "excluded_lines": [], "executed_branches": [], "missing_branches": [], "functions": {"ExecutionCommand.operation_id": {"executed_lines": [45], "summary": {"covered_lines": 1, "num_statements": 1, "percent_covered": 100.0, "percent_covered_display": "100", "missing_lines": 0, "excluded_lines": 0, "percent_statements_covered": 100.0, "percent_statements_covered_display": "100", "num_branches": 0, "num_partial_branches": 0, "covered_branches": 0, "missing_branches": 0, "percent_branches_covered": 100.0, "percent_branches_covered_display": "100"}, "missing_lines": [], "excluded_lines": [], "start_line": 44, "executed_branches": [], "missing_branches": []}, "ExecutionReceipt.releasable": {"executed_lines": [62], "summary": {"covered_lines": 1, "num_statements": 1, "percent_covered": 100.0, "percent_covered_display": "100", "missing_lines": 0, "excluded_lines": 0, "percent_statements_covered": 100.0, "percent_statements_covered_display": "100", "num_branches": 0, "num_partial_branches": 0, "covered_branches": 0, "missing_branches": 0, "percent_branches_covered": 100.0, "percent_branches_covered_display": "100"}, "missing_lines": [], "excluded_lines": [], "start_line": 61, "executed_branches": [], "missing_branches": []}, "": {"executed_lines": [3, 5, 6, 7, 8, 10, 13, 14, 15, 18, 19, 20, 21, 22, 23, 26, 33, 34, 35, 36, 37, 38, 39, 40, 41, 43, 44, 50, 51, 52, 53, 54, 55, 56, 58, 60, 61], "summary": {"covered_lines": 37, "num_statements": 37, "percent_covered": 100.0, "percent_covered_display": "100", "missing_lines": 0, "excluded_lines": 0, "percent_statements_covered": 100.0, "percent_statements_covered_display": "100", "num_branches": 0, "num_partial_branches": 0, "covered_branches": 0, "missing_branches": 0, "percent_branches_covered": 100.0, "percent_branches_covered_display": "100"}, "missing_lines": [], "excluded_lines": [], "start_line": 1, "executed_branches": [], "missing_branches": []}}, "classes": {"ExecutionAction": {"executed_lines": [], "summary": {"covered_lines": 0, "num_statements": 0, "percent_covered": 100.0, "percent_covered_display": "100", "missing_lines": 0, "excluded_lines": 0, "percent_statements_covered": 100.0, "percent_statements_covered_display": "100", "num_branches": 0, "num_partial_branches": 0, "covered_branches": 0, "missing_branches": 0, "percent_branches_covered": 100.0, "percent_branches_covered_display": "100"}, "missing_lines": [], "excluded_lines": [], "start_line": 13, "executed_branches": [], "missing_branches": []}, "ExecutionStatus": {"executed_lines": [], "summary": {"covered_lines": 0, "num_statements": 0, "percent_covered": 100.0, "percent_covered_display": "100", "missing_lines": 0, "excluded_lines": 0, "percent_statements_covered": 100.0, "percent_statements_covered_display": "100", "num_branches": 0, "num_partial_branches": 0, "covered_branches": 0, "missing_branches": 0, "percent_branches_covered": 100.0, "percent_branches_covered_display": "100"}, "missing_lines": [], "excluded_lines": [], "start_line": 18, "executed_branches": [], "missing_branches": []}, "ExecutionCommand": {"executed_lines": [45], "summary": {"covered_lines": 1, "num_statements": 1, "percent_covered": 100.0, "percent_covered_display": "100", "missing_lines": 0, "excluded_lines": 0, "percent_statements_covered": 100.0, "percent_statements_covered_display": "100", "num_branches": 0, "num_partial_branches": 0, "covered_branches": 0, "missing_branches": 0, "percent_branches_covered": 100.0, "percent_branches_covered_display": "100"}, "missing_lines": [], "excluded_lines": [], "start_line": 33, "executed_branches": [], "missing_branches": []}, "ExecutionReceipt": {"executed_lines": [62], "summary": {"covered_lines": 1, "num_statements": 1, "percent_covered": 100.0, "percent_covered_display": "100", "missing_lines": 0, "excluded_lines": 0, "percent_statements_covered": 100.0, "percent_statements_covered_display": "100", "num_branches": 0, "num_partial_branches": 0, "covered_branches": 0, "missing_branches": 0, "percent_branches_covered": 100.0, "percent_branches_covered_display": "100"}, "missing_lines": [], "excluded_lines": [], "start_line": 50, "executed_branches": [], "missing_branches": []}, "": {"executed_lines": [3, 5, 6, 7, 8, 10, 13, 14, 15, 18, 19, 20, 21, 22, 23, 26, 33, 34, 35, 36, 37, 38, 39, 40, 41, 43, 44, 50, 51, 52, 53, 54, 55, 56, 58, 60, 61], "summary": {"covered_lines": 37, "num_statements": 37, "percent_covered": 100.0, "percent_covered_display": "100", "missing_lines": 0, "excluded_lines": 0, "percent_statements_covered": 100.0, "percent_statements_covered_display": "100", "num_branches": 0, "num_partial_branches": 0, "covered_branches": 0, "missing_branches": 0, "percent_branches_covered": 100.0, "percent_branches_covered_display": "100"}, "missing_lines": [], "excluded_lines": [], "start_line": 1, "executed_branches": [], "missing_branches": []}}}, "services/gateway/src/freechat_gateway/__init__.py": {"executed_lines": [1, 3], "summary": {"covered_lines": 2, "num_statements": 2, "percent_covered": 100.0, "percent_covered_display": "100", "missing_lines": 0, "excluded_lines": 0, "percent_statements_covered": 100.0, "percent_statements_covered_display": "100", "num_branches": 0, "num_partial_branches": 0, "covered_branches": 0, "missing_branches": 0, "percent_branches_covered": 100.0, "percent_branches_covered_display": "100"}, "missing_lines": [], "excluded_lines": [], "executed_branches": [], "missing_branches": [], "functions": {"": {"executed_lines": [1, 3], "summary": {"covered_lines": 2, "num_statements": 2, "percent_covered": 100.0, "percent_covered_display": "100", "missing_lines": 0, "excluded_lines": 0, "percent_statements_covered": 100.0, "percent_statements_covered_display": "100", "num_branches": 0, "num_partial_branches": 0, "covered_branches": 0, "missing_branches": 0, "percent_branches_covered": 100.0, "percent_branches_covered_display": "100"}, "missing_lines": [], "excluded_lines": [], "start_line": 1, "executed_branches": [], "missing_branches": []}}, "classes": {"": {"executed_lines": [1, 3], "summary": {"covered_lines": 2, "num_statements": 2, "percent_covered": 100.0, "percent_covered_display": "100", "missing_lines": 0, "excluded_lines": 0, "percent_statements_covered": 100.0, "percent_statements_covered_display": "100", "num_branches": 0, "num_partial_branches": 0, "covered_branches": 0, "missing_branches": 0, "percent_branches_covered": 100.0, "percent_branches_covered_display": "100"}, "missing_lines": [], "excluded_lines": [], "start_line": 1, "executed_branches": [], "missing_branches": []}}}, "services/gateway/src/freechat_gateway/app.py": {"executed_lines": [1, 3, 4, 5, 6, 7, 8, 9, 10, 12, 13, 14, 15, 16, 18, 19, 20, 21, 23, 26, 27, 28, 29, 30, 31, 32, 34, 35, 37, 39, 42, 45, 52, 53, 57, 58, 63, 64, 65, 66, 67, 69, 74, 75, 78, 79, 84, 86, 87, 88, 93, 99, 100, 101, 104, 106, 107, 112, 113, 114, 115, 117, 118, 119, 129, 130, 131, 132, 138, 141, 142, 150, 151, 152, 155, 156, 162, 163, 170, 171, 172, 173, 174, 177, 180, 181, 182, 183, 184, 185, 186, 187, 188, 194, 195, 196, 197, 198, 199, 202, 203, 204, 216, 217, 218, 219, 220, 221, 222, 224, 225, 226, 227, 234, 235, 236, 237, 239, 240, 245, 247, 248, 253, 255, 256, 261, 263, 266, 273, 286, 287, 288, 289, 290, 293, 298, 299, 300, 301, 304, 313, 314, 325, 331, 332, 333, 334, 336, 337, 340, 348, 349, 350, 351, 352, 353, 355, 356, 357, 358, 360, 361, 363, 366, 371, 372, 373, 374, 375, 388, 395, 396, 397, 399], "summary": {"covered_lines": 174, "num_statements": 191, "percent_covered": 89.23766816143498, "percent_covered_display": "89", "missing_lines": 17, "excluded_lines": 0, "percent_statements_covered": 91.09947643979058, "percent_statements_covered_display": "91", "num_branches": 32, "num_partial_branches": 7, "covered_branches": 25, "missing_branches": 7, "percent_branches_covered": 78.125, "percent_branches_covered_display": "78"}, "missing_lines": [36, 38, 76, 85, 102, 103, 105, 116, 200, 223, 335, 376, 377, 378, 379, 400, 401], "excluded_lines": [], "executed_branches": [[35, 37], [37, 39], [39, -34], [39, 42], [84, 86], [104, 106], [106, 107], [106, 112], [115, 117], [151, 152], [151, 155], [155, 156], [170, 171], [170, 216], [180, 181], [180, 204], [199, 202], [286, 287], [286, 288], [288, 289], [288, 290], [351, 352], [351, 353], [396, 397], [396, 399]], "missing_branches": [[35, 36], [37, 38], [84, 85], [104, 105], [115, 116], [155, 162], [199, 200]], "functions": {"GatewayConfig.__post_init__": {"executed_lines": [35, 37, 39, 42], "summary": {"covered_lines": 4, "num_statements": 6, "percent_covered": 66.66666666666667, "percent_covered_display": "67", "missing_lines": 2, "excluded_lines": 0, "percent_statements_covered": 66.66666666666667, "percent_statements_covered_display": "67", "num_branches": 6, "num_partial_branches": 2, "covered_branches": 4, "missing_branches": 2, "percent_branches_covered": 66.66666666666667, "percent_branches_covered_display": "67"}, "missing_lines": [36, 38], "excluded_lines": [], "start_line": 34, "executed_branches": [[35, 37], [37, 39], [39, -34], [39, 42]], "missing_branches": [[35, 36], [37, 38]]}, "create_app": {"executed_lines": [52, 53, 57, 58, 63, 64, 69, 74, 75, 78, 79, 93, 239, 240, 247, 248, 255, 256, 263], "summary": {"covered_lines": 19, "num_statements": 19, "percent_covered": 100.0, "percent_covered_display": "100", "missing_lines": 0, "excluded_lines": 0, "percent_statements_covered": 100.0, "percent_statements_covered_display": "100", "num_branches": 0, "num_partial_branches": 0, "covered_branches": 0, "missing_branches": 0, "percent_branches_covered": 100.0, "percent_branches_covered_display": "100"}, "missing_lines": [], "excluded_lines": [], "start_line": 45, "executed_branches": [], "missing_branches": []}, "create_app.lifespan": {"executed_lines": [65, 66, 67], "summary": {"covered_lines": 3, "num_statements": 3, "percent_covered": 100.0, "percent_covered_display": "100", "missing_lines": 0, "excluded_lines": 0, "percent_statements_covered": 100.0, "percent_statements_covered_display": "100", "num_branches": 0, "num_partial_branches": 0, "covered_branches": 0, "missing_branches": 0, "percent_branches_covered": 100.0, "percent_branches_covered_display": "100"}, "missing_lines": [], "excluded_lines": [], "start_line": 64, "executed_branches": [], "missing_branches": []}, "create_app.health": {"executed_lines": [], "summary": {"covered_lines": 0, "num_statements": 1, "percent_covered": 0.0, "percent_covered_display": "0", "missing_lines": 1, "excluded_lines": 0, "percent_statements_covered": 0.0, "percent_statements_covered_display": "0", "num_branches": 0, "num_partial_branches": 0, "covered_branches": 0, "missing_branches": 0, "percent_branches_covered": 100.0, "percent_branches_covered_display": "100"}, "missing_lines": [76], "excluded_lines": [], "start_line": 75, "executed_branches": [], "missing_branches": []}, "create_app.console_snapshot": {"executed_lines": [84, 86, 87, 88], "summary": {"covered_lines": 4, "num_statements": 5, "percent_covered": 71.42857142857143, "percent_covered_display": "71", "missing_lines": 1, "excluded_lines": 0, "percent_statements_covered": 80.0, "percent_statements_covered_display": "80", "num_branches": 2, "num_partial_branches": 1, "covered_branches": 1, "missing_branches": 1, "percent_branches_covered": 50.0, "percent_branches_covered_display": "50"}, "missing_lines": [85], "excluded_lines": [], "start_line": 79, "executed_branches": [[84, 86]], "missing_branches": [[84, 85]]}, "create_app.proxy": {"executed_lines": [99, 100, 101, 104, 106, 107, 112, 113, 114, 115, 117, 118, 119, 129, 130, 131, 132, 138, 141, 142, 150, 151, 152, 155, 156, 162, 163, 170, 171, 172, 173, 174, 177, 180, 181, 182, 183, 184, 185, 186, 187, 188, 194, 195, 196, 197, 198, 199, 202, 203, 204, 216, 217, 218, 219, 220, 221, 222, 224, 225, 226, 227, 234, 235, 236, 237], "summary": {"covered_lines": 66, "num_statements": 72, "percent_covered": 88.63636363636364, "percent_covered_display": "89", "missing_lines": 6, "excluded_lines": 0, "percent_statements_covered": 91.66666666666667, "percent_statements_covered_display": "92", "num_branches": 16, "num_partial_branches": 4, "covered_branches": 12, "missing_branches": 4, "percent_branches_covered": 75.0, "percent_branches_covered_display": "75"}, "missing_lines": [102, 103, 105, 116, 200, 223], "excluded_lines": [], "start_line": 93, "executed_branches": [[104, 106], [106, 107], [106, 112], [115, 117], [151, 152], [151, 155], [155, 156], [170, 171], [170, 216], [180, 181], [180, 204], [199, 202]], "missing_branches": [[104, 105], [115, 116], [155, 162], [199, 200]]}, "create_app.chat_completions": {"executed_lines": [245], "summary": {"covered_lines": 1, "num_statements": 1, "percent_covered": 100.0, "percent_covered_display": "100", "missing_lines": 0, "excluded_lines": 0, "percent_statements_covered": 100.0, "percent_statements_covered_display": "100", "num_branches": 0, "num_partial_branches": 0, "covered_branches": 0, "missing_branches": 0, "percent_branches_covered": 100.0, "percent_branches_covered_display": "100"}, "missing_lines": [], "excluded_lines": [], "start_line": 240, "executed_branches": [], "missing_branches": []}, "create_app.responses": {"executed_lines": [253], "summary": {"covered_lines": 1, "num_statements": 1, "percent_covered": 100.0, "percent_covered_display": "100", "missing_lines": 0, "excluded_lines": 0, "percent_statements_covered": 100.0, "percent_statements_covered_display": "100", "num_branches": 0, "num_partial_branches": 0, "covered_branches": 0, "missing_branches": 0, "percent_branches_covered": 100.0, "percent_branches_covered_display": "100"}, "missing_lines": [], "excluded_lines": [], "start_line": 248, "executed_branches": [], "missing_branches": []}, "create_app.messages": {"executed_lines": [261], "summary": {"covered_lines": 1, "num_statements": 1, "percent_covered": 100.0, "percent_covered_display": "100", "missing_lines": 0, "excluded_lines": 0, "percent_statements_covered": 100.0, "percent_statements_covered_display": "100", "num_branches": 0, "num_partial_branches": 0, "covered_branches": 0, "missing_branches": 0, "percent_branches_covered": 100.0, "percent_branches_covered_display": "100"}, "missing_lines": [], "excluded_lines": [], "start_line": 256, "executed_branches": [], "missing_branches": []}, "_agent_lifecycle_body": {"executed_lines": [273, 286, 287, 288, 289, 290], "summary": {"covered_lines": 6, "num_statements": 6, "percent_covered": 100.0, "percent_covered_display": "100", "missing_lines": 0, "excluded_lines": 0, "percent_statements_covered": 100.0, "percent_statements_covered_display": "100", "num_branches": 4, "num_partial_branches": 0, "covered_branches": 4, "missing_branches": 0, "percent_branches_covered": 100.0, "percent_branches_covered_display": "100"}, "missing_lines": [], "excluded_lines": [], "start_line": 266, "executed_branches": [[286, 287], [286, 288], [288, 289], [288, 290]], "missing_branches": []}, "_authenticate": {"executed_lines": [298, 299, 300, 301], "summary": {"covered_lines": 4, "num_statements": 4, "percent_covered": 100.0, "percent_covered_display": "100", "missing_lines": 0, "excluded_lines": 0, "percent_statements_covered": 100.0, "percent_statements_covered_display": "100", "num_branches": 0, "num_partial_branches": 0, "covered_branches": 0, "missing_branches": 0, "percent_branches_covered": 100.0, "percent_branches_covered_display": "100"}, "missing_lines": [], "excluded_lines": [], "start_line": 293, "executed_branches": [], "missing_branches": []}, "_upstream_headers": {"executed_lines": [313, 314], "summary": {"covered_lines": 2, "num_statements": 2, "percent_covered": 100.0, "percent_covered_display": "100", "missing_lines": 0, "excluded_lines": 0, "percent_statements_covered": 100.0, "percent_statements_covered_display": "100", "num_branches": 0, "num_partial_branches": 0, "covered_branches": 0, "missing_branches": 0, "percent_branches_covered": 100.0, "percent_branches_covered_display": "100"}, "missing_lines": [], "excluded_lines": [], "start_line": 304, "executed_branches": [], "missing_branches": []}, "_send_stream_request": {"executed_lines": [331, 332, 333, 334, 336, 337], "summary": {"covered_lines": 6, "num_statements": 7, "percent_covered": 85.71428571428571, "percent_covered_display": "86", "missing_lines": 1, "excluded_lines": 0, "percent_statements_covered": 85.71428571428571, "percent_statements_covered_display": "86", "num_branches": 0, "num_partial_branches": 0, "covered_branches": 0, "missing_branches": 0, "percent_branches_covered": 100.0, "percent_branches_covered_display": "100"}, "missing_lines": [335], "excluded_lines": [], "start_line": 325, "executed_branches": [], "missing_branches": []}, "_relay_upstream": {"executed_lines": [348, 349, 350, 351, 352, 353, 355, 356, 357, 358, 360, 361, 363], "summary": {"covered_lines": 13, "num_statements": 13, "percent_covered": 100.0, "percent_covered_display": "100", "missing_lines": 0, "excluded_lines": 0, "percent_statements_covered": 100.0, "percent_statements_covered_display": "100", "num_branches": 2, "num_partial_branches": 0, "covered_branches": 2, "missing_branches": 0, "percent_branches_covered": 100.0, "percent_branches_covered_display": "100"}, "missing_lines": [], "excluded_lines": [], "start_line": 340, "executed_branches": [[351, 352], [351, 353]], "missing_branches": []}, "_renew_lease_loop": {"executed_lines": [371, 372, 373, 374, 375], "summary": {"covered_lines": 5, "num_statements": 9, "percent_covered": 55.55555555555556, "percent_covered_display": "56", "missing_lines": 4, "excluded_lines": 0, "percent_statements_covered": 55.55555555555556, "percent_statements_covered_display": "56", "num_branches": 0, "num_partial_branches": 0, "covered_branches": 0, "missing_branches": 0, "percent_branches_covered": 100.0, "percent_branches_covered_display": "100"}, "missing_lines": [376, 377, 378, 379], "excluded_lines": [], "start_line": 366, "executed_branches": [], "missing_branches": []}, "_release_route": {"executed_lines": [395, 396, 397, 399], "summary": {"covered_lines": 4, "num_statements": 6, "percent_covered": 75.0, "percent_covered_display": "75", "missing_lines": 2, "excluded_lines": 0, "percent_statements_covered": 66.66666666666667, "percent_statements_covered_display": "67", "num_branches": 2, "num_partial_branches": 0, "covered_branches": 2, "missing_branches": 0, "percent_branches_covered": 100.0, "percent_branches_covered_display": "100"}, "missing_lines": [400, 401], "excluded_lines": [], "start_line": 388, "executed_branches": [[396, 397], [396, 399]], "missing_branches": []}, "": {"executed_lines": [1, 3, 4, 5, 6, 7, 8, 9, 10, 12, 13, 14, 15, 16, 18, 19, 20, 21, 23, 26, 27, 28, 29, 30, 31, 32, 34, 45, 266, 293, 304, 325, 340, 366, 388], "summary": {"covered_lines": 35, "num_statements": 35, "percent_covered": 100.0, "percent_covered_display": "100", "missing_lines": 0, "excluded_lines": 0, "percent_statements_covered": 100.0, "percent_statements_covered_display": "100", "num_branches": 0, "num_partial_branches": 0, "covered_branches": 0, "missing_branches": 0, "percent_branches_covered": 100.0, "percent_branches_covered_display": "100"}, "missing_lines": [], "excluded_lines": [], "start_line": 1, "executed_branches": [], "missing_branches": []}}, "classes": {"GatewayConfig": {"executed_lines": [35, 37, 39, 42], "summary": {"covered_lines": 4, "num_statements": 6, "percent_covered": 66.66666666666667, "percent_covered_display": "67", "missing_lines": 2, "excluded_lines": 0, "percent_statements_covered": 66.66666666666667, "percent_statements_covered_display": "67", "num_branches": 6, "num_partial_branches": 2, "covered_branches": 4, "missing_branches": 2, "percent_branches_covered": 66.66666666666667, "percent_branches_covered_display": "67"}, "missing_lines": [36, 38], "excluded_lines": [], "start_line": 27, "executed_branches": [[35, 37], [37, 39], [39, -34], [39, 42]], "missing_branches": [[35, 36], [37, 38]]}, "": {"executed_lines": [1, 3, 4, 5, 6, 7, 8, 9, 10, 12, 13, 14, 15, 16, 18, 19, 20, 21, 23, 26, 27, 28, 29, 30, 31, 32, 34, 45, 52, 53, 57, 58, 63, 64, 65, 66, 67, 69, 74, 75, 78, 79, 84, 86, 87, 88, 93, 99, 100, 101, 104, 106, 107, 112, 113, 114, 115, 117, 118, 119, 129, 130, 131, 132, 138, 141, 142, 150, 151, 152, 155, 156, 162, 163, 170, 171, 172, 173, 174, 177, 180, 181, 182, 183, 184, 185, 186, 187, 188, 194, 195, 196, 197, 198, 199, 202, 203, 204, 216, 217, 218, 219, 220, 221, 222, 224, 225, 226, 227, 234, 235, 236, 237, 239, 240, 245, 247, 248, 253, 255, 256, 261, 263, 266, 273, 286, 287, 288, 289, 290, 293, 298, 299, 300, 301, 304, 313, 314, 325, 331, 332, 333, 334, 336, 337, 340, 348, 349, 350, 351, 352, 353, 355, 356, 357, 358, 360, 361, 363, 366, 371, 372, 373, 374, 375, 388, 395, 396, 397, 399], "summary": {"covered_lines": 170, "num_statements": 185, "percent_covered": 90.52132701421802, "percent_covered_display": "91", "missing_lines": 15, "excluded_lines": 0, "percent_statements_covered": 91.89189189189189, "percent_statements_covered_display": "92", "num_branches": 26, "num_partial_branches": 5, "covered_branches": 21, "missing_branches": 5, "percent_branches_covered": 80.76923076923077, "percent_branches_covered_display": "81"}, "missing_lines": [76, 85, 102, 103, 105, 116, 200, 223, 335, 376, 377, 378, 379, 400, 401], "excluded_lines": [], "start_line": 1, "executed_branches": [[84, 86], [104, 106], [106, 107], [106, 112], [115, 117], [151, 152], [151, 155], [155, 156], [170, 171], [170, 216], [180, 181], [180, 204], [199, 202], [286, 287], [286, 288], [288, 289], [288, 290], [351, 352], [351, 353], [396, 397], [396, 399]], "missing_branches": [[84, 85], [104, 105], [115, 116], [155, 162], [199, 200]]}}}, "services/gateway/src/freechat_gateway/auth.py": {"executed_lines": [1, 3, 4, 5, 8, 9, 10, 11, 12, 15, 22, 23, 27, 28, 29, 30, 31, 32, 33, 34, 35, 36, 37, 38], "summary": {"covered_lines": 24, "num_statements": 25, "percent_covered": 88.57142857142857, "percent_covered_display": "89", "missing_lines": 1, "excluded_lines": 0, "percent_statements_covered": 96.0, "percent_statements_covered_display": "96", "num_branches": 10, "num_partial_branches": 3, "covered_branches": 7, "missing_branches": 3, "percent_branches_covered": 70.0, "percent_branches_covered_display": "70"}, "missing_lines": [39], "excluded_lines": [], "executed_branches": [[29, 30], [29, 33], [31, 32], [33, 34], [33, 35], [36, 37], [37, 38]], "missing_branches": [[31, 33], [36, 39], [37, 36]], "functions": {"APIKeyAuthenticator.__init__": {"executed_lines": [23], "summary": {"covered_lines": 1, "num_statements": 1, "percent_covered": 100.0, "percent_covered_display": "100", "missing_lines": 0, "excluded_lines": 0, "percent_statements_covered": 100.0, "percent_statements_covered_display": "100", "num_branches": 0, "num_partial_branches": 0, "covered_branches": 0, "missing_branches": 0, "percent_branches_covered": 100.0, "percent_branches_covered_display": "100"}, "missing_lines": [], "excluded_lines": [], "start_line": 22, "executed_branches": [], "missing_branches": []}, "APIKeyAuthenticator.authenticate": {"executed_lines": [28, 29, 30, 31, 32, 33, 34, 35, 36, 37, 38], "summary": {"covered_lines": 11, "num_statements": 12, "percent_covered": 81.81818181818181, "percent_covered_display": "82", "missing_lines": 1, "excluded_lines": 0, "percent_statements_covered": 91.66666666666667, "percent_statements_covered_display": "92", "num_branches": 10, "num_partial_branches": 3, "covered_branches": 7, "missing_branches": 3, "percent_branches_covered": 70.0, "percent_branches_covered_display": "70"}, "missing_lines": [39], "excluded_lines": [], "start_line": 27, "executed_branches": [[29, 30], [29, 33], [31, 32], [33, 34], [33, 35], [36, 37], [37, 38]], "missing_branches": [[31, 33], [36, 39], [37, 36]]}, "": {"executed_lines": [1, 3, 4, 5, 8, 9, 10, 11, 12, 15, 22, 27], "summary": {"covered_lines": 12, "num_statements": 12, "percent_covered": 100.0, "percent_covered_display": "100", "missing_lines": 0, "excluded_lines": 0, "percent_statements_covered": 100.0, "percent_statements_covered_display": "100", "num_branches": 0, "num_partial_branches": 0, "covered_branches": 0, "missing_branches": 0, "percent_branches_covered": 100.0, "percent_branches_covered_display": "100"}, "missing_lines": [], "excluded_lines": [], "start_line": 1, "executed_branches": [], "missing_branches": []}}, "classes": {"AuthContext": {"executed_lines": [], "summary": {"covered_lines": 0, "num_statements": 0, "percent_covered": 100.0, "percent_covered_display": "100", "missing_lines": 0, "excluded_lines": 0, "percent_statements_covered": 100.0, "percent_statements_covered_display": "100", "num_branches": 0, "num_partial_branches": 0, "covered_branches": 0, "missing_branches": 0, "percent_branches_covered": 100.0, "percent_branches_covered_display": "100"}, "missing_lines": [], "excluded_lines": [], "start_line": 9, "executed_branches": [], "missing_branches": []}, "APIKeyAuthenticator": {"executed_lines": [23, 28, 29, 30, 31, 32, 33, 34, 35, 36, 37, 38], "summary": {"covered_lines": 12, "num_statements": 13, "percent_covered": 82.6086956521739, "percent_covered_display": "83", "missing_lines": 1, "excluded_lines": 0, "percent_statements_covered": 92.3076923076923, "percent_statements_covered_display": "92", "num_branches": 10, "num_partial_branches": 3, "covered_branches": 7, "missing_branches": 3, "percent_branches_covered": 70.0, "percent_branches_covered_display": "70"}, "missing_lines": [39], "excluded_lines": [], "start_line": 15, "executed_branches": [[29, 30], [29, 33], [31, 32], [33, 34], [33, 35], [36, 37], [37, 38]], "missing_branches": [[31, 33], [36, 39], [37, 36]]}, "": {"executed_lines": [1, 3, 4, 5, 8, 9, 10, 11, 12, 15, 22, 27], "summary": {"covered_lines": 12, "num_statements": 12, "percent_covered": 100.0, "percent_covered_display": "100", "missing_lines": 0, "excluded_lines": 0, "percent_statements_covered": 100.0, "percent_statements_covered_display": "100", "num_branches": 0, "num_partial_branches": 0, "covered_branches": 0, "missing_branches": 0, "percent_branches_covered": 100.0, "percent_branches_covered_display": "100"}, "missing_lines": [], "excluded_lines": [], "start_line": 1, "executed_branches": [], "missing_branches": []}}}, "services/gateway/src/freechat_gateway/console.py": {"executed_lines": [1, 3, 4, 5, 7, 10, 11, 12, 13, 16, 17, 19, 20, 23, 24, 26, 27, 28, 29, 30, 33, 37, 38, 39, 40], "summary": {"covered_lines": 25, "num_statements": 25, "percent_covered": 100.0, "percent_covered_display": "100", "missing_lines": 0, "excluded_lines": 3, "percent_statements_covered": 100.0, "percent_statements_covered_display": "100", "num_branches": 0, "num_partial_branches": 0, "covered_branches": 0, "missing_branches": 0, "percent_branches_covered": 100.0, "percent_branches_covered_display": "100"}, "missing_lines": [], "excluded_lines": [34, 35, 36], "executed_branches": [], "missing_branches": [], "functions": {"ConsoleReadModel.snapshot": {"executed_lines": [], "summary": {"covered_lines": 0, "num_statements": 0, "percent_covered": 100.0, "percent_covered_display": "100", "missing_lines": 0, "excluded_lines": 1, "percent_statements_covered": 100.0, "percent_statements_covered_display": "100", "num_branches": 0, "num_partial_branches": 0, "covered_branches": 0, "missing_branches": 0, "percent_branches_covered": 100.0, "percent_branches_covered_display": "100"}, "missing_lines": [], "excluded_lines": [34], "start_line": 34, "executed_branches": [], "missing_branches": []}, "EmptyConsoleReadModel.snapshot": {"executed_lines": [39, 40], "summary": {"covered_lines": 2, "num_statements": 2, "percent_covered": 100.0, "percent_covered_display": "100", "missing_lines": 0, "excluded_lines": 0, "percent_statements_covered": 100.0, "percent_statements_covered_display": "100", "num_branches": 0, "num_partial_branches": 0, "covered_branches": 0, "missing_branches": 0, "percent_branches_covered": 100.0, "percent_branches_covered_display": "100"}, "missing_lines": [], "excluded_lines": [], "start_line": 38, "executed_branches": [], "missing_branches": []}, "": {"executed_lines": [1, 3, 4, 5, 7, 10, 11, 12, 13, 16, 17, 19, 20, 23, 24, 26, 27, 28, 29, 30, 33, 37, 38], "summary": {"covered_lines": 23, "num_statements": 23, "percent_covered": 100.0, "percent_covered_display": "100", "missing_lines": 0, "excluded_lines": 2, "percent_statements_covered": 100.0, "percent_statements_covered_display": "100", "num_branches": 0, "num_partial_branches": 0, "covered_branches": 0, "missing_branches": 0, "percent_branches_covered": 100.0, "percent_branches_covered_display": "100"}, "missing_lines": [], "excluded_lines": [35, 36], "start_line": 1, "executed_branches": [], "missing_branches": []}}, "classes": {"EvidenceState": {"executed_lines": [], "summary": {"covered_lines": 0, "num_statements": 0, "percent_covered": 100.0, "percent_covered_display": "100", "missing_lines": 0, "excluded_lines": 0, "percent_statements_covered": 100.0, "percent_statements_covered_display": "100", "num_branches": 0, "num_partial_branches": 0, "covered_branches": 0, "missing_branches": 0, "percent_branches_covered": 100.0, "percent_branches_covered_display": "100"}, "missing_lines": [], "excluded_lines": [], "start_line": 10, "executed_branches": [], "missing_branches": []}, "MetricPoint": {"executed_lines": [], "summary": {"covered_lines": 0, "num_statements": 0, "percent_covered": 100.0, "percent_covered_display": "100", "missing_lines": 0, "excluded_lines": 0, "percent_statements_covered": 100.0, "percent_statements_covered_display": "100", "num_branches": 0, "num_partial_branches": 0, "covered_branches": 0, "missing_branches": 0, "percent_branches_covered": 100.0, "percent_branches_covered_display": "100"}, "missing_lines": [], "excluded_lines": [], "start_line": 16, "executed_branches": [], "missing_branches": []}, "ConsoleSnapshot": {"executed_lines": [], "summary": {"covered_lines": 0, "num_statements": 0, "percent_covered": 100.0, "percent_covered_display": "100", "missing_lines": 0, "excluded_lines": 0, "percent_statements_covered": 100.0, "percent_statements_covered_display": "100", "num_branches": 0, "num_partial_branches": 0, "covered_branches": 0, "missing_branches": 0, "percent_branches_covered": 100.0, "percent_branches_covered_display": "100"}, "missing_lines": [], "excluded_lines": [], "start_line": 23, "executed_branches": [], "missing_branches": []}, "ConsoleReadModel": {"executed_lines": [], "summary": {"covered_lines": 0, "num_statements": 0, "percent_covered": 100.0, "percent_covered_display": "100", "missing_lines": 0, "excluded_lines": 1, "percent_statements_covered": 100.0, "percent_statements_covered_display": "100", "num_branches": 0, "num_partial_branches": 0, "covered_branches": 0, "missing_branches": 0, "percent_branches_covered": 100.0, "percent_branches_covered_display": "100"}, "missing_lines": [], "excluded_lines": [34], "start_line": 33, "executed_branches": [], "missing_branches": []}, "EmptyConsoleReadModel": {"executed_lines": [39, 40], "summary": {"covered_lines": 2, "num_statements": 2, "percent_covered": 100.0, "percent_covered_display": "100", "missing_lines": 0, "excluded_lines": 0, "percent_statements_covered": 100.0, "percent_statements_covered_display": "100", "num_branches": 0, "num_partial_branches": 0, "covered_branches": 0, "missing_branches": 0, "percent_branches_covered": 100.0, "percent_branches_covered_display": "100"}, "missing_lines": [], "excluded_lines": [], "start_line": 37, "executed_branches": [], "missing_branches": []}, "": {"executed_lines": [1, 3, 4, 5, 7, 10, 11, 12, 13, 16, 17, 19, 20, 23, 24, 26, 27, 28, 29, 30, 33, 37, 38], "summary": {"covered_lines": 23, "num_statements": 23, "percent_covered": 100.0, "percent_covered_display": "100", "missing_lines": 0, "excluded_lines": 2, "percent_statements_covered": 100.0, "percent_statements_covered_display": "100", "num_branches": 0, "num_partial_branches": 0, "covered_branches": 0, "missing_branches": 0, "percent_branches_covered": 100.0, "percent_branches_covered_display": "100"}, "missing_lines": [], "excluded_lines": [35, 36], "start_line": 1, "executed_branches": [], "missing_branches": []}}}, "services/gateway/src/freechat_gateway/hints.py": {"executed_lines": [1, 3, 5, 6, 7, 10, 11, 12, 13, 14, 15, 16, 17, 18, 23, 24, 28, 29, 30, 40, 42, 43, 44, 45, 46, 47, 48, 49, 50, 51, 52, 54, 55, 57], "summary": {"covered_lines": 34, "num_statements": 36, "percent_covered": 90.0, "percent_covered_display": "90", "missing_lines": 2, "excluded_lines": 0, "percent_statements_covered": 94.44444444444444, "percent_statements_covered_display": "94", "num_branches": 14, "num_partial_branches": 3, "covered_branches": 11, "missing_branches": 3, "percent_branches_covered": 78.57142857142857, "percent_branches_covered_display": "79"}, "missing_lines": [53, 56], "excluded_lines": [], "executed_branches": [[12, 13], [12, 23], [44, 45], [44, 48], [45, 46], [45, 48], [46, 47], [49, 50], [49, 51], [52, 54], [55, 57]], "missing_branches": [[46, 45], [52, 53], [55, 56]], "functions": {"extract_agent_hints": {"executed_lines": [11, 12, 13, 14, 15, 16, 17, 18, 23, 24, 28, 29, 30], "summary": {"covered_lines": 13, "num_statements": 13, "percent_covered": 100.0, "percent_covered_display": "100", "missing_lines": 0, "excluded_lines": 0, "percent_statements_covered": 100.0, "percent_statements_covered_display": "100", "num_branches": 2, "num_partial_branches": 0, "covered_branches": 2, "missing_branches": 0, "percent_branches_covered": 100.0, "percent_branches_covered_display": "100"}, "missing_lines": [], "excluded_lines": [], "start_line": 10, "executed_branches": [[12, 13], [12, 23]], "missing_branches": []}, "estimate_input_tokens": {"executed_lines": [42, 43, 44, 45, 46, 47, 48, 49, 50, 51, 52, 54, 55, 57], "summary": {"covered_lines": 14, "num_statements": 16, "percent_covered": 82.14285714285714, "percent_covered_display": "82", "missing_lines": 2, "excluded_lines": 0, "percent_statements_covered": 87.5, "percent_statements_covered_display": "88", "num_branches": 12, "num_partial_branches": 3, "covered_branches": 9, "missing_branches": 3, "percent_branches_covered": 75.0, "percent_branches_covered_display": "75"}, "missing_lines": [53, 56], "excluded_lines": [], "start_line": 40, "executed_branches": [[44, 45], [44, 48], [45, 46], [45, 48], [46, 47], [49, 50], [49, 51], [52, 54], [55, 57]], "missing_branches": [[46, 45], [52, 53], [55, 56]]}, "": {"executed_lines": [1, 3, 5, 6, 7, 10, 40], "summary": {"covered_lines": 7, "num_statements": 7, "percent_covered": 100.0, "percent_covered_display": "100", "missing_lines": 0, "excluded_lines": 0, "percent_statements_covered": 100.0, "percent_statements_covered_display": "100", "num_branches": 0, "num_partial_branches": 0, "covered_branches": 0, "missing_branches": 0, "percent_branches_covered": 100.0, "percent_branches_covered_display": "100"}, "missing_lines": [], "excluded_lines": [], "start_line": 1, "executed_branches": [], "missing_branches": []}}, "classes": {"": {"executed_lines": [1, 3, 5, 6, 7, 10, 11, 12, 13, 14, 15, 16, 17, 18, 23, 24, 28, 29, 30, 40, 42, 43, 44, 45, 46, 47, 48, 49, 50, 51, 52, 54, 55, 57], "summary": {"covered_lines": 34, "num_statements": 36, "percent_covered": 90.0, "percent_covered_display": "90", "missing_lines": 2, "excluded_lines": 0, "percent_statements_covered": 94.44444444444444, "percent_statements_covered_display": "94", "num_branches": 14, "num_partial_branches": 3, "covered_branches": 11, "missing_branches": 3, "percent_branches_covered": 78.57142857142857, "percent_branches_covered_display": "79"}, "missing_lines": [53, 56], "excluded_lines": [], "start_line": 1, "executed_branches": [[12, 13], [12, 23], [44, 45], [44, 48], [45, 46], [45, 48], [46, 47], [49, 50], [49, 51], [52, 54], [55, 57]], "missing_branches": [[46, 45], [52, 53], [55, 56]]}}}, "services/gateway/src/freechat_gateway/main.py": {"executed_lines": [], "summary": {"covered_lines": 0, "num_statements": 20, "percent_covered": 0.0, "percent_covered_display": "0", "missing_lines": 20, "excluded_lines": 0, "percent_statements_covered": 0.0, "percent_statements_covered_display": "0", "num_branches": 4, "num_partial_branches": 0, "covered_branches": 0, "missing_branches": 4, "percent_branches_covered": 0.0, "percent_branches_covered_display": "0"}, "missing_lines": [1, 3, 5, 6, 9, 10, 11, 12, 13, 14, 15, 16, 17, 20, 21, 22, 23, 24, 37, 38], "excluded_lines": [], "executed_branches": [], "missing_branches": [[12, 13], [12, 17], [14, 15], [14, 16]], "functions": {"_keys_from_environment": {"executed_lines": [], "summary": {"covered_lines": 0, "num_statements": 8, "percent_covered": 0.0, "percent_covered_display": "0", "missing_lines": 8, "excluded_lines": 0, "percent_statements_covered": 0.0, "percent_statements_covered_display": "0", "num_branches": 4, "num_partial_branches": 0, "covered_branches": 0, "missing_branches": 4, "percent_branches_covered": 0.0, "percent_branches_covered_display": "0"}, "missing_lines": [10, 11, 12, 13, 14, 15, 16, 17], "excluded_lines": [], "start_line": 9, "executed_branches": [], "missing_branches": [[12, 13], [12, 17], [14, 15], [14, 16]]}, "build_app": {"executed_lines": [], "summary": {"covered_lines": 0, "num_statements": 4, "percent_covered": 0.0, "percent_covered_display": "0", "missing_lines": 4, "excluded_lines": 0, "percent_statements_covered": 0.0, "percent_statements_covered_display": "0", "num_branches": 0, "num_partial_branches": 0, "covered_branches": 0, "missing_branches": 0, "percent_branches_covered": 100.0, "percent_branches_covered_display": "100"}, "missing_lines": [21, 22, 23, 24], "excluded_lines": [], "start_line": 20, "executed_branches": [], "missing_branches": []}, "run": {"executed_lines": [], "summary": {"covered_lines": 0, "num_statements": 1, "percent_covered": 0.0, "percent_covered_display": "0", "missing_lines": 1, "excluded_lines": 0, "percent_statements_covered": 0.0, "percent_statements_covered_display": "0", "num_branches": 0, "num_partial_branches": 0, "covered_branches": 0, "missing_branches": 0, "percent_branches_covered": 100.0, "percent_branches_covered_display": "100"}, "missing_lines": [38], "excluded_lines": [], "start_line": 37, "executed_branches": [], "missing_branches": []}, "": {"executed_lines": [], "summary": {"covered_lines": 0, "num_statements": 7, "percent_covered": 0.0, "percent_covered_display": "0", "missing_lines": 7, "excluded_lines": 0, "percent_statements_covered": 0.0, "percent_statements_covered_display": "0", "num_branches": 0, "num_partial_branches": 0, "covered_branches": 0, "missing_branches": 0, "percent_branches_covered": 100.0, "percent_branches_covered_display": "100"}, "missing_lines": [1, 3, 5, 6, 9, 20, 37], "excluded_lines": [], "start_line": 1, "executed_branches": [], "missing_branches": []}}, "classes": {"": {"executed_lines": [], "summary": {"covered_lines": 0, "num_statements": 20, "percent_covered": 0.0, "percent_covered_display": "0", "missing_lines": 20, "excluded_lines": 0, "percent_statements_covered": 0.0, "percent_statements_covered_display": "0", "num_branches": 4, "num_partial_branches": 0, "covered_branches": 0, "missing_branches": 4, "percent_branches_covered": 0.0, "percent_branches_covered_display": "0"}, "missing_lines": [1, 3, 5, 6, 9, 10, 11, 12, 13, 14, 15, 16, 17, 20, 21, 22, 23, 24, 37, 38], "excluded_lines": [], "start_line": 1, "executed_branches": [], "missing_branches": [[12, 13], [12, 17], [14, 15], [14, 16]]}}}, "services/gateway/src/freechat_gateway/routing.py": {"executed_lines": [1, 3, 4, 5, 7, 8, 9, 17, 29, 30, 33, 34, 35, 37, 38, 51, 63, 64, 66, 67, 69, 72, 76, 77, 78, 79, 83, 84, 86, 87, 88, 131, 147, 182, 183, 196, 199, 200, 213, 216, 217, 229, 233, 234, 235, 239], "summary": {"covered_lines": 46, "num_statements": 54, "percent_covered": 78.125, "percent_covered_display": "78", "missing_lines": 8, "excluded_lines": 11, "percent_statements_covered": 85.18518518518519, "percent_statements_covered_display": "85", "num_branches": 10, "num_partial_branches": 4, "covered_branches": 4, "missing_branches": 6, "percent_branches_covered": 40.0, "percent_branches_covered_display": "40"}, "missing_lines": [70, 73, 197, 214, 230, 236, 237, 238], "excluded_lines": [18, 19, 20, 21, 22, 23, 24, 25, 26, 27, 28], "executed_branches": [[196, -182], [213, -199], [229, -216], [235, 239]], "missing_branches": [[196, 197], [213, 214], [229, 230], [235, 236], [237, 235], [237, 238]], "functions": {"SchedulerClient.route": {"executed_lines": [], "summary": {"covered_lines": 0, "num_statements": 0, "percent_covered": 100.0, "percent_covered_display": "100", "missing_lines": 0, "excluded_lines": 1, "percent_statements_covered": 100.0, "percent_statements_covered_display": "100", "num_branches": 0, "num_partial_branches": 0, "covered_branches": 0, "missing_branches": 0, "percent_branches_covered": 100.0, "percent_branches_covered_display": "100"}, "missing_lines": [], "excluded_lines": [18], "start_line": 18, "executed_branches": [], "missing_branches": []}, "SchedulerClient.renew": {"executed_lines": [], "summary": {"covered_lines": 0, "num_statements": 0, "percent_covered": 100.0, "percent_covered_display": "100", "missing_lines": 0, "excluded_lines": 1, "percent_statements_covered": 100.0, "percent_statements_covered_display": "100", "num_branches": 0, "num_partial_branches": 0, "covered_branches": 0, "missing_branches": 0, "percent_branches_covered": 100.0, "percent_branches_covered_display": "100"}, "missing_lines": [], "excluded_lines": [20], "start_line": 20, "executed_branches": [], "missing_branches": []}, "SchedulerClient.release": {"executed_lines": [], "summary": {"covered_lines": 0, "num_statements": 0, "percent_covered": 100.0, "percent_covered_display": "100", "missing_lines": 0, "excluded_lines": 1, "percent_statements_covered": 100.0, "percent_statements_covered_display": "100", "num_branches": 0, "num_partial_branches": 0, "covered_branches": 0, "missing_branches": 0, "percent_branches_covered": 100.0, "percent_branches_covered_display": "100"}, "missing_lines": [], "excluded_lines": [22], "start_line": 22, "executed_branches": [], "missing_branches": []}, "SchedulerClient.cancel": {"executed_lines": [], "summary": {"covered_lines": 0, "num_statements": 0, "percent_covered": 100.0, "percent_covered_display": "100", "missing_lines": 0, "excluded_lines": 1, "percent_statements_covered": 100.0, "percent_statements_covered_display": "100", "num_branches": 0, "num_partial_branches": 0, "covered_branches": 0, "missing_branches": 0, "percent_branches_covered": 100.0, "percent_branches_covered_display": "100"}, "missing_lines": [], "excluded_lines": [24], "start_line": 24, "executed_branches": [], "missing_branches": []}, "SchedulerClient.aclose": {"executed_lines": [], "summary": {"covered_lines": 0, "num_statements": 0, "percent_covered": 100.0, "percent_covered_display": "100", "missing_lines": 0, "excluded_lines": 1, "percent_statements_covered": 100.0, "percent_statements_covered_display": "100", "num_branches": 0, "num_partial_branches": 0, "covered_branches": 0, "missing_branches": 0, "percent_branches_covered": 100.0, "percent_branches_covered_display": "100"}, "missing_lines": [], "excluded_lines": [26], "start_line": 26, "executed_branches": [], "missing_branches": []}, "StaticSchedulerClient.route": {"executed_lines": [38, 51], "summary": {"covered_lines": 2, "num_statements": 2, "percent_covered": 100.0, "percent_covered_display": "100", "missing_lines": 0, "excluded_lines": 0, "percent_statements_covered": 100.0, "percent_statements_covered_display": "100", "num_branches": 0, "num_partial_branches": 0, "covered_branches": 0, "missing_branches": 0, "percent_branches_covered": 100.0, "percent_branches_covered_display": "100"}, "missing_lines": [], "excluded_lines": [], "start_line": 37, "executed_branches": [], "missing_branches": []}, "StaticSchedulerClient.aclose": {"executed_lines": [64], "summary": {"covered_lines": 1, "num_statements": 1, "percent_covered": 100.0, "percent_covered_display": "100", "missing_lines": 0, "excluded_lines": 0, "percent_statements_covered": 100.0, "percent_statements_covered_display": "100", "num_branches": 0, "num_partial_branches": 0, "covered_branches": 0, "missing_branches": 0, "percent_branches_covered": 100.0, "percent_branches_covered_display": "100"}, "missing_lines": [], "excluded_lines": [], "start_line": 63, "executed_branches": [], "missing_branches": []}, "StaticSchedulerClient.release": {"executed_lines": [67], "summary": {"covered_lines": 1, "num_statements": 1, "percent_covered": 100.0, "percent_covered_display": "100", "missing_lines": 0, "excluded_lines": 0, "percent_statements_covered": 100.0, "percent_statements_covered_display": "100", "num_branches": 0, "num_partial_branches": 0, "covered_branches": 0, "missing_branches": 0, "percent_branches_covered": 100.0, "percent_branches_covered_display": "100"}, "missing_lines": [], "excluded_lines": [], "start_line": 66, "executed_branches": [], "missing_branches": []}, "StaticSchedulerClient.renew": {"executed_lines": [], "summary": {"covered_lines": 0, "num_statements": 1, "percent_covered": 0.0, "percent_covered_display": "0", "missing_lines": 1, "excluded_lines": 0, "percent_statements_covered": 0.0, "percent_statements_covered_display": "0", "num_branches": 0, "num_partial_branches": 0, "covered_branches": 0, "missing_branches": 0, "percent_branches_covered": 100.0, "percent_branches_covered_display": "100"}, "missing_lines": [70], "excluded_lines": [], "start_line": 69, "executed_branches": [], "missing_branches": []}, "StaticSchedulerClient.cancel": {"executed_lines": [], "summary": {"covered_lines": 0, "num_statements": 1, "percent_covered": 0.0, "percent_covered_display": "0", "missing_lines": 1, "excluded_lines": 0, "percent_statements_covered": 0.0, "percent_statements_covered_display": "0", "num_branches": 0, "num_partial_branches": 0, "covered_branches": 0, "missing_branches": 0, "percent_branches_covered": 100.0, "percent_branches_covered_display": "100"}, "missing_lines": [73], "excluded_lines": [], "start_line": 72, "executed_branches": [], "missing_branches": []}, "GrpcSchedulerClient.__init__": {"executed_lines": [78, 79], "summary": {"covered_lines": 2, "num_statements": 2, "percent_covered": 100.0, "percent_covered_display": "100", "missing_lines": 0, "excluded_lines": 0, "percent_statements_covered": 100.0, "percent_statements_covered_display": "100", "num_branches": 0, "num_partial_branches": 0, "covered_branches": 0, "missing_branches": 0, "percent_branches_covered": 100.0, "percent_branches_covered_display": "100"}, "missing_lines": [], "excluded_lines": [], "start_line": 77, "executed_branches": [], "missing_branches": []}, "GrpcSchedulerClient.aclose": {"executed_lines": [84], "summary": {"covered_lines": 1, "num_statements": 1, "percent_covered": 100.0, "percent_covered_display": "100", "missing_lines": 0, "excluded_lines": 0, "percent_statements_covered": 100.0, "percent_statements_covered_display": "100", "num_branches": 0, "num_partial_branches": 0, "covered_branches": 0, "missing_branches": 0, "percent_branches_covered": 100.0, "percent_branches_covered_display": "100"}, "missing_lines": [], "excluded_lines": [], "start_line": 83, "executed_branches": [], "missing_branches": []}, "GrpcSchedulerClient.route": {"executed_lines": [87, 88, 131, 147], "summary": {"covered_lines": 4, "num_statements": 4, "percent_covered": 100.0, "percent_covered_display": "100", "missing_lines": 0, "excluded_lines": 0, "percent_statements_covered": 100.0, "percent_statements_covered_display": "100", "num_branches": 0, "num_partial_branches": 0, "covered_branches": 0, "missing_branches": 0, "percent_branches_covered": 100.0, "percent_branches_covered_display": "100"}, "missing_lines": [], "excluded_lines": [], "start_line": 86, "executed_branches": [], "missing_branches": []}, "GrpcSchedulerClient.release": {"executed_lines": [183, 196], "summary": {"covered_lines": 2, "num_statements": 3, "percent_covered": 60.0, "percent_covered_display": "60", "missing_lines": 1, "excluded_lines": 0, "percent_statements_covered": 66.66666666666667, "percent_statements_covered_display": "67", "num_branches": 2, "num_partial_branches": 1, "covered_branches": 1, "missing_branches": 1, "percent_branches_covered": 50.0, "percent_branches_covered_display": "50"}, "missing_lines": [197], "excluded_lines": [], "start_line": 182, "executed_branches": [[196, -182]], "missing_branches": [[196, 197]]}, "GrpcSchedulerClient.renew": {"executed_lines": [200, 213], "summary": {"covered_lines": 2, "num_statements": 3, "percent_covered": 60.0, "percent_covered_display": "60", "missing_lines": 1, "excluded_lines": 0, "percent_statements_covered": 66.66666666666667, "percent_statements_covered_display": "67", "num_branches": 2, "num_partial_branches": 1, "covered_branches": 1, "missing_branches": 1, "percent_branches_covered": 50.0, "percent_branches_covered_display": "50"}, "missing_lines": [214], "excluded_lines": [], "start_line": 199, "executed_branches": [[213, -199]], "missing_branches": [[213, 214]]}, "GrpcSchedulerClient.cancel": {"executed_lines": [217, 229], "summary": {"covered_lines": 2, "num_statements": 3, "percent_covered": 60.0, "percent_covered_display": "60", "missing_lines": 1, "excluded_lines": 0, "percent_statements_covered": 66.66666666666667, "percent_statements_covered_display": "67", "num_branches": 2, "num_partial_branches": 1, "covered_branches": 1, "missing_branches": 1, "percent_branches_covered": 50.0, "percent_branches_covered_display": "50"}, "missing_lines": [230], "excluded_lines": [], "start_line": 216, "executed_branches": [[229, -216]], "missing_branches": [[229, 230]]}, "_parse_rejections": {"executed_lines": [234, 235, 239], "summary": {"covered_lines": 3, "num_statements": 6, "percent_covered": 40.0, "percent_covered_display": "40", "missing_lines": 3, "excluded_lines": 0, "percent_statements_covered": 50.0, "percent_statements_covered_display": "50", "num_branches": 4, "num_partial_branches": 1, "covered_branches": 1, "missing_branches": 3, "percent_branches_covered": 25.0, "percent_branches_covered_display": "25"}, "missing_lines": [236, 237, 238], "excluded_lines": [], "start_line": 233, "executed_branches": [[235, 239]], "missing_branches": [[235, 236], [237, 235], [237, 238]]}, "": {"executed_lines": [1, 3, 4, 5, 7, 8, 9, 17, 29, 30, 33, 34, 35, 37, 63, 66, 69, 72, 76, 77, 83, 86, 182, 199, 216, 233], "summary": {"covered_lines": 26, "num_statements": 26, "percent_covered": 100.0, "percent_covered_display": "100", "missing_lines": 0, "excluded_lines": 6, "percent_statements_covered": 100.0, "percent_statements_covered_display": "100", "num_branches": 0, "num_partial_branches": 0, "covered_branches": 0, "missing_branches": 0, "percent_branches_covered": 100.0, "percent_branches_covered_display": "100"}, "missing_lines": [], "excluded_lines": [19, 21, 23, 25, 27, 28], "start_line": 1, "executed_branches": [], "missing_branches": []}}, "classes": {"SchedulerClient": {"executed_lines": [], "summary": {"covered_lines": 0, "num_statements": 0, "percent_covered": 100.0, "percent_covered_display": "100", "missing_lines": 0, "excluded_lines": 5, "percent_statements_covered": 100.0, "percent_statements_covered_display": "100", "num_branches": 0, "num_partial_branches": 0, "covered_branches": 0, "missing_branches": 0, "percent_branches_covered": 100.0, "percent_branches_covered_display": "100"}, "missing_lines": [], "excluded_lines": [18, 20, 22, 24, 26], "start_line": 17, "executed_branches": [], "missing_branches": []}, "StaticSchedulerClient": {"executed_lines": [38, 51, 64, 67], "summary": {"covered_lines": 4, "num_statements": 6, "percent_covered": 66.66666666666667, "percent_covered_display": "67", "missing_lines": 2, "excluded_lines": 0, "percent_statements_covered": 66.66666666666667, "percent_statements_covered_display": "67", "num_branches": 0, "num_partial_branches": 0, "covered_branches": 0, "missing_branches": 0, "percent_branches_covered": 100.0, "percent_branches_covered_display": "100"}, "missing_lines": [70, 73], "excluded_lines": [], "start_line": 30, "executed_branches": [], "missing_branches": []}, "GrpcSchedulerClient": {"executed_lines": [78, 79, 84, 87, 88, 131, 147, 183, 196, 200, 213, 217, 229], "summary": {"covered_lines": 13, "num_statements": 16, "percent_covered": 72.72727272727273, "percent_covered_display": "73", "missing_lines": 3, "excluded_lines": 0, "percent_statements_covered": 81.25, "percent_statements_covered_display": "81", "num_branches": 6, "num_partial_branches": 3, "covered_branches": 3, "missing_branches": 3, "percent_branches_covered": 50.0, "percent_branches_covered_display": "50"}, "missing_lines": [197, 214, 230], "excluded_lines": [], "start_line": 76, "executed_branches": [[196, -182], [213, -199], [229, -216]], "missing_branches": [[196, 197], [213, 214], [229, 230]]}, "": {"executed_lines": [1, 3, 4, 5, 7, 8, 9, 17, 29, 30, 33, 34, 35, 37, 63, 66, 69, 72, 76, 77, 83, 86, 182, 199, 216, 233, 234, 235, 239], "summary": {"covered_lines": 29, "num_statements": 32, "percent_covered": 83.33333333333333, "percent_covered_display": "83", "missing_lines": 3, "excluded_lines": 6, "percent_statements_covered": 90.625, "percent_statements_covered_display": "91", "num_branches": 4, "num_partial_branches": 1, "covered_branches": 1, "missing_branches": 3, "percent_branches_covered": 25.0, "percent_branches_covered_display": "25"}, "missing_lines": [236, 237, 238], "excluded_lines": [19, 21, 23, 25, 27, 28], "start_line": 1, "executed_branches": [[235, 239]], "missing_branches": [[235, 236], [237, 235], [237, 238]]}}}, "services/scheduler/src/freechat_scheduler/__init__.py": {"executed_lines": [1, 8, 10], "summary": {"covered_lines": 3, "num_statements": 3, "percent_covered": 100.0, "percent_covered_display": "100", "missing_lines": 0, "excluded_lines": 0, "percent_statements_covered": 100.0, "percent_statements_covered_display": "100", "num_branches": 0, "num_partial_branches": 0, "covered_branches": 0, "missing_branches": 0, "percent_branches_covered": 100.0, "percent_branches_covered_display": "100"}, "missing_lines": [], "excluded_lines": [], "executed_branches": [], "missing_branches": [], "functions": {"": {"executed_lines": [1, 8, 10], "summary": {"covered_lines": 3, "num_statements": 3, "percent_covered": 100.0, "percent_covered_display": "100", "missing_lines": 0, "excluded_lines": 0, "percent_statements_covered": 100.0, "percent_statements_covered_display": "100", "num_branches": 0, "num_partial_branches": 0, "covered_branches": 0, "missing_branches": 0, "percent_branches_covered": 100.0, "percent_branches_covered_display": "100"}, "missing_lines": [], "excluded_lines": [], "start_line": 1, "executed_branches": [], "missing_branches": []}}, "classes": {"": {"executed_lines": [1, 8, 10], "summary": {"covered_lines": 3, "num_statements": 3, "percent_covered": 100.0, "percent_covered_display": "100", "missing_lines": 0, "excluded_lines": 0, "percent_statements_covered": 100.0, "percent_statements_covered_display": "100", "num_branches": 0, "num_partial_branches": 0, "covered_branches": 0, "missing_branches": 0, "percent_branches_covered": 100.0, "percent_branches_covered_display": "100"}, "missing_lines": [], "excluded_lines": [], "start_line": 1, "executed_branches": [], "missing_branches": []}}}, "services/scheduler/src/freechat_scheduler/calibration.py": {"executed_lines": [1, 3, 5, 8, 12, 13, 14, 19, 25, 26, 27, 28, 30, 31, 32, 38, 39, 41, 43, 44], "summary": {"covered_lines": 20, "num_statements": 23, "percent_covered": 84.61538461538461, "percent_covered_display": "85", "missing_lines": 3, "excluded_lines": 0, "percent_statements_covered": 86.95652173913044, "percent_statements_covered_display": "87", "num_branches": 16, "num_partial_branches": 3, "covered_branches": 13, "missing_branches": 3, "percent_branches_covered": 81.25, "percent_branches_covered_display": "81"}, "missing_lines": [29, 37, 42], "excluded_lines": [], "executed_branches": [[14, 19], [14, 44], [19, 25], [19, 26], [26, 27], [26, 28], [28, 30], [30, 31], [30, 32], [32, 38], [38, 39], [38, 41], [41, 43]], "missing_branches": [[28, 29], [32, 37], [41, 42]], "functions": {"matching_calibration": {"executed_lines": [12, 13, 14, 19, 25, 26, 27, 28, 30, 31, 32, 38, 39, 41, 43, 44], "summary": {"covered_lines": 16, "num_statements": 19, "percent_covered": 82.85714285714286, "percent_covered_display": "83", "missing_lines": 3, "excluded_lines": 0, "percent_statements_covered": 84.21052631578948, "percent_statements_covered_display": "84", "num_branches": 16, "num_partial_branches": 3, "covered_branches": 13, "missing_branches": 3, "percent_branches_covered": 81.25, "percent_branches_covered_display": "81"}, "missing_lines": [29, 37, 42], "excluded_lines": [], "start_line": 8, "executed_branches": [[14, 19], [14, 44], [19, 25], [19, 26], [26, 27], [26, 28], [28, 30], [30, 31], [30, 32], [32, 38], [38, 39], [38, 41], [41, 43]], "missing_branches": [[28, 29], [32, 37], [41, 42]]}, "": {"executed_lines": [1, 3, 5, 8], "summary": {"covered_lines": 4, "num_statements": 4, "percent_covered": 100.0, "percent_covered_display": "100", "missing_lines": 0, "excluded_lines": 0, "percent_statements_covered": 100.0, "percent_statements_covered_display": "100", "num_branches": 0, "num_partial_branches": 0, "covered_branches": 0, "missing_branches": 0, "percent_branches_covered": 100.0, "percent_branches_covered_display": "100"}, "missing_lines": [], "excluded_lines": [], "start_line": 1, "executed_branches": [], "missing_branches": []}}, "classes": {"": {"executed_lines": [1, 3, 5, 8, 12, 13, 14, 19, 25, 26, 27, 28, 30, 31, 32, 38, 39, 41, 43, 44], "summary": {"covered_lines": 20, "num_statements": 23, "percent_covered": 84.61538461538461, "percent_covered_display": "85", "missing_lines": 3, "excluded_lines": 0, "percent_statements_covered": 86.95652173913044, "percent_statements_covered_display": "87", "num_branches": 16, "num_partial_branches": 3, "covered_branches": 13, "missing_branches": 3, "percent_branches_covered": 81.25, "percent_branches_covered_display": "81"}, "missing_lines": [29, 37, 42], "excluded_lines": [], "start_line": 1, "executed_branches": [[14, 19], [14, 44], [19, 25], [19, 26], [26, 27], [26, 28], [28, 30], [30, 31], [30, 32], [32, 38], [38, 39], [38, 41], [41, 43]], "missing_branches": [[28, 29], [32, 37], [41, 42]]}}}, "services/scheduler/src/freechat_scheduler/forecasts.py": {"executed_lines": [1, 3, 6, 8, 9, 10, 11, 12, 13, 14, 15, 16, 17, 18, 19, 20, 21, 22, 23, 24, 25, 26, 27, 28, 29, 30], "summary": {"covered_lines": 26, "num_statements": 26, "percent_covered": 100.0, "percent_covered_display": "100", "missing_lines": 0, "excluded_lines": 0, "percent_statements_covered": 100.0, "percent_statements_covered_display": "100", "num_branches": 16, "num_partial_branches": 0, "covered_branches": 16, "missing_branches": 0, "percent_branches_covered": 100.0, "percent_branches_covered_display": "100"}, "missing_lines": [], "excluded_lines": [], "executed_branches": [[9, 10], [9, 11], [11, 12], [11, 13], [14, 15], [14, 17], [15, 14], [15, 16], [17, 18], [17, 19], [22, 23], [22, 24], [24, 25], [24, 26], [26, 27], [26, 30]], "missing_branches": [], "functions": {"forecast_rejection": {"executed_lines": [8, 9, 10, 11, 12, 13, 14, 15, 16, 17, 18, 19, 20, 21, 22, 23, 24, 25, 26, 27, 28, 29, 30], "summary": {"covered_lines": 23, "num_statements": 23, "percent_covered": 100.0, "percent_covered_display": "100", "missing_lines": 0, "excluded_lines": 0, "percent_statements_covered": 100.0, "percent_statements_covered_display": "100", "num_branches": 16, "num_partial_branches": 0, "covered_branches": 16, "missing_branches": 0, "percent_branches_covered": 100.0, "percent_branches_covered_display": "100"}, "missing_lines": [], "excluded_lines": [], "start_line": 6, "executed_branches": [[9, 10], [9, 11], [11, 12], [11, 13], [14, 15], [14, 17], [15, 14], [15, 16], [17, 18], [17, 19], [22, 23], [22, 24], [24, 25], [24, 26], [26, 27], [26, 30]], "missing_branches": []}, "": {"executed_lines": [1, 3, 6], "summary": {"covered_lines": 3, "num_statements": 3, "percent_covered": 100.0, "percent_covered_display": "100", "missing_lines": 0, "excluded_lines": 0, "percent_statements_covered": 100.0, "percent_statements_covered_display": "100", "num_branches": 0, "num_partial_branches": 0, "covered_branches": 0, "missing_branches": 0, "percent_branches_covered": 100.0, "percent_branches_covered_display": "100"}, "missing_lines": [], "excluded_lines": [], "start_line": 1, "executed_branches": [], "missing_branches": []}}, "classes": {"": {"executed_lines": [1, 3, 6, 8, 9, 10, 11, 12, 13, 14, 15, 16, 17, 18, 19, 20, 21, 22, 23, 24, 25, 26, 27, 28, 29, 30], "summary": {"covered_lines": 26, "num_statements": 26, "percent_covered": 100.0, "percent_covered_display": "100", "missing_lines": 0, "excluded_lines": 0, "percent_statements_covered": 100.0, "percent_statements_covered_display": "100", "num_branches": 16, "num_partial_branches": 0, "covered_branches": 16, "missing_branches": 0, "percent_branches_covered": 100.0, "percent_branches_covered_display": "100"}, "missing_lines": [], "excluded_lines": [], "start_line": 1, "executed_branches": [[9, 10], [9, 11], [11, 12], [11, 13], [14, 15], [14, 17], [15, 14], [15, 16], [17, 18], [17, 19], [22, 23], [22, 24], [24, 25], [24, 26], [26, 27], [26, 30]], "missing_branches": []}}}, "services/scheduler/src/freechat_scheduler/group_reconciler.py": {"executed_lines": [3, 5, 6, 7, 8, 9, 11, 12, 14, 23, 24, 25, 33, 36, 37, 38, 39, 40, 41, 42, 45, 46, 55, 56, 57, 61, 63, 64, 66, 67, 69, 70, 71, 72, 73, 74, 75, 76, 78, 79, 80, 81, 82, 84, 86, 93, 95, 104, 105, 107, 108, 109, 110, 111, 113, 114, 115, 116, 118, 121, 130, 131, 132, 133, 134, 135, 141, 142, 143, 144, 148, 149, 150, 151, 152, 153, 154, 155, 156, 157, 158, 159, 160, 161, 163, 164, 165, 166, 167, 168, 189, 190, 194, 195, 196, 197, 206, 209, 212], "summary": {"covered_lines": 99, "num_statements": 100, "percent_covered": 98.4375, "percent_covered_display": "98", "missing_lines": 1, "excluded_lines": 0, "percent_statements_covered": 99.0, "percent_statements_covered_display": "99", "num_branches": 28, "num_partial_branches": 1, "covered_branches": 27, "missing_branches": 1, "percent_branches_covered": 96.42857142857143, "percent_branches_covered_display": "96"}, "missing_lines": [112], "excluded_lines": [], "executed_branches": [[73, 74], [73, 75], [111, 116], [131, 132], [131, 133], [133, 134], [133, 135], [144, 148], [144, 149], [149, 150], [149, 157], [150, 151], [150, 152], [157, 158], [157, 160], [158, -130], [158, 159], [160, -130], [160, 161], [165, 166], [165, 167], [168, 189], [168, 190], [190, 194], [190, 195], [197, -163], [197, 206]], "missing_branches": [[111, 112]], "functions": {"GroupReconciler.__init__": {"executed_lines": [55, 56, 57, 61], "summary": {"covered_lines": 4, "num_statements": 4, "percent_covered": 100.0, "percent_covered_display": "100", "missing_lines": 0, "excluded_lines": 0, "percent_statements_covered": 100.0, "percent_statements_covered_display": "100", "num_branches": 0, "num_partial_branches": 0, "covered_branches": 0, "missing_branches": 0, "percent_branches_covered": 100.0, "percent_branches_covered_display": "100"}, "missing_lines": [], "excluded_lines": [], "start_line": 46, "executed_branches": [], "missing_branches": []}, "GroupReconciler.snapshot": {"executed_lines": [64], "summary": {"covered_lines": 1, "num_statements": 1, "percent_covered": 100.0, "percent_covered_display": "100", "missing_lines": 0, "excluded_lines": 0, "percent_statements_covered": 100.0, "percent_statements_covered_display": "100", "num_branches": 0, "num_partial_branches": 0, "covered_branches": 0, "missing_branches": 0, "percent_branches_covered": 100.0, "percent_branches_covered_display": "100"}, "missing_lines": [], "excluded_lines": [], "start_line": 63, "executed_branches": [], "missing_branches": []}, "GroupReconciler.invalidate": {"executed_lines": [67], "summary": {"covered_lines": 1, "num_statements": 1, "percent_covered": 100.0, "percent_covered_display": "100", "missing_lines": 0, "excluded_lines": 0, "percent_statements_covered": 100.0, "percent_statements_covered_display": "100", "num_branches": 0, "num_partial_branches": 0, "covered_branches": 0, "missing_branches": 0, "percent_branches_covered": 100.0, "percent_branches_covered_display": "100"}, "missing_lines": [], "excluded_lines": [], "start_line": 66, "executed_branches": [], "missing_branches": []}, "GroupReconciler.tick": {"executed_lines": [70, 71, 72, 73, 74, 75, 76, 78, 86, 93, 95, 104, 105], "summary": {"covered_lines": 13, "num_statements": 13, "percent_covered": 100.0, "percent_covered_display": "100", "missing_lines": 0, "excluded_lines": 0, "percent_statements_covered": 100.0, "percent_statements_covered_display": "100", "num_branches": 2, "num_partial_branches": 0, "covered_branches": 2, "missing_branches": 0, "percent_branches_covered": 100.0, "percent_branches_covered_display": "100"}, "missing_lines": [], "excluded_lines": [], "start_line": 69, "executed_branches": [[73, 74], [73, 75]], "missing_branches": []}, "GroupReconciler.tick.observe": {"executed_lines": [79, 80, 81, 82, 84], "summary": {"covered_lines": 5, "num_statements": 5, "percent_covered": 100.0, "percent_covered_display": "100", "missing_lines": 0, "excluded_lines": 0, "percent_statements_covered": 100.0, "percent_statements_covered_display": "100", "num_branches": 0, "num_partial_branches": 0, "covered_branches": 0, "missing_branches": 0, "percent_branches_covered": 100.0, "percent_branches_covered_display": "100"}, "missing_lines": [], "excluded_lines": [], "start_line": 78, "executed_branches": [], "missing_branches": []}, "GroupReconciler.run": {"executed_lines": [108, 109, 110, 111, 113, 114, 115, 116], "summary": {"covered_lines": 8, "num_statements": 9, "percent_covered": 81.81818181818181, "percent_covered_display": "82", "missing_lines": 1, "excluded_lines": 0, "percent_statements_covered": 88.88888888888889, "percent_statements_covered_display": "89", "num_branches": 2, "num_partial_branches": 1, "covered_branches": 1, "missing_branches": 1, "percent_branches_covered": 50.0, "percent_branches_covered_display": "50"}, "missing_lines": [112], "excluded_lines": [], "start_line": 107, "executed_branches": [[111, 116]], "missing_branches": [[111, 112]]}, "GroupReconciler._transition": {"executed_lines": [121], "summary": {"covered_lines": 1, "num_statements": 1, "percent_covered": 100.0, "percent_covered_display": "100", "missing_lines": 0, "excluded_lines": 0, "percent_statements_covered": 100.0, "percent_statements_covered_display": "100", "num_branches": 0, "num_partial_branches": 0, "covered_branches": 0, "missing_branches": 0, "percent_branches_covered": 100.0, "percent_branches_covered_display": "100"}, "missing_lines": [], "excluded_lines": [], "start_line": 118, "executed_branches": [], "missing_branches": []}, "GroupReconciler._step": {"executed_lines": [131, 132, 133, 134, 135, 141, 142, 143, 144, 148, 149, 150, 151, 152, 153, 154, 155, 156, 157, 158, 159, 160, 161], "summary": {"covered_lines": 23, "num_statements": 23, "percent_covered": 100.0, "percent_covered_display": "100", "missing_lines": 0, "excluded_lines": 0, "percent_statements_covered": 100.0, "percent_statements_covered_display": "100", "num_branches": 16, "num_partial_branches": 0, "covered_branches": 16, "missing_branches": 0, "percent_branches_covered": 100.0, "percent_branches_covered_display": "100"}, "missing_lines": [], "excluded_lines": [], "start_line": 130, "executed_branches": [[131, 132], [131, 133], [133, 134], [133, 135], [144, 148], [144, 149], [149, 150], [149, 157], [150, 151], [150, 152], [157, 158], [157, 160], [158, -130], [158, 159], [160, -130], [160, 161]], "missing_branches": []}, "GroupReconciler._validate_ready": {"executed_lines": [164, 165, 166, 167, 168, 189, 190, 194, 195, 196, 197, 206], "summary": {"covered_lines": 12, "num_statements": 12, "percent_covered": 100.0, "percent_covered_display": "100", "missing_lines": 0, "excluded_lines": 0, "percent_statements_covered": 100.0, "percent_statements_covered_display": "100", "num_branches": 8, "num_partial_branches": 0, "covered_branches": 8, "missing_branches": 0, "percent_branches_covered": 100.0, "percent_branches_covered_display": "100"}, "missing_lines": [], "excluded_lines": [], "start_line": 163, "executed_branches": [[165, 166], [165, 167], [168, 189], [168, 190], [190, 194], [190, 195], [197, -163], [197, 206]], "missing_branches": []}, "configured_reconciler": {"executed_lines": [212], "summary": {"covered_lines": 1, "num_statements": 1, "percent_covered": 100.0, "percent_covered_display": "100", "missing_lines": 0, "excluded_lines": 0, "percent_statements_covered": 100.0, "percent_statements_covered_display": "100", "num_branches": 0, "num_partial_branches": 0, "covered_branches": 0, "missing_branches": 0, "percent_branches_covered": 100.0, "percent_branches_covered_display": "100"}, "missing_lines": [], "excluded_lines": [], "start_line": 209, "executed_branches": [], "missing_branches": []}, "": {"executed_lines": [3, 5, 6, 7, 8, 9, 11, 12, 14, 23, 24, 25, 33, 36, 37, 38, 39, 40, 41, 42, 45, 46, 63, 66, 69, 107, 118, 130, 163, 209], "summary": {"covered_lines": 30, "num_statements": 30, "percent_covered": 100.0, "percent_covered_display": "100", "missing_lines": 0, "excluded_lines": 0, "percent_statements_covered": 100.0, "percent_statements_covered_display": "100", "num_branches": 0, "num_partial_branches": 0, "covered_branches": 0, "missing_branches": 0, "percent_branches_covered": 100.0, "percent_branches_covered_display": "100"}, "missing_lines": [], "excluded_lines": [], "start_line": 1, "executed_branches": [], "missing_branches": []}}, "classes": {"GroupRuntimeConfig": {"executed_lines": [], "summary": {"covered_lines": 0, "num_statements": 0, "percent_covered": 100.0, "percent_covered_display": "100", "missing_lines": 0, "excluded_lines": 0, "percent_statements_covered": 100.0, "percent_statements_covered_display": "100", "num_branches": 0, "num_partial_branches": 0, "covered_branches": 0, "missing_branches": 0, "percent_branches_covered": 100.0, "percent_branches_covered_display": "100"}, "missing_lines": [], "excluded_lines": [], "start_line": 36, "executed_branches": [], "missing_branches": []}, "GroupReconciler": {"executed_lines": [55, 56, 57, 61, 64, 67, 70, 71, 72, 73, 74, 75, 76, 78, 79, 80, 81, 82, 84, 86, 93, 95, 104, 105, 108, 109, 110, 111, 113, 114, 115, 116, 121, 131, 132, 133, 134, 135, 141, 142, 143, 144, 148, 149, 150, 151, 152, 153, 154, 155, 156, 157, 158, 159, 160, 161, 164, 165, 166, 167, 168, 189, 190, 194, 195, 196, 197, 206], "summary": {"covered_lines": 68, "num_statements": 69, "percent_covered": 97.9381443298969, "percent_covered_display": "98", "missing_lines": 1, "excluded_lines": 0, "percent_statements_covered": 98.55072463768116, "percent_statements_covered_display": "99", "num_branches": 28, "num_partial_branches": 1, "covered_branches": 27, "missing_branches": 1, "percent_branches_covered": 96.42857142857143, "percent_branches_covered_display": "96"}, "missing_lines": [112], "excluded_lines": [], "start_line": 45, "executed_branches": [[73, 74], [73, 75], [111, 116], [131, 132], [131, 133], [133, 134], [133, 135], [144, 148], [144, 149], [149, 150], [149, 157], [150, 151], [150, 152], [157, 158], [157, 160], [158, -130], [158, 159], [160, -130], [160, 161], [165, 166], [165, 167], [168, 189], [168, 190], [190, 194], [190, 195], [197, -163], [197, 206]], "missing_branches": [[111, 112]]}, "": {"executed_lines": [3, 5, 6, 7, 8, 9, 11, 12, 14, 23, 24, 25, 33, 36, 37, 38, 39, 40, 41, 42, 45, 46, 63, 66, 69, 107, 118, 130, 163, 209, 212], "summary": {"covered_lines": 31, "num_statements": 31, "percent_covered": 100.0, "percent_covered_display": "100", "missing_lines": 0, "excluded_lines": 0, "percent_statements_covered": 100.0, "percent_statements_covered_display": "100", "num_branches": 0, "num_partial_branches": 0, "covered_branches": 0, "missing_branches": 0, "percent_branches_covered": 100.0, "percent_branches_covered_display": "100"}, "missing_lines": [], "excluded_lines": [], "start_line": 1, "executed_branches": [], "missing_branches": []}}}, "services/scheduler/src/freechat_scheduler/group_runtime.py": {"executed_lines": [3, 5, 6, 7, 8, 9, 10, 11, 12, 14, 15, 16, 17, 18, 20, 23, 24, 25, 26, 27, 30, 31, 32, 33, 34, 35, 38, 39, 40, 41, 42, 43, 44, 45, 46, 48, 49, 50, 52, 53, 54, 63, 66, 67, 68, 69, 72, 73, 74, 75, 76, 77, 78, 79, 80, 81, 83, 84, 85, 86, 88, 89, 101, 104, 105, 110, 111, 112, 113, 116, 119, 120, 122, 123, 124, 125, 126, 127, 128, 133, 134, 135, 138, 141, 150, 151, 152, 153, 154, 155, 157, 160, 161, 162, 167, 168, 174, 175, 176, 177, 178, 189, 190, 191, 192, 193, 197, 198, 202, 203, 206, 207, 208, 213, 214, 215, 219, 220, 224, 225, 236, 239, 241, 244, 245, 246, 247, 248, 249, 250, 251, 252, 257, 258, 259, 260, 262, 265, 266, 267, 268, 269, 270, 271, 272, 275, 276, 277], "summary": {"covered_lines": 148, "num_statements": 149, "percent_covered": 99.4475138121547, "percent_covered_display": "99", "missing_lines": 1, "excluded_lines": 3, "percent_statements_covered": 99.32885906040268, "percent_statements_covered_display": "99", "num_branches": 32, "num_partial_branches": 0, "covered_branches": 32, "missing_branches": 0, "percent_branches_covered": 100.0, "percent_branches_covered_display": "100"}, "missing_lines": [261], "excluded_lines": [107, 108, 109], "executed_branches": [[89, -88], [89, 101], [124, 125], [124, 126], [150, 151], [150, 152], [174, 175], [174, 192], [175, 176], [175, 177], [177, 178], [177, 190], [178, 189], [178, 192], [190, 191], [190, 192], [192, 193], [192, 206], [193, 197], [193, 198], [198, 202], [198, 203], [215, 219], [215, 220], [220, 224], [220, 225], [244, 245], [244, 246], [248, 249], [248, 250], [252, 257], [252, 258]], "missing_branches": [], "functions": {"GroupCommand.identity": {"executed_lines": [49, 50], "summary": {"covered_lines": 2, "num_statements": 2, "percent_covered": 100.0, "percent_covered_display": "100", "missing_lines": 0, "excluded_lines": 0, "percent_statements_covered": 100.0, "percent_statements_covered_display": "100", "num_branches": 0, "num_partial_branches": 0, "covered_branches": 0, "missing_branches": 0, "percent_branches_covered": 100.0, "percent_branches_covered_display": "100"}, "missing_lines": [], "excluded_lines": [], "start_line": 48, "executed_branches": [], "missing_branches": []}, "GroupCommand.for_lease": {"executed_lines": [54, 63], "summary": {"covered_lines": 2, "num_statements": 2, "percent_covered": 100.0, "percent_covered_display": "100", "missing_lines": 0, "excluded_lines": 0, "percent_statements_covered": 100.0, "percent_statements_covered_display": "100", "num_branches": 0, "num_partial_branches": 0, "covered_branches": 0, "missing_branches": 0, "percent_branches_covered": 100.0, "percent_branches_covered_display": "100"}, "missing_lines": [], "excluded_lines": [], "start_line": 53, "executed_branches": [], "missing_branches": []}, "GroupReceipt.validate_envelope": {"executed_lines": [89, 101], "summary": {"covered_lines": 2, "num_statements": 2, "percent_covered": 100.0, "percent_covered_display": "100", "missing_lines": 0, "excluded_lines": 0, "percent_statements_covered": 100.0, "percent_statements_covered_display": "100", "num_branches": 2, "num_partial_branches": 0, "covered_branches": 2, "missing_branches": 0, "percent_branches_covered": 100.0, "percent_branches_covered_display": "100"}, "missing_lines": [], "excluded_lines": [], "start_line": 88, "executed_branches": [[89, -88], [89, 101]], "missing_branches": []}, "GroupDriver.apply": {"executed_lines": [], "summary": {"covered_lines": 0, "num_statements": 0, "percent_covered": 100.0, "percent_covered_display": "100", "missing_lines": 0, "excluded_lines": 1, "percent_statements_covered": 100.0, "percent_statements_covered_display": "100", "num_branches": 0, "num_partial_branches": 0, "covered_branches": 0, "missing_branches": 0, "percent_branches_covered": 100.0, "percent_branches_covered_display": "100"}, "missing_lines": [], "excluded_lines": [107], "start_line": 105, "executed_branches": [], "missing_branches": []}, "LocalGrpcGroupDriver.__init__": {"executed_lines": [120], "summary": {"covered_lines": 1, "num_statements": 1, "percent_covered": 100.0, "percent_covered_display": "100", "missing_lines": 0, "excluded_lines": 0, "percent_statements_covered": 100.0, "percent_statements_covered_display": "100", "num_branches": 0, "num_partial_branches": 0, "covered_branches": 0, "missing_branches": 0, "percent_branches_covered": 100.0, "percent_branches_covered_display": "100"}, "missing_lines": [], "excluded_lines": [], "start_line": 119, "executed_branches": [], "missing_branches": []}, "LocalGrpcGroupDriver.apply": {"executed_lines": [123, 124, 125, 126, 127, 128, 133, 134, 135], "summary": {"covered_lines": 9, "num_statements": 9, "percent_covered": 100.0, "percent_covered_display": "100", "missing_lines": 0, "excluded_lines": 0, "percent_statements_covered": 100.0, "percent_statements_covered_display": "100", "num_branches": 2, "num_partial_branches": 0, "covered_branches": 2, "missing_branches": 0, "percent_branches_covered": 100.0, "percent_branches_covered_display": "100"}, "missing_lines": [], "excluded_lines": [], "start_line": 122, "executed_branches": [[124, 125], [124, 126]], "missing_branches": []}, "LocalGroupRuntimeService.__init__": {"executed_lines": [150, 151, 152, 153, 154, 155], "summary": {"covered_lines": 6, "num_statements": 6, "percent_covered": 100.0, "percent_covered_display": "100", "missing_lines": 0, "excluded_lines": 0, "percent_statements_covered": 100.0, "percent_statements_covered_display": "100", "num_branches": 2, "num_partial_branches": 0, "covered_branches": 2, "missing_branches": 0, "percent_branches_covered": 100.0, "percent_branches_covered_display": "100"}, "missing_lines": [], "excluded_lines": [], "start_line": 141, "executed_branches": [[150, 151], [150, 152]], "missing_branches": []}, "LocalGroupRuntimeService._apply_fenced": {"executed_lines": [160, 161, 162, 167, 168, 174, 175, 176, 177, 178, 189, 190, 191, 192, 193, 197, 198, 202, 203, 206, 207, 208, 213, 214, 215, 219, 220, 224, 225, 236, 239], "summary": {"covered_lines": 31, "num_statements": 31, "percent_covered": 100.0, "percent_covered_display": "100", "missing_lines": 0, "excluded_lines": 0, "percent_statements_covered": 100.0, "percent_statements_covered_display": "100", "num_branches": 20, "num_partial_branches": 0, "covered_branches": 20, "missing_branches": 0, "percent_branches_covered": 100.0, "percent_branches_covered_display": "100"}, "missing_lines": [], "excluded_lines": [], "start_line": 157, "executed_branches": [[174, 175], [174, 192], [175, 176], [175, 177], [177, 178], [177, 190], [178, 189], [178, 192], [190, 191], [190, 192], [192, 1
[...]
 [160, 162], [162, 163], [162, 167], [168, 169], [168, 173], [173, 178], [179, 180], [179, 181], [184, 190], [192, 193], [192, 198], [198, 199], [198, 204], [206, 212], [213, 214], [213, 215], [216, 217], [216, 226], [227, 232]], "missing_branches": [[173, 174], [184, 185], [206, 211], [227, 228]]}, "Scheduler._order_workers": {"executed_lines": [261, 262, 263, 264, 265, 266, 270, 271, 279, 280, 292], "summary": {"covered_lines": 11, "num_statements": 11, "percent_covered": 100.0, "percent_covered_display": "100", "missing_lines": 0, "excluded_lines": 0, "percent_statements_covered": 100.0, "percent_statements_covered_display": "100", "num_branches": 6, "num_partial_branches": 0, "covered_branches": 6, "missing_branches": 0, "percent_branches_covered": 100.0, "percent_branches_covered_display": "100"}, "missing_lines": [], "excluded_lines": [], "start_line": 255, "executed_branches": [[261, 262], [261, 266], [270, 271], [270, 279], [279, 280], [279, 292]], "missing_branches": []}, "Scheduler._hard_filter": {"executed_lines": [303, 304, 305, 306, 307, 310, 311, 312, 313, 315, 316, 317, 319, 320, 323, 324, 328, 329, 330, 332, 333, 337, 338, 339, 340, 341, 342, 343, 356, 357, 359, 360, 361, 362, 363, 364, 365, 370, 371, 374, 375, 376, 377, 378, 380], "summary": {"covered_lines": 45, "num_statements": 52, "percent_covered": 85.55555555555556, "percent_covered_display": "86", "missing_lines": 7, "excluded_lines": 0, "percent_statements_covered": 86.53846153846153, "percent_statements_covered_display": "87", "num_branches": 38, "num_partial_branches": 6, "covered_branches": 32, "missing_branches": 6, "percent_branches_covered": 84.21052631578948, "percent_branches_covered_display": "84"}, "missing_lines": [308, 314, 318, 321, 322, 358, 379], "excluded_lines": [], "start_line": 297, "executed_branches": [[307, 310], [311, 312], [311, 313], [313, 315], [315, 316], [315, 317], [317, 319], [320, 323], [328, 329], [328, 357], [329, 330], [329, 332], [333, 337], [333, 338], [339, 340], [339, 341], [341, 342], [341, 343], [343, 356], [343, 357], [357, 359], [361, 362], [361, 363], [363, 364], [363, 365], [365, 370], [365, 371], [371, 374], [371, 375], [376, 377], [376, 378], [378, 380]], "missing_branches": [[307, 308], [313, 314], [317, 318], [320, 321], [357, 358], [378, 379]]}, "Scheduler._cost": {"executed_lines": [389, 390, 391, 392, 393, 408, 409, 424, 425, 426, 427, 428, 429, 432, 433, 434, 435, 436, 437, 440, 441, 442, 452, 453, 454, 459, 460, 462, 463, 467], "summary": {"covered_lines": 30, "num_statements": 33, "percent_covered": 88.88888888888889, "percent_covered_display": "89", "missing_lines": 3, "excluded_lines": 0, "percent_statements_covered": 90.9090909090909, "percent_statements_covered_display": "91", "num_branches": 12, "num_partial_branches": 2, "covered_branches": 10, "missing_branches": 2, "percent_branches_covered": 83.33333333333333, "percent_branches_covered_display": "83"}, "missing_lines": [438, 439, 461], "excluded_lines": [], "start_line": 382, "executed_branches": [[392, 393], [392, 408], [408, 409], [408, 424], [437, 440], [441, 442], [441, 452], [453, 454], [453, 463], [460, 462]], "missing_branches": [[437, 438], [460, 461]]}, "_sort_key": {"executed_lines": [485], "summary": {"covered_lines": 1, "num_statements": 1, "percent_covered": 100.0, "percent_covered_display": "100", "missing_lines": 0, "excluded_lines": 0, "percent_statements_covered": 100.0, "percent_statements_covered_display": "100", "num_branches": 0, "num_partial_branches": 0, "covered_branches": 0, "missing_branches": 0, "percent_branches_covered": 100.0, "percent_branches_covered_display": "100"}, "missing_lines": [], "excluded_lines": [], "start_line": 484, "executed_branches": [], "missing_branches": []}, "": {"executed_lines": [1, 3, 4, 5, 6, 8, 17, 18, 19, 20, 21, 24, 25, 30, 31, 32, 33, 34, 35, 38, 39, 40, 41, 42, 43, 44, 45, 46, 47, 48, 51, 52, 66, 152, 255, 297, 382, 484], "summary": {"covered_lines": 38, "num_statements": 38, "percent_covered": 100.0, "percent_covered_display": "100", "missing_lines": 0, "excluded_lines": 0, "percent_statements_covered": 100.0, "percent_statements_covered_display": "100", "num_branches": 0, "num_partial_branches": 0, "covered_branches": 0, "missing_branches": 0, "percent_branches_covered": 100.0, "percent_branches_covered_display": "100"}, "missing_lines": [], "excluded_lines": [], "start_line": 1, "executed_branches": [], "missing_branches": []}}, "classes": {"NoEligibleWorker": {"executed_lines": [26, 27], "summary": {"covered_lines": 2, "num_statements": 2, "percent_covered": 100.0, "percent_covered_display": "100", "missing_lines": 0, "excluded_lines": 0, "percent_statements_covered": 100.0, "percent_statements_covered_display": "100", "num_branches": 0, "num_partial_branches": 0, "covered_branches": 0, "missing_branches": 0, "percent_branches_covered": 100.0, "percent_branches_covered_display": "100"}, "missing_lines": [], "excluded_lines": [], "start_line": 24, "executed_branches": [], "missing_branches": []}, "RoutingStrategy": {"executed_lines": [], "summary": {"covered_lines": 0, "num_statements": 0, "percent_covered": 100.0, "percent_covered_display": "100", "missing_lines": 0, "excluded_lines": 0, "percent_statements_covered": 100.0, "percent_statements_covered_display": "100", "num_branches": 0, "num_partial_branches": 0, "covered_branches": 0, "missing_branches": 0, "percent_branches_covered": 100.0, "percent_branches_covered_display": "100"}, "missing_lines": [], "excluded_lines": [], "start_line": 30, "executed_branches": [], "missing_branches": []}, "CostWeights": {"executed_lines": [], "summary": {"covered_lines": 0, "num_statements": 0, "percent_covered": 100.0, "percent_covered_display": "100", "missing_lines": 0, "excluded_lines": 0, "percent_statements_covered": 100.0, "percent_statements_covered_display": "100", "num_branches": 0, "num_partial_branches": 0, "covered_branches": 0, "missing_branches": 0, "percent_branches_covered": 100.0, "percent_branches_covered_display": "100"}, "missing_lines": [], "excluded_lines": [], "start_line": 39, "executed_branches": [], "missing_branches": []}, "Scheduler": {"executed_lines": [60, 61, 62, 63, 64, 72, 73, 74, 95, 96, 97, 98, 99, 100, 101, 103, 105, 106, 108, 116, 117, 118, 119, 124, 127, 131, 157, 160, 161, 162, 163, 167, 168, 169, 173, 178, 179, 180, 181, 184, 190, 191, 192, 193, 198, 199, 204, 205, 206, 212, 213, 214, 215, 216, 217, 218, 221, 222, 226, 227, 232, 233, 234, 235, 236, 237, 238, 239, 240, 241, 261, 262, 263, 264, 265, 266, 270, 271, 279, 280, 292, 303, 304, 305, 306, 307, 310, 311, 312, 313, 315, 316, 317, 319, 320, 323, 324, 328, 329, 330, 332, 333, 337, 338, 339, 340, 341, 342, 343, 356, 357, 359, 360, 361, 362, 363, 364, 365, 370, 371, 374, 375, 376, 377, 378, 380, 389, 390, 391, 392, 393, 408, 409, 424, 425, 426, 427, 428, 429, 432, 433, 434, 435, 436, 437, 440, 441, 442, 452, 453, 454, 459, 460, 462, 463, 467], "summary": {"covered_lines": 156, "num_statements": 170, "percent_covered": 89.92248062015504, "percent_covered_display": "90", "missing_lines": 14, "excluded_lines": 0, "percent_statements_covered": 91.76470588235294, "percent_statements_covered_display": "92", "num_branches": 88, "num_partial_branches": 12, "covered_branches": 76, "missing_branches": 12, "percent_branches_covered": 86.36363636363636, "percent_branches_covered_display": "86"}, "missing_lines": [174, 185, 211, 228, 308, 314, 318, 321, 322, 358, 379, 438, 439, 461], "excluded_lines": [], "start_line": 51, "executed_branches": [[73, 74], [73, 95], [98, 99], [98, 105], [100, 101], [100, 103], [105, 106], [105, 108], [160, 161], [160, 162], [162, 163], [162, 167], [168, 169], [168, 173], [173, 178], [179, 180], [179, 181], [184, 190], [192, 193], [192, 198], [198, 199], [198, 204], [206, 212], [213, 214], [213, 215], [216, 217], [216, 226], [227, 232], [261, 262], [261, 266], [270, 271], [270, 279], [279, 280], [279, 292], [307, 310], [311, 312], [311, 313], [313, 315], [315, 316], [315, 317], [317, 319], [320, 323], [328, 329], [328, 357], [329, 330], [329, 332], [333, 337], [333, 338], [339, 340], [339, 341], [341, 342], [341, 343], [343, 356], [343, 357], [357, 359], [361, 362], [361, 363], [363, 364], [363, 365], [365, 370], [365, 371], [371, 374], [371, 375], [376, 377], [376, 378], [378, 380], [392, 393], [392, 408], [408, 409], [408, 424], [437, 440], [441, 442], [441, 452], [453, 454], [453, 463], [460, 462]], "missing_branches": [[173, 174], [184, 185], [206, 211], [227, 228], [307, 308], [313, 314], [317, 318], [320, 321], [357, 358], [378, 379], [437, 438], [460, 461]]}, "": {"executed_lines": [1, 3, 4, 5, 6, 8, 17, 18, 19, 20, 21, 24, 25, 30, 31, 32, 33, 34, 35, 38, 39, 40, 41, 42, 43, 44, 45, 46, 47, 48, 51, 52, 66, 152, 255, 297, 382, 484, 485], "summary": {"covered_lines": 39, "num_statements": 39, "percent_covered": 100.0, "percent_covered_display": "100", "missing_lines": 0, "excluded_lines": 0, "percent_statements_covered": 100.0, "percent_statements_covered_display": "100", "num_branches": 0, "num_partial_branches": 0, "covered_branches": 0, "missing_branches": 0, "percent_branches_covered": 100.0, "percent_branches_covered_display": "100"}, "missing_lines": [], "excluded_lines": [], "start_line": 1, "executed_branches": [], "missing_branches": []}}}, "services/trace-replay/src/freechat_trace_replay/bus.py": {"executed_lines": [1, 3, 4, 6, 7, 8, 9, 10, 12, 14, 17, 27, 28, 29, 31, 32, 33, 42, 45, 52, 54, 55, 56, 58, 59, 60, 61, 62, 63, 64, 65, 67, 68, 69, 71, 72, 73, 74, 75, 76, 77, 80, 81, 84, 85, 87, 88, 91, 106, 107, 108, 109, 112, 113, 114, 115], "summary": {"covered_lines": 56, "num_statements": 66, "percent_covered": 84.72222222222223, "percent_covered_display": "85", "missing_lines": 10, "excluded_lines": 9, "percent_statements_covered": 84.84848484848484, "percent_statements_covered_display": "85", "num_branches": 6, "num_partial_branches": 1, "covered_branches": 5, "missing_branches": 1, "percent_branches_covered": 83.33333333333333, "percent_branches_covered_display": "83"}, "missing_lines": [66, 78, 79, 92, 93, 94, 95, 96, 97, 103], "excluded_lines": [18, 19, 20, 21, 22, 23, 24, 25, 26], "executed_branches": [[65, 67], [73, 74], [73, 81], [113, 114], [113, 115]], "missing_branches": [[65, 66]], "functions": {"JetStreamContext.publish": {"executed_lines": [], "summary": {"covered_lines": 0, "num_statements": 0, "percent_covered": 100.0, "percent_covered_display": "100", "missing_lines": 0, "excluded_lines": 1, "percent_statements_covered": 100.0, "percent_statements_covered_display": "100", "num_branches": 0, "num_partial_branches": 0, "covered_branches": 0, "missing_branches": 0, "percent_branches_covered": 100.0, "percent_branches_covered_display": "100"}, "missing_lines": [], "excluded_lines": [24], "start_line": 18, "executed_branches": [], "missing_branches": []}, "LifecyclePublisher.__init__": {"executed_lines": [29], "summary": {"covered_lines": 1, "num_statements": 1, "percent_covered": 100.0, "percent_covered_display": "100", "missing_lines": 0, "excluded_lines": 0, "percent_statements_covered": 100.0, "percent_statements_covered_display": "100", "num_branches": 0, "num_partial_branches": 0, "covered_branches": 0, "missing_branches": 0, "percent_branches_covered": 100.0, "percent_branches_covered_display": "100"}, "missing_lines": [], "excluded_lines": [], "start_line": 28, "executed_branches": [], "missing_branches": []}, "LifecyclePublisher.publish": {"executed_lines": [32, 33, 42], "summary": {"covered_lines": 3, "num_statements": 3, "percent_covered": 100.0, "percent_covered_display": "100", "missing_lines": 0, "excluded_lines": 0, "percent_statements_covered": 100.0, "percent_statements_covered_display": "100", "num_branches": 0, "num_partial_branches": 0, "covered_branches": 0, "missing_branches": 0, "percent_branches_covered": 100.0, "percent_branches_covered_display": "100"}, "missing_lines": [], "excluded_lines": [], "start_line": 31, "executed_branches": [], "missing_branches": []}, "DurableLifecycleEmitter.__init__": {"executed_lines": [55, 56], "summary": {"covered_lines": 2, "num_statements": 2, "percent_covered": 100.0, "percent_covered_display": "100", "missing_lines": 0, "excluded_lines": 0, "percent_statements_covered": 100.0, "percent_statements_covered_display": "100", "num_branches": 0, "num_partial_branches": 0, "covered_branches": 0, "missing_branches": 0, "percent_branches_covered": 100.0, "percent_branches_covered_display": "100"}, "missing_lines": [], "excluded_lines": [], "start_line": 54, "executed_branches": [], "missing_branches": []}, "DurableLifecycleEmitter.emit": {"executed_lines": [59, 60, 61, 62, 63, 64, 65, 67, 68, 69], "summary": {"covered_lines": 10, "num_statements": 11, "percent_covered": 84.61538461538461, "percent_covered_display": "85", "missing_lines": 1, "excluded_lines": 0, "percent_statements_covered": 90.9090909090909, "percent_statements_covered_display": "91", "num_branches": 2, "num_partial_branches": 1, "covered_branches": 1, "missing_branches": 1, "percent_branches_covered": 50.0, "percent_branches_covered_display": "50"}, "missing_lines": [66], "excluded_lines": [], "start_line": 58, "executed_branches": [[65, 67]], "missing_branches": [[65, 66]]}, "DurableLifecycleEmitter.replay": {"executed_lines": [72, 73, 74, 75, 76, 77, 80, 81], "summary": {"covered_lines": 8, "num_statements": 10, "percent_covered": 83.33333333333333, "percent_covered_display": "83", "missing_lines": 2, "excluded_lines": 0, "percent_statements_covered": 80.0, "percent_statements_covered_display": "80", "num_branches": 2, "num_partial_branches": 0, "covered_branches": 2, "missing_branches": 0, "percent_branches_covered": 100.0, "percent_branches_covered_display": "100"}, "missing_lines": [78, 79], "excluded_lines": [], "start_line": 71, "executed_branches": [[73, 74], [73, 81]], "missing_branches": []}, "connect_lifecycle_stream": {"executed_lines": [], "summary": {"covered_lines": 0, "num_statements": 7, "percent_covered": 0.0, "percent_covered_display": "0", "missing_lines": 7, "excluded_lines": 0, "percent_statements_covered": 0.0, "percent_statements_covered_display": "0", "num_branches": 0, "num_partial_branches": 0, "covered_branches": 0, "missing_branches": 0, "percent_branches_covered": 100.0, "percent_branches_covered_display": "100"}, "missing_lines": [92, 93, 94, 95, 96, 97, 103], "excluded_lines": [], "start_line": 91, "executed_branches": [], "missing_branches": []}, "lifecycle_subject": {"executed_lines": [107, 108, 109], "summary": {"covered_lines": 3, "num_statements": 3, "percent_covered": 100.0, "percent_covered_display": "100", "missing_lines": 0, "excluded_lines": 0, "percent_statements_covered": 100.0, "percent_statements_covered_display": "100", "num_branches": 0, "num_partial_branches": 0, "covered_branches": 0, "missing_branches": 0, "percent_branches_covered": 100.0, "percent_branches_covered_display": "100"}, "missing_lines": [], "excluded_lines": [], "start_line": 106, "executed_branches": [], "missing_branches": []}, "_safe_segment": {"executed_lines": [113, 114, 115], "summary": {"covered_lines": 3, "num_statements": 3, "percent_covered": 100.0, "percent_covered_display": "100", "missing_lines": 0, "excluded_lines": 0, "percent_statements_covered": 100.0, "percent_statements_covered_display": "100", "num_branches": 2, "num_partial_branches": 0, "covered_branches": 2, "missing_branches": 0, "percent_branches_covered": 100.0, "percent_branches_covered_display": "100"}, "missing_lines": [], "excluded_lines": [], "start_line": 112, "executed_branches": [[113, 114], [113, 115]], "missing_branches": []}, "": {"executed_lines": [1, 3, 4, 6, 7, 8, 9, 10, 12, 14, 17, 27, 28, 31, 45, 52, 54, 58, 71, 84, 85, 87, 88, 91, 106, 112], "summary": {"covered_lines": 26, "num_statements": 26, "percent_covered": 100.0, "percent_covered_display": "100", "missing_lines": 0, "excluded_lines": 8, "percent_statements_covered": 100.0, "percent_statements_covered_display": "100", "num_branches": 0, "num_partial_branches": 0, "covered_branches": 0, "missing_branches": 0, "percent_branches_covered": 100.0, "percent_branches_covered_display": "100"}, "missing_lines": [], "excluded_lines": [18, 19, 20, 21, 22, 23, 25, 26], "start_line": 1, "executed_branches": [], "missing_branches": []}}, "classes": {"JetStreamContext": {"executed_lines": [], "summary": {"covered_lines": 0, "num_statements": 0, "percent_covered": 100.0, "percent_covered_display": "100", "missing_lines": 0, "excluded_lines": 1, "percent_statements_covered": 100.0, "percent_statements_covered_display": "100", "num_branches": 0, "num_partial_branches": 0, "covered_branches": 0, "missing_branches": 0, "percent_branches_covered": 100.0, "percent_branches_covered_display": "100"}, "missing_lines": [], "excluded_lines": [24], "start_line": 17, "executed_branches": [], "missing_branches": []}, "LifecyclePublisher": {"executed_lines": [29, 32, 33, 42], "summary": {"covered_lines": 4, "num_statements": 4, "percent_covered": 100.0, "percent_covered_display": "100", "missing_lines": 0, "excluded_lines": 0, "percent_statements_covered": 100.0, "percent_statements_covered_display": "100", "num_branches": 0, "num_partial_branches": 0, "covered_branches": 0, "missing_branches": 0, "percent_branches_covered": 100.0, "percent_branches_covered_display": "100"}, "missing_lines": [], "excluded_lines": [], "start_line": 27, "executed_branches": [], "missing_branches": []}, "DurableLifecycleEmitter": {"executed_lines": [55, 56, 59, 60, 61, 62, 63, 64, 65, 67, 68, 69, 72, 73, 74, 75, 76, 77, 80, 81], "summary": {"covered_lines": 20, "num_statements": 23, "percent_covered": 85.18518518518519, "percent_covered_display": "85", "missing_lines": 3, "excluded_lines": 0, "percent_statements_covered": 86.95652173913044, "percent_statements_covered_display": "87", "num_branches": 4, "num_partial_branches": 1, "covered_branches": 3, "missing_branches": 1, "percent_branches_covered": 75.0, "percent_branches_covered_display": "75"}, "missing_lines": [66, 78, 79], "excluded_lines": [], "start_line": 45, "executed_branches": [[65, 67], [73, 74], [73, 81]], "missing_branches": [[65, 66]]}, "_OutboxRecord": {"executed_lines": [], "summary": {"covered_lines": 0, "num_statements": 0, "percent_covered": 100.0, "percent_covered_display": "100", "missing_lines": 0, "excluded_lines": 0, "percent_statements_covered": 100.0, "percent_statements_covered_display": "100", "num_branches": 0, "num_partial_branches": 0, "covered_branches": 0, "missing_branches": 0, "percent_branches_covered": 100.0, "percent_branches_covered_display": "100"}, "missing_lines": [], "excluded_lines": [], "start_line": 84, "executed_branches": [], "missing_branches": []}, "": {"executed_lines": [1, 3, 4, 6, 7, 8, 9, 10, 12, 14, 17, 27, 28, 31, 45, 52, 54, 58, 71, 84, 85, 87, 88, 91, 106, 107, 108, 109, 112, 113, 114, 115], "summary": {"covered_lines": 32, "num_statements": 39, "percent_covered": 82.92682926829268, "percent_covered_display": "83", "missing_lines": 7, "excluded_lines": 8, "percent_statements_covered": 82.05128205128206, "percent_statements_covered_display": "82", "num_branches": 2, "num_partial_branches": 0, "covered_branches": 2, "missing_branches": 0, "percent_branches_covered": 100.0, "percent_branches_covered_display": "100"}, "missing_lines": [92, 93, 94, 95, 96, 97, 103], "excluded_lines": [18, 19, 20, 21, 22, 23, 25, 26], "start_line": 1, "executed_branches": [[113, 114], [113, 115]], "missing_branches": []}}}}, "totals": {"covered_lines": 1754, "num_statements": 1953, "percent_covered": 89.31572629051621, "percent_covered_display": "89", "missing_lines": 199, "excluded_lines": 29, "percent_statements_covered": 89.810547875064, "percent_statements_covered_display": "90", "num_branches": 546, "num_partial_branches": 48, "covered_branches": 478, "missing_branches": 68, "percent_branches_covered": 87.54578754578755, "percent_branches_covered_display": "88"}}