{"meta": {"format": 3, "version": "7.16.0", "timestamp": "2026-09-20T11:29:55.833890", "branch_coverage": true, "show_contexts": false}, "files": {"libs/contracts/src/freechat_contracts/execution.py": {"executed_lines": [3, 5, 6, 7, 8, 10, 13, 14, 15, 18, 19, 20, 21, 22, 23, 26, 33, 34, 35, 36, 37, 38, 39, 40, 41, 43, 44, 45, 50, 51, 52, 53, 54, 55, 56, 58, 60, 61, 62], "summary": {"covered_lines": 39, "num_statements": 39, "percent_covered": 100.0, "percent_covered_display": "100", "missing_lines": 0, "excluded_lines": 0, "percent_statements_covered": 100.0, "percent_statements_covered_display": "100", "num_branches": 0, "num_partial_branches": 0, "covered_branches": 0, "missing_branches": 0, "percent_branches_covered": 100.0, "percent_branches_covered_display": "100"}, "missing_lines": [], "excluded_lines": [], "executed_branches": [], "missing_branches": [], "functions": {"ExecutionCommand.operation_id": {"executed_lines": [45], "summary": {"covered_lines": 1, "num_statements": 1, "percent_covered": 100.0, "percent_covered_display": "100", "missing_lines": 0, "excluded_lines": 0, "percent_statements_covered": 100.0, "percent_statements_covered_display": "100", "num_branches": 0, "num_partial_branches": 0, "covered_branches": 0, "missing_branches": 0, "percent_branches_covered": 100.0, "percent_branches_covered_display": "100"}, "missing_lines": [], "excluded_lines": [], "start_line": 44, "executed_branches": [], "missing_branches": []}, "ExecutionReceipt.releasable": {"executed_lines": [62], "summary": {"covered_lines": 1, "num_statements": 1, "percent_covered": 100.0, "percent_covered_display": "100", "missing_lines": 0, "excluded_lines": 0, "percent_statements_covered": 100.0, "percent_statements_covered_display": "100", "num_branches": 0, "num_partial_branches": 0, "covered_branches": 0, "missing_branches": 0, "percent_branches_covered": 100.0, "percent_branches_covered_display": "100"}, "missing_lines": [], "excluded_lines": [], "start_line": 61, "executed_branches": [], "missing_branches": []}, "": {"executed_lines": [3, 5, 6, 7, 8, 10, 13, 14, 15, 18, 19, 20, 21, 22, 23, 26, 33, 34, 35, 36, 37, 38, 39, 40, 41, 43, 44, 50, 51, 52, 53, 54, 55, 56, 58, 60, 61], "summary": {"covered_lines": 37, "num_statements": 37, "percent_covered": 100.0, "percent_covered_display": "100", "missing_lines": 0, "excluded_lines": 0, "percent_statements_covered": 100.0, "percent_statements_covered_display": "100", "num_branches": 0, "num_partial_branches": 0, "covered_branches": 0, "missing_branches": 0, "percent_branches_covered": 100.0, "percent_branches_covered_display": "100"}, "missing_lines": [], "excluded_lines": [], "start_line": 1, "executed_branches": [], "missing_branches": []}}, "classes": {"ExecutionAction": {"executed_lines": [], "summary": {"covered_lines": 0, "num_statements": 0, "percent_covered": 100.0, "percent_covered_display": "100", "missing_lines": 0, "excluded_lines": 0, "percent_statements_covered": 100.0, "percent_statements_covered_display": "100", "num_branches": 0, "num_partial_branches": 0, "covered_branches": 0, "missing_branches": 0, "percent_branches_covered": 100.0, "percent_branches_covered_display": "100"}, "missing_lines": [], "excluded_lines": [], "start_line": 13, "executed_branches": [], "missing_branches": []}, "ExecutionStatus": {"executed_lines": [], "summary": {"covered_lines": 0, "num_statements": 0, "percent_covered": 100.0, "percent_covered_display": "100", "missing_lines": 0, "excluded_lines": 0, "percent_statements_covered": 100.0, "percent_statements_covered_display": "100", "num_branches": 0, "num_partial_branches": 0, "covered_branches": 0, "missing_branches": 0, "percent_branches_covered": 100.0, "percent_branches_covered_display": "100"}, "missing_lines": [], "excluded_lines": [], "start_line": 18, "executed_branches": [], "missing_branches": []}, "ExecutionCommand": {"executed_lines": [45], "summary": {"covered_lines": 1, "num_statements": 1, "percent_covered": 100.0, "percent_covered_display": "100", "missing_lines": 0, "excluded_lines": 0, "percent_statements_covered": 100.0, "percent_statements_covered_display": "100", "num_branches": 0, "num_partial_branches": 0, "covered_branches": 0, "missing_branches": 0, "percent_branches_covered": 100.0, "percent_branches_covered_display": "100"}, "missing_lines": [], "excluded_lines": [], "start_line": 33, "executed_branches": [], "missing_branches": []}, "ExecutionReceipt": {"executed_lines": [62], "summary": {"covered_lines": 1, "num_statements": 1, "percent_covered": 100.0, "percent_covered_display": "100", "missing_lines": 0, "excluded_lines": 0, "percent_statements_covered": 100.0, "percent_statements_covered_display": "100", "num_branches": 0, "num_partial_branches": 0, "covered_branches": 0, "missing_branches": 0, "percent_branches_covered": 100.0, "percent_branches_covered_display": "100"}, "missing_lines": [], "excluded_lines": [], "start_line": 50, "executed_branches": [], "missing_branches": []}, "": {"executed_lines": [3, 5, 6, 7, 8, 10, 13, 14, 15, 18, 19, 20, 21, 22, 23, 26, 33, 34, 35, 36, 37, 38, 39, 40, 41, 43, 44, 50, 51, 52, 53, 54, 55, 56, 58, 60, 61], "summary": {"covered_lines": 37, "num_statements": 37, "percent_covered": 100.0, "percent_covered_display": "100", "missing_lines": 0, "excluded_lines": 0, "percent_statements_covered": 100.0, "percent_statements_covered_display": "100", "num_branches": 0, "num_partial_branches": 0, "covered_branches": 0, "missing_branches": 0, "percent_branches_covered": 100.0, "percent_branches_covered_display": "100"}, "missing_lines": [], "excluded_lines": [], "start_line": 1, "executed_branches": [], "missing_branches": []}}}, "services/scheduler/src/freechat_scheduler/request_execution.py": {"executed_lines": [3, 5, 6, 7, 8, 10, 11, 12, 13, 15, 16, 19, 20, 25, 26, 27, 28, 31, 32, 33, 35, 36, 37, 38, 39, 40, 41, 46, 47, 49, 52, 55, 64, 70, 71, 72, 74, 77, 78, 79, 80, 83, 84, 85, 86, 91, 92, 93, 94, 95, 96, 98, 101, 102, 103, 104, 106, 107, 108, 109, 111, 112, 113, 114, 115, 116, 117, 128, 129, 130, 131, 132, 133, 134, 136, 143], "summary": {"covered_lines": 76, "num_statements": 78, "percent_covered": 96.875, "percent_covered_display": "97", "missing_lines": 2, "excluded_lines": 3, "percent_statements_covered": 97.43589743589743, "percent_statements_covered_display": "97", "num_branches": 18, "num_partial_branches": 1, "covered_branches": 17, "missing_branches": 1, "percent_branches_covered": 94.44444444444444, "percent_branches_covered_display": "94"}, "missing_lines": [48, 97], "excluded_lines": [22, 23, 24], "executed_branches": [[37, 38], [37, 39], [47, 49], [64, 70], [64, 71], [77, 78], [77, 79], [80, 83], [80, 84], [86, 91], [86, 92], [93, 94], [93, 98], [115, 116], [115, 117], [130, 131], [130, 132]], "missing_branches": [[47, 48]], "functions": {"ExecutionDriver.observe": {"executed_lines": [], "summary": {"covered_lines": 0, "num_statements": 0, "percent_covered": 100.0, "percent_covered_display": "100", "missing_lines": 0, "excluded_lines": 1, "percent_statements_covered": 100.0, "percent_statements_covered_display": "100", "num_branches": 0, "num_partial_branches": 0, "covered_branches": 0, "missing_branches": 0, "percent_branches_covered": 100.0, "percent_branches_covered_display": "100"}, "missing_lines": [], "excluded_lines": [22], "start_line": 20, "executed_branches": [], "missing_branches": []}, "LocalGrpcExecutionDriver.__init__": {"executed_lines": [33], "summary": {"covered_lines": 1, "num_statements": 1, "percent_covered": 100.0, "percent_covered_display": "100", "missing_lines": 0, "excluded_lines": 0, "percent_statements_covered": 100.0, "percent_statements_covered_display": "100", "num_branches": 0, "num_partial_branches": 0, "covered_branches": 0, "missing_branches": 0, "percent_branches_covered": 100.0, "percent_branches_covered_display": "100"}, "missing_lines": [], "excluded_lines": [], "start_line": 32, "executed_branches": [], "missing_branches": []}, "LocalGrpcExecutionDriver.observe": {"executed_lines": [36, 37, 38, 39, 40, 41, 46, 47, 49], "summary": {"covered_lines": 9, "num_statements": 10, "percent_covered": 85.71428571428571, "percent_covered_display": "86", "missing_lines": 1, "excluded_lines": 0, "percent_statements_covered": 90.0, "percent_statements_covered_display": "90", "num_branches": 4, "num_partial_branches": 1, "covered_branches": 3, "missing_branches": 1, "percent_branches_covered": 75.0, "percent_branches_covered_display": "75"}, "missing_lines": [48], "excluded_lines": [], "start_line": 35, "executed_branches": [[37, 38], [37, 39], [47, 49]], "missing_branches": [[47, 48]]}, "LocalRequestExecutionService.__init__": {"executed_lines": [64, 70, 71, 72], "summary": {"covered_lines": 4, "num_statements": 4, "percent_covered": 100.0, "percent_covered_display": "100", "missing_lines": 0, "excluded_lines": 0, "percent_statements_covered": 100.0, "percent_statements_covered_display": "100", "num_branches": 2, "num_partial_branches": 0, "covered_branches": 2, "missing_branches": 0, "percent_branches_covered": 100.0, "percent_branches_covered_display": "100"}, "missing_lines": [], "excluded_lines": [], "start_line": 55, "executed_branches": [[64, 70], [64, 71]], "missing_branches": []}, "LocalRequestExecutionService.Observe": {"executed_lines": [77, 78, 79, 80, 83, 84, 85, 86, 91, 92, 93, 94, 95, 96, 98], "summary": {"covered_lines": 15, "num_statements": 16, "percent_covered": 95.83333333333333, "percent_covered_display": "96", "missing_lines": 1, "excluded_lines": 0, "percent_statements_covered": 93.75, "percent_statements_covered_display": "94", "num_branches": 8, "num_partial_branches": 0, "covered_branches": 8, "missing_branches": 0, "percent_branches_covered": 100.0, "percent_branches_covered_display": "100"}, "missing_lines": [97], "excluded_lines": [], "start_line": 74, "executed_branches": [[77, 78], [77, 79], [80, 83], [80, 84], [86, 91], [86, 92], [93, 94], [93, 98]], "missing_branches": []}, "RequestExecutionReconciler.__init__": {"executed_lines": [103, 104], "summary": {"covered_lines": 2, "num_statements": 2, "percent_covered": 100.0, "percent_covered_display": "100", "missing_lines": 0, "excluded_lines": 0, "percent_statements_covered": 100.0, "percent_statements_covered_display": "100", "num_branches": 0, "num_partial_branches": 0, "covered_branches": 0, "missing_branches": 0, "percent_branches_covered": 100.0, "percent_branches_covered_display": "100"}, "missing_lines": [], "excluded_lines": [], "start_line": 102, "executed_branches": [], "missing_branches": []}, "RequestExecutionReconciler.tick": {"executed_lines": [107, 108, 109, 111, 136, 143], "summary": {"covered_lines": 6, "num_statements": 6, "percent_covered": 100.0, "percent_covered_display": "100", "missing_lines": 0, "excluded_lines": 0, "percent_statements_covered": 100.0, "percent_statements_covered_display": "100", "num_branches": 0, "num_partial_branches": 0, "covered_branches": 0, "missing_branches": 0, "percent_branches_covered": 100.0, "percent_branches_covered_display": "100"}, "missing_lines": [], "excluded_lines": [], "start_line": 106, "executed_branches": [], "missing_branches": []}, "RequestExecutionReconciler.tick.observe": {"executed_lines": [112, 113, 114, 115, 116, 117, 128, 129, 130, 131, 132, 133, 134], "summary": {"covered_lines": 13, "num_statements": 13, "percent_covered": 100.0, "percent_covered_display": "100", "missing_lines": 0, "excluded_lines": 0, "percent_statements_covered": 100.0, "percent_statements_covered_display": "100", "num_branches": 4, "num_partial_branches": 0, "covered_branches": 4, "missing_branches": 0, "percent_branches_covered": 100.0, "percent_branches_covered_display": "100"}, "missing_lines": [], "excluded_lines": [], "start_line": 111, "executed_branches": [[115, 116], [115, 117], [130, 131], [130, 132]], "missing_branches": []}, "": {"executed_lines": [3, 5, 6, 7, 8, 10, 11, 12, 13, 15, 16, 19, 20, 25, 26, 27, 28, 31, 32, 35, 52, 55, 74, 101, 102, 106], "summary": {"covered_lines": 26, "num_statements": 26, "percent_covered": 100.0, "percent_covered_display": "100", "missing_lines": 0, "excluded_lines": 2, "percent_statements_covered": 100.0, "percent_statements_covered_display": "100", "num_branches": 0, "num_partial_branches": 0, "covered_branches": 0, "missing_branches": 0, "percent_branches_covered": 100.0, "percent_branches_covered_display": "100"}, "missing_lines": [], "excluded_lines": [23, 24], "start_line": 1, "executed_branches": [], "missing_branches": []}}, "classes": {"ExecutionDriver": {"executed_lines": [], "summary": {"covered_lines": 0, "num_statements": 0, "percent_covered": 100.0, "percent_covered_display": "100", "missing_lines": 0, "excluded_lines": 1, "percent_statements_covered": 100.0, "percent_statements_covered_display": "100", "num_branches": 0, "num_partial_branches": 0, "covered_branches": 0, "missing_branches": 0, "percent_branches_covered": 100.0, "percent_branches_covered_display": "100"}, "missing_lines": [], "excluded_lines": [22], "start_line": 19, "executed_branches": [], "missing_branches": []}, "RequestExecutionConfig": {"executed_lines": [], "summary": {"covered_lines": 0, "num_statements": 0, "percent_covered": 100.0, "percent_covered_display": "100", "missing_lines": 0, "excluded_lines": 0, "percent_statements_covered": 100.0, "percent_statements_covered_display": "100", "num_branches": 0, "num_partial_branches": 0, "covered_branches": 0, "missing_branches": 0, "percent_branches_covered": 100.0, "percent_branches_covered_display": "100"}, "missing_lines": [], "excluded_lines": [], "start_line": 25, "executed_branches": [], "missing_branches": []}, "LocalGrpcExecutionDriver": {"executed_lines": [33, 36, 37, 38, 39, 40, 41, 46, 47, 49], "summary": {"covered_lines": 10, "num_statements": 11, "percent_covered": 86.66666666666667, "percent_covered_display": "87", "missing_lines": 1, "excluded_lines": 0, "percent_statements_covered": 90.9090909090909, "percent_statements_covered_display": "91", "num_branches": 4, "num_partial_branches": 1, "covered_branches": 3, "missing_branches": 1, "percent_branches_covered": 75.0, "percent_branches_covered_display": "75"}, "missing_lines": [48], "excluded_lines": [], "start_line": 31, "executed_branches": [[37, 38], [37, 39], [47, 49]], "missing_branches": [[47, 48]]}, "LocalRequestExecutionService": {"executed_lines": [64, 70, 71, 72, 77, 78, 79, 80, 83, 84, 85, 86, 91, 92, 93, 94, 95, 96, 98], "summary": {"covered_lines": 19, "num_statements": 20, "percent_covered": 96.66666666666667, "percent_covered_display": "97", "missing_lines": 1, "excluded_lines": 0, "percent_statements_covered": 95.0, "percent_statements_covered_display": "95", "num_branches": 10, "num_partial_branches": 0, "covered_branches": 10, "missing_branches": 0, "percent_branches_covered": 100.0, "percent_branches_covered_display": "100"}, "missing_lines": [97], "excluded_lines": [], "start_line": 52, "executed_branches": [[64, 70], [64, 71], [77, 78], [77, 79], [80, 83], [80, 84], [86, 91], [86, 92], [93, 94], [93, 98]], "missing_branches": []}, "RequestExecutionReconciler": {"executed_lines": [103, 104, 107, 108, 109, 111, 112, 113, 114, 115, 116, 117, 128, 129, 130, 131, 132, 133, 134, 136, 143], "summary": {"covered_lines": 21, "num_statements": 21, "percent_covered": 100.0, "percent_covered_display": "100", "missing_lines": 0, "excluded_lines": 0, "percent_statements_covered": 100.0, "percent_statements_covered_display": "100", "num_branches": 4, "num_partial_branches": 0, "covered_branches": 4, "missing_branches": 0, "percent_branches_covered": 100.0, "percent_branches_covered_display": "100"}, "missing_lines": [], "excluded_lines": [], "start_line": 101, "executed_branches": [[115, 116], [115, 117], [130, 131], [130, 132]], "missing_branches": []}, "": {"executed_lines": [3, 5, 6, 7, 8, 10, 11, 12, 13, 15, 16, 19, 20, 25, 26, 27, 28, 31, 32, 35, 52, 55, 74, 101, 102, 106], "summary": {"covered_lines": 26, "num_statements": 26, "percent_covered": 100.0, "percent_covered_display": "100", "missing_lines": 0, "excluded_lines": 2, "percent_statements_covered": 100.0, "percent_statements_covered_display": "100", "num_branches": 0, "num_partial_branches": 0, "covered_branches": 0, "missing_branches": 0, "percent_branches_covered": 100.0, "percent_branches_covered_display": "100"}, "missing_lines": [], "excluded_lines": [23, 24], "start_line": 1, "executed_branches": [], "missing_branches": []}}}, "services/scheduler/src/freechat_scheduler/request_ledger.py": {"executed_lines": [3, 5, 6, 7, 8, 9, 11, 12, 13, 14, 15, 16, 19, 20, 21, 22, 23, 24, 27, 28, 29, 30, 31, 32, 33, 34, 35, 36, 37, 38, 39, 42, 43, 44, 45, 46, 47, 50, 53, 54, 57, 58, 69, 70, 71, 72, 73, 74, 80, 81, 82, 83, 84, 86, 87, 88, 89, 90, 91, 92, 93, 94, 95, 97, 98, 100, 101, 102, 103, 104, 105, 106, 107, 108, 109, 110, 111, 112, 113, 114, 116, 117, 142, 143, 145, 146, 147, 148, 149, 150, 151, 152, 153, 155, 158, 159, 160, 161, 162, 164, 165, 166, 167, 168, 169, 170, 171, 172, 173, 174, 175, 176, 180, 181, 182, 183, 202, 203, 205, 206, 208, 209, 216, 217, 218, 219, 220, 221, 223, 230, 234, 242, 243, 245, 246, 247, 248, 249, 250, 251, 252, 253, 263, 265, 267, 278, 279, 280, 281, 282, 283, 287, 288, 289, 293, 295, 298, 299, 300, 307, 311, 312, 313, 314, 315, 316, 317, 318, 319, 320, 321, 322, 326, 328, 329, 335, 336, 337, 339, 341, 343, 344, 345, 346, 350, 361, 363, 364, 365, 367], "summary": {"covered_lines": 190, "num_statements": 190, "percent_covered": 100.0, "percent_covered_display": "100", "missing_lines": 0, "excluded_lines": 0, "percent_statements_covered": 100.0, "percent_statements_covered_display": "100", "num_branches": 70, "num_partial_branches": 0, "covered_branches": 70, "missing_branches": 0, "percent_branches_covered": 100.0, "percent_branches_covered_display": "100"}, "missing_lines": [], "excluded_lines": [], "executed_branches": [[69, 70], [69, 71], [82, 83], [82, 84], [88, 89], [88, 92], [89, 90], [89, 91], [93, 94], [93, 95], [101, 102], [101, 114], [104, 105], [104, 106], [107, 108], [107, 109], [148, 149], [148, 153], [149, 148], [149, 150], [158, 159], [158, 160], [166, 167], [166, 173], [168, 169], [168, 170], [170, 171], [170, 172], [173, 174], [173, 175], [176, 180], [176, 181], [181, 182], [181, 183], [217, 218], [217, 219], [219, 220], [219, 221], [242, 243], [242, 245], [247, 248], [247, 249], [249, 250], [249, 251], [251, 252], [251, 253], [281, 282], [281, 283], [283, 287], [283, 288], [307, 311], [307, 312], [313, 314], [313, 320], [314, 315], [314, 316], [316, 317], [316, 320], [317, 318], [317, 319], [320, 321], [320, 322], [322, 326], [322, 328], [335, 336], [335, 339], [345, -344], [345, 346], [346, 345], [346, 350]], "missing_branches": [], "functions": {"_hash": {"executed_lines": [54], "summary": {"covered_lines": 1, "num_statements": 1, "percent_covered": 100.0, "percent_covered_display": "100", "missing_lines": 0, "excluded_lines": 0, "percent_statements_covered": 100.0, "percent_statements_covered_display": "100", "num_branches": 0, "num_partial_branches": 0, "covered_branches": 0, "missing_branches": 0, "percent_branches_covered": 100.0, "percent_branches_covered_display": "100"}, "missing_lines": [], "excluded_lines": [], "start_line": 53, "executed_branches": [], "missing_branches": []}, "RequestLedger.__init__": {"executed_lines": [69, 70, 71, 72, 73, 74], "summary": {"covered_lines": 6, "num_statements": 6, "percent_covered": 100.0, "percent_covered_display": "100", "missing_lines": 0, "excluded_lines": 0, "percent_statements_covered": 100.0, "percent_statements_covered_display": "100", "num_branches": 2, "num_partial_branches": 0, "covered_branches": 2, "missing_branches": 0, "percent_branches_covered": 100.0, "percent_branches_covered_display": "100"}, "missing_lines": [], "excluded_lines": [], "start_line": 58, "executed_branches": [[69, 70], [69, 71]], "missing_branches": []}, "RequestLedger._now": {"executed_lines": [81, 82, 83, 84], "summary": {"covered_lines": 4, "num_statements": 4, "percent_covered": 100.0, "percent_covered_display": "100", "missing_lines": 0, "excluded_lines": 0, "percent_statements_covered": 100.0, "percent_statements_covered_display": "100", "num_branches": 2, "num_partial_branches": 0, "covered_branches": 2, "missing_branches": 0, "percent_branches_covered": 100.0, "percent_branches_covered_display": "100"}, "missing_lines": [], "excluded_lines": [], "start_line": 80, "executed_branches": [[82, 83], [82, 84]], "missing_branches": []}, "RequestLedger._read": {"executed_lines": [87, 88, 89, 90, 91, 92, 93, 94, 95], "summary": {"covered_lines": 9, "num_statements": 9, "percent_covered": 100.0, "percent_covered_display": "100", "missing_lines": 0, "excluded_lines": 0, "percent_statements_covered": 100.0, "percent_statements_covered_display": "100", "num_branches": 6, "num_partial_branches": 0, "covered_branches": 6, "missing_branches": 0, "percent_branches_covered": 100.0, "percent_branches_covered_display": "100"}, "missing_lines": [], "excluded_lines": [], "start_line": 86, "executed_branches": [[88, 89], [88, 92], [89, 90], [89, 91], [93, 94], [93, 95]], "missing_branches": []}, "RequestLedger.snapshot": {"executed_lines": [98], "summary": {"covered_lines": 1, "num_statements": 1, "percent_covered": 100.0, "percent_covered_display": "100", "missing_lines": 0, "excluded_lines": 0, "percent_statements_covered": 100.0, "percent_statements_covered_display": "100", "num_branches": 0, "num_partial_branches": 0, "covered_branches": 0, "missing_branches": 0, "percent_branches_covered": 100.0, "percent_branches_covered_display": "100"}, "missing_lines": [], "excluded_lines": [], "start_line": 97, "executed_branches": [], "missing_branches": []}, "RequestLedger._mutate": {"executed_lines": [101, 102, 103, 104, 105, 106, 107, 108, 109, 110, 111, 112, 113, 114], "summary": {"covered_lines": 14, "num_statements": 14, "percent_covered": 100.0, "percent_covered_display": "100", "missing_lines": 0, "excluded_lines": 0, "percent_statements_covered": 100.0, "percent_statements_covered_display": "100", "num_branches": 6, "num_partial_branches": 0, "covered_branches": 6, "missing_branches": 0, "percent_branches_covered": 100.0, "percent_branches_covered_display": "100"}, "missing_lines": [], "excluded_lines": [], "start_line": 100, "executed_branches": [[101, 102], [101, 114], [104, 105], [104, 106], [107, 108], [107, 109]], "missing_branches": []}, "RequestLedger._event": {"executed_lines": [117, 142, 143], "summary": {"covered_lines": 3, "num_statements": 3, "percent_covered": 100.0, "percent_covered_display": "100", "missing_lines": 0, "excluded_lines": 0, "percent_statements_covered": 100.0, "percent_statements_covered_display": "100", "num_branches": 0, "num_partial_branches": 0, "covered_branches": 0, "missing_branches": 0, "percent_branches_covered": 100.0, "percent_branches_covered_display": "100"}, "missing_lines": [], "excluded_lines": [], "start_line": 116, "executed_branches": [], "missing_branches": []}, "RequestLedger._load": {"executed_lines": [147, 148, 149, 150, 151, 152, 153], "summary": {"covered_lines": 7, "num_statements": 7, "percent_covered": 100.0, "percent_covered_display": "100", "missing_lines": 0, "excluded_lines": 0, "percent_statements_covered": 100.0, "percent_statements_covered_display": "100", "num_branches": 4, "num_partial_branches": 0, "covered_branches": 4, "missing_branches": 0, "percent_branches_covered": 100.0, "percent_branches_covered_display": "100"}, "missing_lines": [], "excluded_lines": [], "start_line": 146, "executed_branches": [[148, 149], [148, 153], [149, 148], [149, 150]], "missing_branches": []}, "RequestLedger.reserve": {"executed_lines": [158, 159, 160, 161, 162, 164, 205, 206], "summary": {"covered_lines": 8, "num_statements": 8, "percent_covered": 100.0, "percent_covered_display": "100", "missing_lines": 0, "excluded_lines": 0, "percent_statements_covered": 100.0, "percent_statements_covered_display": "100", "num_branches": 2, "num_partial_branches": 0, "covered_branches": 2, "missing_branches": 0, "percent_branches_covered": 100.0, "percent_branches_covered_display": "100"}, "missing_lines": [], "excluded_lines": [], "start_line": 155, "executed_branches": [[158, 159], [158, 160]], "missing_branches": []}, "RequestLedger.reserve.update": {"executed_lines": [165, 166, 167, 168, 169, 170, 171, 172, 173, 174, 175, 176, 180, 181, 182, 183, 202, 203], "summary": {"covered_lines": 18, "num_statements": 18, "percent_covered": 100.0, "percent_covered_display": "100", "missing_lines": 0, "excluded_lines": 0, "percent_statements_covered": 100.0, "percent_statements_covered_display": "100", "num_branches": 12, "num_partial_branches": 0, "covered_branches": 12, "missing_branches": 0, "percent_branches_covered": 100.0, "percent_branches_covered_display": "100"}, "missing_lines": [], "excluded_lines": [], "start_line": 164, "executed_branches": [[166, 167], [166, 173], [168, 169], [168, 170], [170, 171], [170, 172], [173, 174], [173, 175], [176, 180], [176, 181], [181, 182], [181, 183]], "missing_branches": []}, "RequestLedger._require": {"executed_lines": [216, 217, 218, 219, 220, 221], "summary": {"covered_lines": 6, "num_statements": 6, "percent_covered": 100.0, "percent_covered_display": "100", "missing_lines": 0, "excluded_lines": 0, "percent_statements_covered": 100.0, "percent_statements_covered_display": "100", "num_branches": 4, "num_partial_branches": 0, "covered_branches": 4, "missing_branches": 0, "percent_branches_covered": 100.0, "percent_branches_covered_display": "100"}, "missing_lines": [], "excluded_lines": [], "start_line": 209, "executed_branches": [[217, 218], [217, 219], [219, 220], [219, 221]], "missing_branches": []}, "RequestLedger.require": {"executed_lines": [230], "summary": {"covered_lines": 1, "num_statements": 1, "percent_covered": 100.0, "percent_covered_display": "100", "missing_lines": 0, "excluded_lines": 0, "percent_statements_covered": 100.0, "percent_statements_covered_display": "100", "num_branches": 0, "num_partial_branches": 0, "covered_branches": 0, "missing_branches": 0, "percent_branches_covered": 100.0, "percent_branches_covered_display": "100"}, "missing_lines": [], "excluded_lines": [], "start_line": 223, "executed_branches": [], "missing_branches": []}, "RequestLedger.renew": {"executed_lines": [242, 243, 245, 265], "summary": {"covered_lines": 4, "num_statements": 4, "percent_covered": 100.0, "percent_covered_display": "100", "missing_lines": 0, "excluded_lines": 0, "percent_statements_covered": 100.0, "percent_statements_covered_display": "100", "num_branches": 2, "num_partial_branches": 0, "covered_branches": 2, "missing_branches": 0, "percent_branches_covered": 100.0, "percent_branches_covered_display": "100"}, "missing_lines": [], "excluded_lines": [], "start_line": 234, "executed_branches": [[242, 243], [242, 245]], "missing_branches": []}, "RequestLedger.renew.update": {"executed_lines": [246, 247, 248, 249, 250, 251, 252, 253, 263], "summary": {"covered_lines": 9, "num_statements": 9, "percent_covered": 100.0, "percent_covered_display": "100", "missing_lines": 0, "excluded_lines": 0, "percent_statements_covered": 100.0, "percent_statements_covered_display": "100", "num_branches": 6, "num_partial_branches": 0, "covered_branches": 6, "missing_branches": 0, "percent_branches_covered": 100.0, "percent_branches_covered_display": "100"}, "missing_lines": [], "excluded_lines": [], "start_line": 245, "executed_branches": [[247, 248], [247, 249], [249, 250], [249, 251], [251, 252], [251, 253]], "missing_branches": []}, "RequestLedger.release": {"executed_lines": [278, 293], "summary": {"covered_lines": 2, "num_statements": 2, "percent_covered": 100.0, "percent_covered_display": "100", "missing_lines": 0, "excluded_lines": 0, "percent_statements_covered": 100.0, "percent_statements_covered_display": "100", "num_branches": 0, "num_partial_branches": 0, "covered_branches": 0, "missing_branches": 0, "percent_branches_covered": 100.0, "percent_branches_covered_display": "100"}, "missing_lines": [], "excluded_lines": [], "start_line": 267, "executed_branches": [], "missing_branches": []}, "RequestLedger.release.update": {"executed_lines": [279, 280, 281, 282, 283, 287, 288, 289], "summary": {"covered_lines": 8, "num_statements": 8, "percent_covered": 100.0, "percent_covered_display": "100", "missing_lines": 0, "excluded_lines": 0, "percent_statements_covered": 100.0, "percent_statements_covered_display": "100", "num_branches": 4, "num_partial_branches": 0, "covered_branches": 4, "missing_branches": 0, "percent_branches_covered": 100.0, "percent_branches_covered_display": "100"}, "missing_lines": [], "excluded_lines": [], "start_line": 278, "executed_branches": [[281, 282], [281, 283], [283, 287], [283, 288]], "missing_branches": []}, "RequestLedger.observe_execution": {"executed_lines": [298, 341], "summary": {"covered_lines": 2, "num_statements": 2, "percent_covered": 100.0, "percent_covered_display": "100", "missing_lines": 0, "excluded_lines": 0, "percent_statements_covered": 100.0, "percent_statements_covered_display": "100", "num_branches": 0, "num_partial_branches": 0, "covered_branches": 0, "missing_branches": 0, "percent_branches_covered": 100.0, "percent_branches_covered_display": "100"}, "missing_lines": [], "excluded_lines": [], "start_line": 295, "executed_branches": [], "missing_branches": []}, "RequestLedger.observe_execution.update": {"executed_lines": [299, 300, 307, 311, 312, 313, 314, 315, 316, 317, 318, 319, 320, 321, 322, 326, 328, 329, 335, 336, 337, 339], "summary": {"covered_lines": 22, "num_statements": 22, "percent_covered": 100.0, "percent_covered_display": "100", "missing_lines": 0, "excluded_lines": 0, "percent_statements_covered": 100.0, "percent_statements_covered_display": "100", "num_branches": 16, "num_partial_branches": 0, "covered_branches": 16, "missing_branches": 0, "percent_branches_covered": 100.0, "percent_branches_covered_display": "100"}, "missing_lines": [], "excluded_lines": [], "start_line": 298, "executed_branches": [[307, 311], [307, 312], [313, 314], [313, 320], [314, 315], [314, 316], [316, 317], [316, 320], [317, 318], [317, 319], [320, 321], [320, 322], [322, 326], [322, 328], [335, 336], [335, 339]], "missing_branches": []}, "RequestLedger.expire": {"executed_lines": [344, 361], "summary": {"covered_lines": 2, "num_statements": 2, "percent_covered": 100.0, "percent_covered_display": "100", "missing_lines": 0, "excluded_lines": 0, "percent_statements_covered": 100.0, "percent_statements_covered_display": "100", "num_branches": 0, "num_partial_branches": 0, "covered_branches": 0, "missing_branches": 0, "percent_branches_covered": 100.0, "percent_branches_covered_display": "100"}, "missing_lines": [], "excluded_lines": [], "start_line": 343, "executed_branches": [], "missing_branches": []}, "RequestLedger.expire.update": {"executed_lines": [345, 346, 350], "summary": {"covered_lines": 3, "num_statements": 3, "percent_covered": 100.0, "percent_covered_display": "100", "missing_lines": 0, "excluded_lines": 0, "percent_statements_covered": 100.0, "percent_statements_covered_display": "100", "num_branches": 4, "num_partial_branches": 0, "covered_branches": 4, "missing_branches": 0, "percent_branches_covered": 100.0, "percent_branches_covered_display": "100"}, "missing_lines": [], "excluded_lines": [], "start_line": 344, "executed_branches": [[345, -344], [345, 346], [346, 345], [346, 350]], "missing_branches": []}, "RequestLedger.acknowledge_event": {"executed_lines": [364, 367], "summary": {"covered_lines": 2, "num_statements": 2, "percent_covered": 100.0, "percent_covered_display": "100", "missing_lines": 0, "excluded_lines": 0, "percent_statements_covered": 100.0, "percent_statements_covered_display": "100", "num_branches": 0, "num_partial_branches": 0, "covered_branches": 0, "missing_branches": 0, "percent_branches_covered": 100.0, "percent_branches_covered_display": "100"}, "missing_lines": [], "excluded_lines": [], "start_line": 363, "executed_branches": [], "missing_branches": []}, "RequestLedger.acknowledge_event.update": {"executed_lines": [365], "summary": {"covered_lines": 1, "num_statements": 1, "percent_covered": 100.0, "percent_covered_display": "100", "missing_lines": 0, "excluded_lines": 0, "percent_statements_covered": 100.0, "percent_statements_covered_display": "100", "num_branches": 0, "num_partial_branches": 0, "covered_branches": 0, "missing_branches": 0, "percent_branches_covered": 100.0, "percent_branches_covered_display": "100"}, "missing_lines": [], "excluded_lines": [], "start_line": 364, "executed_branches": [], "missing_branches": []}, "": {"executed_lines": [3, 5, 6, 7, 8, 9, 11, 12, 13, 14, 15, 16, 19, 20, 21, 22, 23, 24, 27, 28, 29, 30, 31, 32, 33, 34, 35, 36, 37, 38, 39, 42, 43, 44, 45, 46, 47, 50, 53, 57, 58, 80, 86, 97, 100, 116, 145, 146, 155, 208, 209, 223, 234, 267, 295, 343, 363], "summary": {"covered_lines": 57, "num_statements": 57, "percent_covered": 100.0, "percent_covered_display": "100", "missing_lines": 0, "excluded_lines": 0, "percent_statements_covered": 100.0, "percent_statements_covered_display": "100", "num_branches": 0, "num_partial_branches": 0, "covered_branches": 0, "missing_branches": 0, "percent_branches_covered": 100.0, "percent_branches_covered_display": "100"}, "missing_lines": [], "excluded_lines": [], "start_line": 1, "executed_branches": [], "missing_branches": []}}, "classes": {"RequestState": {"executed_lines": [], "summary": {"covered_lines": 0, "num_statements": 0, "percent_covered": 100.0, "percent_covered_display": "100", "missing_lines": 0, "excluded_lines": 0, "percent_statements_covered": 100.0, "percent_statements_covered_display": "100", "num_branches": 0, "num_partial_branches": 0, "covered_branches": 0, "missing_branches": 0, "percent_branches_covered": 100.0, "percent_branches_covered_display": "100"}, "missing_lines": [], "excluded_lines": [], "start_line": 19, "executed_branches": [], "missing_branches": []}, "Reservation": {"executed_lines": [], "summary": {"covered_lines": 0, "num_statements": 0, "percent_covered": 100.0, "percent_covered_display": "100", "missing_lines": 0, "excluded_lines": 0, "percent_statements_covered": 100.0, "percent_statements_covered_display": "100", "num_branches": 0, "num_partial_branches": 0, "covered_branches": 0, "missing_branches": 0, "percent_branches_covered": 100.0, "percent_branches_covered_display": "100"}, "missing_lines": [], "excluded_lines": [], "start_line": 27, "executed_branches": [], "missing_branches": []}, "RequestLedgerState": {"executed_lines": [], "summary": {"covered_lines": 0, "num_statements": 0, "percent_covered": 100.0, "percent_covered_display": "100", "missing_lines": 0, "excluded_lines": 0, "percent_statements_covered": 100.0, "percent_statements_covered_display": "100", "num_branches": 0, "num_partial_branches": 0, "covered_branches": 0, "missing_branches": 0, "percent_branches_covered": 100.0, "percent_branches_covered_display": "100"}, "missing_lines": [], "excluded_lines": [], "start_line": 42, "executed_branches": [], "missing_branches": []}, "RequestLedger": {"executed_lines": [69, 70, 71, 72, 73, 74, 81, 82, 83, 84, 87, 88, 89, 90, 91, 92, 93, 94, 95, 98, 101, 102, 103, 104, 105, 106, 107, 108, 109, 110, 111, 112, 113, 114, 117, 142, 143, 147, 148, 149, 150, 151, 152, 153, 158, 159, 160, 161, 162, 164, 165, 166, 167, 168, 169, 170, 171, 172, 173, 174, 175, 176, 180, 181, 182, 183, 202, 203, 205, 206, 216, 217, 218, 219, 220, 221, 230, 242, 243, 245, 246, 247, 248, 249, 250, 251, 252, 253, 263, 265, 278, 279, 280, 281, 282, 283, 287, 288, 289, 293, 298, 299, 300, 307, 311, 312, 313, 314, 315, 316, 317, 318, 319, 320, 321, 322, 326, 328, 329, 335, 336, 337, 339, 341, 344, 345, 346, 350, 361, 364, 365, 367], "summary": {"covered_lines": 132, "num_statements": 132, "percent_covered": 100.0, "percent_covered_display": "100", "missing_lines": 0, "excluded_lines": 0, "percent_statements_covered": 100.0, "percent_statements_covered_display": "100", "num_branches": 70, "num_partial_branches": 0, "covered_branches": 70, "missing_branches": 0, "percent_branches_covered": 100.0, "percent_branches_covered_display": "100"}, "missing_lines": [], "excluded_lines": [], "start_line": 57, "executed_branches": [[69, 70], [69, 71], [82, 83], [82, 84], [88, 89], [88, 92], [89, 90], [89, 91], [93, 94], [93, 95], [101, 102], [101, 114], [104, 105], [104, 106], [107, 108], [107, 109], [148, 149], [148, 153], [149, 148], [149, 150], [158, 159], [158, 160], [166, 167], [166, 173], [168, 169], [168, 170], [170, 171], [170, 172], [173, 174], [173, 175], [176, 180], [176, 181], [181, 182], [181, 183], [217, 218], [217, 219], [219, 220], [219, 221], [242, 243], [242, 245], [247, 248], [247, 249], [249, 250], [249, 251], [251, 252], [251, 253], [281, 282], [281, 283], [283, 287], [283, 288], [307, 311], [307, 312], [313, 314], [313, 320], [314, 315], [314, 316], [316, 317], [316, 320], [317, 318], [317, 319], [320, 321], [320, 322], [322, 326], [322, 328], [335, 336], [335, 339], [345, -344], [345, 346], [346, 345], [346, 350]], "missing_branches": []}, "": {"executed_lines": [3, 5, 6, 7, 8, 9, 11, 12, 13, 14, 15, 16, 19, 20, 21, 22, 23, 24, 27, 28, 29, 30, 31, 32, 33, 34, 35, 36, 37, 38, 39, 42, 43, 44, 45, 46, 47, 50, 53, 54, 57, 58, 80, 86, 97, 100, 116, 145, 146, 155, 208, 209, 223, 234, 267, 295, 343, 363], "summary": {"covered_lines": 58, "num_statements": 58, "percent_covered": 100.0, "percent_covered_display": "100", "missing_lines": 0, "excluded_lines": 0, "percent_statements_covered": 100.0, "percent_statements_covered_display": "100", "num_branches": 0, "num_partial_branches": 0, "covered_branches": 0, "missing_branches": 0, "percent_branches_covered": 100.0, "percent_branches_covered_display": "100"}, "missing_lines": [], "excluded_lines": [], "start_line": 1, "executed_branches": [], "missing_branches": []}}}, "worker/src/freechat_worker/execution.py": {"executed_lines": [7, 9, 10, 11, 12, 13, 14, 15, 16, 17, 19, 25, 28, 29, 30, 31, 32, 33, 35, 38, 39, 43, 47, 52, 53, 54, 55, 56, 57, 58, 59, 62, 70, 82, 91, 92, 93, 94, 95, 96, 97, 102, 103, 104, 105, 106, 107, 108, 109, 110, 111, 112, 114, 117, 118, 119, 120, 121, 122, 123, 124, 126, 127, 128, 129, 133, 134, 135, 136, 139, 140, 141, 142, 143, 144, 145, 146, 148, 149, 150, 151, 156, 157, 158, 159, 162, 166, 167, 168, 169, 170, 171, 172, 173, 174, 175, 176, 177, 178, 179, 181, 182, 183, 189, 191, 192, 194, 200, 201, 202, 203, 204, 205, 206, 207, 208, 209, 210, 211, 212, 213, 215, 217, 218, 219, 220, 221, 222, 223, 224, 225, 226, 227, 229, 230, 231, 232, 233, 235, 236, 237, 238, 239, 240, 241, 244, 245, 251, 252, 253, 258, 259, 260, 261, 270, 272, 273, 274, 275, 276, 277, 278], "summary": {"covered_lines": 162, "num_statements": 162, "percent_covered": 99.53703703703704, "percent_covered_display": "99", "missing_lines": 0, "excluded_lines": 7, "percent_statements_covered": 100.0, "percent_statements_covered_display": "100", "num_branches": 54, "num_partial_branches": 1, "covered_branches": 53, "missing_branches": 1, "percent_branches_covered": 98.14814814814815, "percent_branches_covered_display": "98"}, "missing_lines": [], "excluded_lines": [41, 42, 45, 46, 49, 50, 51], "executed_branches": [[91, 92], [91, 93], [94, 95], [94, 96], [121, 122], [128, 129], [128, 135], [133, 134], [133, 135], [141, 142], [141, 145], [142, 143], [142, 144], [145, -126], [145, 146], [149, 150], [149, 151], [151, 156], [151, 157], [158, 159], [158, 162], [169, 170], [169, 174], [171, 172], [171, 173], [175, 176], [175, 177], [201, 202], [201, 203], [208, 209], [208, 210], [224, 225], [224, 230], [226, 227], [226, 229], [230, 231], [230, 232], [232, 233], [232, 235], [235, 236], [235, 237], [239, 240], [239, 241], [241, 244], [241, 245], [251, 252], [251, 253], [253, 258], [253, 259], [273, 274], [273, 275], [275, -272], [275, 276]], "missing_branches": [[121, 123]], "functions": {"ExecutionBackend.submit": {"executed_lines": [], "summary": {"covered_lines": 0, "num_statements": 0, "percent_covered": 100.0, "percent_covered_display": "100", "missing_lines": 0, "excluded_lines": 1, "percent_statements_covered": 100.0, "percent_statements_covered_display": "100", "num_branches": 0, "num_partial_branches": 0, "covered_branches": 0, "missing_branches": 0, "percent_branches_covered": 100.0, "percent_branches_covered_display": "100"}, "missing_lines": [], "excluded_lines": [41], "start_line": 39, "executed_branches": [], "missing_branches": []}, "ExecutionBackend.abort": {"executed_lines": [], "summary": {"covered_lines": 0, "num_statements": 0, "percent_covered": 100.0, "percent_covered_display": "100", "missing_lines": 0, "excluded_lines": 1, "percent_statements_covered": 100.0, "percent_statements_covered_display": "100", "num_branches": 0, "num_partial_branches": 0, "covered_branches": 0, "missing_branches": 0, "percent_branches_covered": 100.0, "percent_branches_covered_display": "100"}, "missing_lines": [], "excluded_lines": [45], "start_line": 43, "executed_branches": [], "missing_branches": []}, "ExecutionBackend.query": {"executed_lines": [], "summary": {"covered_lines": 0, "num_statements": 0, "percent_covered": 100.0, "percent_covered_display": "100", "missing_lines": 0, "excluded_lines": 1, "percent_statements_covered": 100.0, "percent_statements_covered_display": "100", "num_branches": 0, "num_partial_branches": 0, "covered_branches": 0, "missing_branches": 0, "percent_branches_covered": 100.0, "percent_branches_covered_display": "100"}, "missing_lines": [], "excluded_lines": [49], "start_line": 47, "executed_branches": [], "missing_branches": []}, "DurableExecutionDriver.__init__": {"executed_lines": [82, 91, 92, 93, 94, 95, 96, 97, 102, 103, 104, 105, 106, 107, 108, 109, 110, 111, 112, 114, 117, 118, 119, 120, 121, 122, 123, 124], "summary": {"covered_lines": 28, "num_statements": 28, "percent_covered": 97.05882352941177, "percent_covered_display": "97", "missing_lines": 0, "excluded_lines": 0, "percent_statements_covered": 100.0, "percent_statements_covered_display": "100", "num_branches": 6, "num_partial_branches": 1, "covered_branches": 5, "missing_branches": 1, "percent_branches_covered": 83.33333333333333, "percent_branches_covered_display": "83"}, "missing_lines": [], "excluded_lines": [], "start_line": 70, "executed_branches": [[91, 92], [91, 93], [94, 95], [94, 96], [121, 122]], "missing_branches": [[121, 123]]}, "DurableExecutionDriver._initialize": {"executed_lines": [127, 128, 129, 133, 134, 135, 136, 139, 140, 141, 142, 143, 144, 145, 146], "summary": {"covered_lines": 15, "num_statements": 15, "percent_covered": 100.0, "percent_covered_display": "100", "missing_lines": 0, "excluded_lines": 0, "percent_statements_covered": 100.0, "percent_statements_covered_display": "100", "num_branches": 10, "num_partial_branches": 0, "covered_branches": 10, "missing_branches": 0, "percent_branches_covered": 100.0, "percent_branches_covered_display": "100"}, "missing_lines": [], "excluded_lines": [], "start_line": 126, "executed_branches": [[128, 129], [128, 135], [133, 134], [133, 135], [141, 142], [141, 145], [142, 143], [142, 144], [145, -126], [145, 146]], "missing_branches": []}, "DurableExecutionDriver._key": {"executed_lines": [149, 150, 151, 156, 157, 158, 159, 162], "summary": {"covered_lines": 8, "num_statements": 8, "percent_covered": 100.0, "percent_covered_display": "100", "missing_lines": 0, "excluded_lines": 0, "percent_statements_covered": 100.0, "percent_statements_covered_display": "100", "num_branches": 6, "num_partial_branches": 0, "covered_branches": 6, "missing_branches": 0, "percent_branches_covered": 100.0, "percent_branches_covered_display": "100"}, "missing_lines": [], "excluded_lines": [], "start_line": 148, "executed_branches": [[149, 150], [149, 151], [151, 156], [151, 157], [158, 159], [158, 162]], "missing_branches": []}, "DurableExecutionDriver._record": {"executed_lines": [167, 168, 169, 170, 171, 172, 173, 174, 175, 176, 177, 178, 179], "summary": {"covered_lines": 13, "num_statements": 13, "percent_covered": 100.0, "percent_covered_display": "100", "missing_lines": 0, "excluded_lines": 0, "percent_statements_covered": 100.0, "percent_statements_covered_display": "100", "num_branches": 6, "num_partial_branches": 0, "covered_branches": 6, "missing_branches": 0, "percent_branches_covered": 100.0, "percent_branches_covered_display": "100"}, "missing_lines": [], "excluded_lines": [], "start_line": 166, "executed_branches": [[169, 170], [169, 174], [171, 172], [171, 173], [175, 176], [175, 177]], "missing_branches": []}, "DurableExecutionDriver._save": {"executed_lines": [182, 183], "summary": {"covered_lines": 2, "num_statements": 2, "percent_covered": 100.0, "percent_covered_display": "100", "missing_lines": 0, "excluded_lines": 0, "percent_statements_covered": 100.0, "percent_statements_covered_display": "100", "num_branches": 0, "num_partial_branches": 0, "covered_branches": 0, "missing_branches": 0, "percent_branches_covered": 100.0, "percent_branches_covered_display": "100"}, "missing_lines": [], "excluded_lines": [], "start_line": 181, "executed_branches": [], "missing_branches": []}, "DurableExecutionDriver._lock": {"executed_lines": [191, 192], "summary": {"covered_lines": 2, "num_statements": 2, "percent_covered": 100.0, "percent_covered_display": "100", "missing_lines": 0, "excluded_lines": 0, "percent_statements_covered": 100.0, "percent_statements_covered_display": "100", "num_branches": 0, "num_partial_branches": 0, "covered_branches": 0, "missing_branches": 0, "percent_branches_covered": 100.0, "percent_branches_covered_display": "100"}, "missing_lines": [], "excluded_lines": [], "start_line": 189, "executed_branches": [], "missing_branches": []}, "DurableExecutionDriver.admit": {"executed_lines": [200, 201, 202, 203, 204, 205, 206, 207, 208, 209, 210, 211, 212, 213, 215], "summary": {"covered_lines": 15, "num_statements": 15, "percent_covered": 100.0, "percent_covered_display": "100", "missing_lines": 0, "excluded_lines": 0, "percent_statements_covered": 100.0, "percent_statements_covered_display": "100", "num_branches": 4, "num_partial_branches": 0, "covered_branches": 4, "missing_branches": 0, "percent_branches_covered": 100.0, "percent_branches_covered_display": "100"}, "missing_lines": [], "excluded_lines": [], "start_line": 194, "executed_branches": [[201, 202], [201, 203], [208, 209], [208, 210]], "missing_branches": []}, "DurableExecutionDriver.observe": {"executed_lines": [218, 219, 220, 221, 222, 223, 224, 225, 226, 227, 229, 230, 231, 232, 233, 235, 236, 237, 238, 239, 240, 241, 244, 245, 251, 252, 253, 258, 259, 260, 261, 270], "summary": {"covered_lines": 32, "num_statements": 32, "percent_covered": 100.0, "percent_covered_display": "100", "missing_lines": 0, "excluded_lines": 0, "percent_statements_covered": 100.0, "percent_statements_covered_display": "100", "num_branches": 18, "num_partial_branches": 0, "covered_branches": 18, "missing_branches": 0, "percent_branches_covered": 100.0, "percent_branches_covered_display": "100"}, "missing_lines": [], "excluded_lines": [], "start_line": 217, "executed_branches": [[224, 225], [224, 230], [226, 227], [226, 229], [230, 231], [230, 232], [232, 233], [232, 235], [235, 236], [235, 237], [239, 240], [239, 241], [241, 244], [241, 245], [251, 252], [251, 253], [253, 258], [253, 259]], "missing_branches": []}, "DurableExecutionDriver.close": {"executed_lines": [273, 274, 275, 276, 277, 278], "summary": {"covered_lines": 6, "num_statements": 6, "percent_covered": 100.0, "percent_covered_display": "100", "missing_lines": 0, "excluded_lines": 0, "percent_statements_covered": 100.0, "percent_statements_covered_display": "100", "num_branches": 4, "num_partial_branches": 0, "covered_branches": 4, "missing_branches": 0, "percent_branches_covered": 100.0, "percent_branches_covered_display": "100"}, "missing_lines": [], "excluded_lines": [], "start_line": 272, "executed_branches": [[273, 274], [273, 275], [275, -272], [275, 276]], "missing_branches": []}, "": {"executed_lines": [7, 9, 10, 11, 12, 13, 14, 15, 16, 17, 19, 25, 28, 29, 30, 31, 32, 33, 35, 38, 39, 43, 47, 52, 53, 54, 55, 56, 57, 58, 59, 62, 70, 126, 148, 166, 181, 189, 194, 217, 272], "summary": {"covered_lines": 41, "num_statements": 41, "percent_covered": 100.0, "percent_covered_display": "100", "missing_lines": 0, "excluded_lines": 4, "percent_statements_covered": 100.0, "percent_statements_covered_display": "100", "num_branches": 0, "num_partial_branches": 0, "covered_branches": 0, "missing_branches": 0, "percent_branches_covered": 100.0, "percent_branches_covered_display": "100"}, "missing_lines": [], "excluded_lines": [42, 46, 50, 51], "start_line": 1, "executed_branches": [], "missing_branches": []}}, "classes": {"EngineObservation": {"executed_lines": [], "summary": {"covered_lines": 0, "num_statements": 0, "percent_covered": 100.0, "percent_covered_display": "100", "missing_lines": 0, "excluded_lines": 0, "percent_statements_covered": 100.0, "percent_statements_covered_display": "100", "num_branches": 0, "num_partial_branches": 0, "covered_branches": 0, "missing_branches": 0, "percent_branches_covered": 100.0, "percent_branches_covered_display": "100"}, "missing_lines": [], "excluded_lines": [], "start_line": 28, "executed_branches": [], "missing_branches": []}, "ExecutionBackend": {"executed_lines": [], "summary": {"covered_lines": 0, "num_statements": 0, "percent_covered": 100.0, "percent_covered_display": "100", "missing_lines": 0, "excluded_lines": 3, "percent_statements_covered": 100.0, "percent_statements_covered_display": "100", "num_branches": 0, "num_partial_branches": 0, "covered_branches": 0, "missing_branches": 0, "percent_branches_covered": 100.0, "percent_branches_covered_display": "100"}, "missing_lines": [], "excluded_lines": [41, 45, 49], "start_line": 38, "executed_branches": [], "missing_branches": []}, "_Record": {"executed_lines": [], "summary": {"covered_lines": 0, "num_statements": 0, "percent_covered": 100.0, "percent_covered_display": "100", "missing_lines": 0, "excluded_lines": 0, "percent_statements_covered": 100.0, "percent_statements_covered_display": "100", "num_branches": 0, "num_partial_branches": 0, "covered_branches": 0, "missing_branches": 0, "percent_branches_covered": 100.0, "percent_branches_covered_display": "100"}, "missing_lines": [], "excluded_lines": [], "start_line": 52, "executed_branches": [], "missing_branches": []}, "DurableExecutionDriver": {"executed_lines": [82, 91, 92, 93, 94, 95, 96, 97, 102, 103, 104, 105, 106, 107, 108, 109, 110, 111, 112, 114, 117, 118, 119, 120, 121, 122, 123, 124, 127, 128, 129, 133, 134, 135, 136, 139, 140, 141, 142, 143, 144, 145, 146, 149, 150, 151, 156, 157, 158, 159, 162, 167, 168, 169, 170, 171, 172, 173, 174, 175, 176, 177, 178, 179, 182, 183, 191, 192, 200, 201, 202, 203, 204, 205, 206, 207, 208, 209, 210, 211, 212, 213, 215, 218, 219, 220, 221, 222, 223, 224, 225, 226, 227, 229, 230, 231, 232, 233, 235, 236, 237, 238, 239, 240, 241, 244, 245, 251, 252, 253, 258, 259, 260, 261, 270, 273, 274, 275, 276, 277, 278], "summary": {"covered_lines": 121, "num_statements": 121, "percent_covered": 99.42857142857143, "percent_covered_display": "99", "missing_lines": 0, "excluded_lines": 0, "percent_statements_covered": 100.0, "percent_statements_covered_display": "100", "num_branches": 54, "num_partial_branches": 1, "covered_branches": 53, "missing_branches": 1, "percent_branches_covered": 98.14814814814815, "percent_branches_covered_display": "98"}, "missing_lines": [], "excluded_lines": [], "start_line": 62, "executed_branches": [[91, 92], [91, 93], [94, 95], [94, 96], [121, 122], [128, 129], [128, 135], [133, 134], [133, 135], [141, 142], [141, 145], [142, 143], [142, 144], [145, -126], [145, 146], [149, 150], [149, 151], [151, 156], [151, 157], [158, 159], [158, 162], [169, 170], [169, 174], [171, 172], [171, 173], [175, 176], [175, 177], [201, 202], [201, 203], [208, 209], [208, 210], [224, 225], [224, 230], [226, 227], [226, 229], [230, 231], [230, 232], [232, 233], [232, 235], [235, 236], [235, 237], [239, 240], [239, 241], [241, 244], [241, 245], [251, 252], [251, 253], [253, 258], [253, 259], [273, 274], [273, 275], [275, -272], [275, 276]], "missing_branches": [[121, 123]]}, "": {"executed_lines": [7, 9, 10, 11, 12, 13, 14, 15, 16, 17, 19, 25, 28, 29, 30, 31, 32, 33, 35, 38, 39, 43, 47, 52, 53, 54, 55, 56, 57, 58, 59, 62, 70, 126, 148, 166, 181, 189, 194, 217, 272], "summary": {"covered_lines": 41, "num_statements": 41, "percent_covered": 100.0, "percent_covered_display": "100", "missing_lines": 0, "excluded_lines": 4, "percent_statements_covered": 100.0, "percent_statements_covered_display": "100", "num_branches": 0, "num_partial_branches": 0, "covered_branches": 0, "missing_branches": 0, "percent_branches_covered": 100.0, "percent_branches_covered_display": "100"}, "missing_lines": [], "excluded_lines": [42, 46, 50, 51], "start_line": 1, "executed_branches": [], "missing_branches": []}}}}, "totals": {"covered_lines": 467, "num_statements": 469, "percent_covered": 99.34533551554829, "percent_covered_display": "99", "missing_lines": 2, "excluded_lines": 10, "percent_statements_covered": 99.57356076759062, "percent_statements_covered_display": "99", "num_branches": 142, "num_partial_branches": 2, "covered_branches": 140, "missing_branches": 2, "percent_branches_covered": 98.59154929577464, "percent_branches_covered_display": "99"}}