{"meta": {"format": 3, "version": "7.16.0", "timestamp": "2026-09-14T11:13:07.992716", "branch_coverage": true, "show_contexts": false}, "files": {"services/scheduler/src/freechat_scheduler/__init__.py": {"executed_lines": [1, 8, 10], "summary": {"covered_lines": 3, "num_statements": 3, "percent_covered": 100.0, "percent_covered_display": "100", "missing_lines": 0, "excluded_lines": 0, "percent_statements_covered": 100.0, "percent_statements_covered_display": "100", "num_branches": 0, "num_partial_branches": 0, "covered_branches": 0, "missing_branches": 0, "percent_branches_covered": 100.0, "percent_branches_covered_display": "100"}, "missing_lines": [], "excluded_lines": [], "executed_branches": [], "missing_branches": [], "functions": {"": {"executed_lines": [1, 8, 10], "summary": {"covered_lines": 3, "num_statements": 3, "percent_covered": 100.0, "percent_covered_display": "100", "missing_lines": 0, "excluded_lines": 0, "percent_statements_covered": 100.0, "percent_statements_covered_display": "100", "num_branches": 0, "num_partial_branches": 0, "covered_branches": 0, "missing_branches": 0, "percent_branches_covered": 100.0, "percent_branches_covered_display": "100"}, "missing_lines": [], "excluded_lines": [], "start_line": 1, "executed_branches": [], "missing_branches": []}}, "classes": {"": {"executed_lines": [1, 8, 10], "summary": {"covered_lines": 3, "num_statements": 3, "percent_covered": 100.0, "percent_covered_display": "100", "missing_lines": 0, "excluded_lines": 0, "percent_statements_covered": 100.0, "percent_statements_covered_display": "100", "num_branches": 0, "num_partial_branches": 0, "covered_branches": 0, "missing_branches": 0, "percent_branches_covered": 100.0, "percent_branches_covered_display": "100"}, "missing_lines": [], "excluded_lines": [], "start_line": 1, "executed_branches": [], "missing_branches": []}}}, "services/scheduler/src/freechat_scheduler/calibration.py": {"executed_lines": [1, 3, 5, 8, 12, 13, 14, 19, 25, 26, 27, 28, 30, 31, 32, 38, 39, 41, 43, 44], "summary": {"covered_lines": 20, "num_statements": 23, "percent_covered": 84.61538461538461, "percent_covered_display": "85", "missing_lines": 3, "excluded_lines": 0, "percent_statements_covered": 86.95652173913044, "percent_statements_covered_display": "87", "num_branches": 16, "num_partial_branches": 3, "covered_branches": 13, "missing_branches": 3, "percent_branches_covered": 81.25, "percent_branches_covered_display": "81"}, "missing_lines": [29, 37, 42], "excluded_lines": [], "executed_branches": [[14, 19], [14, 44], [19, 25], [19, 26], [26, 27], [26, 28], [28, 30], [30, 31], [30, 32], [32, 38], [38, 39], [38, 41], [41, 43]], "missing_branches": [[28, 29], [32, 37], [41, 42]], "functions": {"matching_calibration": {"executed_lines": [12, 13, 14, 19, 25, 26, 27, 28, 30, 31, 32, 38, 39, 41, 43, 44], "summary": {"covered_lines": 16, "num_statements": 19, "percent_covered": 82.85714285714286, "percent_covered_display": "83", "missing_lines": 3, "excluded_lines": 0, "percent_statements_covered": 84.21052631578948, "percent_statements_covered_display": "84", "num_branches": 16, "num_partial_branches": 3, "covered_branches": 13, "missing_branches": 3, "percent_branches_covered": 81.25, "percent_branches_covered_display": "81"}, "missing_lines": [29, 37, 42], "excluded_lines": [], "start_line": 8, "executed_branches": [[14, 19], [14, 44], [19, 25], [19, 26], [26, 27], [26, 28], [28, 30], [30, 31], [30, 32], [32, 38], [38, 39], [38, 41], [41, 43]], "missing_branches": [[28, 29], [32, 37], [41, 42]]}, "": {"executed_lines": [1, 3, 5, 8], "summary": {"covered_lines": 4, "num_statements": 4, "percent_covered": 100.0, "percent_covered_display": "100", "missing_lines": 0, "excluded_lines": 0, "percent_statements_covered": 100.0, "percent_statements_covered_display": "100", "num_branches": 0, "num_partial_branches": 0, "covered_branches": 0, "missing_branches": 0, "percent_branches_covered": 100.0, "percent_branches_covered_display": "100"}, "missing_lines": [], "excluded_lines": [], "start_line": 1, "executed_branches": [], "missing_branches": []}}, "classes": {"": {"executed_lines": [1, 3, 5, 8, 12, 13, 14, 19, 25, 26, 27, 28, 30, 31, 32, 38, 39, 41, 43, 44], "summary": {"covered_lines": 20, "num_statements": 23, "percent_covered": 84.61538461538461, "percent_covered_display": "85", "missing_lines": 3, "excluded_lines": 0, "percent_statements_covered": 86.95652173913044, "percent_statements_covered_display": "87", "num_branches": 16, "num_partial_branches": 3, "covered_branches": 13, "missing_branches": 3, "percent_branches_covered": 81.25, "percent_branches_covered_display": "81"}, "missing_lines": [29, 37, 42], "excluded_lines": [], "start_line": 1, "executed_branches": [[14, 19], [14, 44], [19, 25], [19, 26], [26, 27], [26, 28], [28, 30], [30, 31], [30, 32], [32, 38], [38, 39], [38, 41], [41, 43]], "missing_branches": [[28, 29], [32, 37], [41, 42]]}}}, "services/scheduler/src/freechat_scheduler/forecasts.py": {"executed_lines": [1, 3, 6, 8, 9, 10, 11, 12, 13, 14, 15, 16, 17, 18, 19, 20, 21, 22, 23, 24, 25, 26, 27, 28, 29, 30], "summary": {"covered_lines": 26, "num_statements": 26, "percent_covered": 100.0, "percent_covered_display": "100", "missing_lines": 0, "excluded_lines": 0, "percent_statements_covered": 100.0, "percent_statements_covered_display": "100", "num_branches": 16, "num_partial_branches": 0, "covered_branches": 16, "missing_branches": 0, "percent_branches_covered": 100.0, "percent_branches_covered_display": "100"}, "missing_lines": [], "excluded_lines": [], "executed_branches": [[9, 10], [9, 11], [11, 12], [11, 13], [14, 15], [14, 17], [15, 14], [15, 16], [17, 18], [17, 19], [22, 23], [22, 24], [24, 25], [24, 26], [26, 27], [26, 30]], "missing_branches": [], "functions": {"forecast_rejection": {"executed_lines": [8, 9, 10, 11, 12, 13, 14, 15, 16, 17, 18, 19, 20, 21, 22, 23, 24, 25, 26, 27, 28, 29, 30], "summary": {"covered_lines": 23, "num_statements": 23, "percent_covered": 100.0, "percent_covered_display": "100", "missing_lines": 0, "excluded_lines": 0, "percent_statements_covered": 100.0, "percent_statements_covered_display": "100", "num_branches": 16, "num_partial_branches": 0, "covered_branches": 16, "missing_branches": 0, "percent_branches_covered": 100.0, "percent_branches_covered_display": "100"}, "missing_lines": [], "excluded_lines": [], "start_line": 6, "executed_branches": [[9, 10], [9, 11], [11, 12], [11, 13], [14, 15], [14, 17], [15, 14], [15, 16], [17, 18], [17, 19], [22, 23], [22, 24], [24, 25], [24, 26], [26, 27], [26, 30]], "missing_branches": []}, "": {"executed_lines": [1, 3, 6], "summary": {"covered_lines": 3, "num_statements": 3, "percent_covered": 100.0, "percent_covered_display": "100", "missing_lines": 0, "excluded_lines": 0, "percent_statements_covered": 100.0, "percent_statements_covered_display": "100", "num_branches": 0, "num_partial_branches": 0, "covered_branches": 0, "missing_branches": 0, "percent_branches_covered": 100.0, "percent_branches_covered_display": "100"}, "missing_lines": [], "excluded_lines": [], "start_line": 1, "executed_branches": [], "missing_branches": []}}, "classes": {"": {"executed_lines": [1, 3, 6, 8, 9, 10, 11, 12, 13, 14, 15, 16, 17, 18, 19, 20, 21, 22, 23, 24, 25, 26, 27, 28, 29, 30], "summary": {"covered_lines": 26, "num_statements": 26, "percent_covered": 100.0, "percent_covered_display": "100", "missing_lines": 0, "excluded_lines": 0, "percent_statements_covered": 100.0, "percent_statements_covered_display": "100", "num_branches": 16, "num_partial_branches": 0, "covered_branches": 16, "missing_branches": 0, "percent_branches_covered": 100.0, "percent_branches_covered_display": "100"}, "missing_lines": [], "excluded_lines": [], "start_line": 1, "executed_branches": [[9, 10], [9, 11], [11, 12], [11, 13], [14, 15], [14, 17], [15, 14], [15, 16], [17, 18], [17, 19], [22, 23], [22, 24], [24, 25], [24, 26], [26, 27], [26, 30]], "missing_branches": []}}}, "services/scheduler/src/freechat_scheduler/grpc_server.py": {"executed_lines": [1, 3, 4, 5, 6, 7, 8, 10, 11, 12, 23, 24, 25, 27, 28, 31, 32, 33, 34, 36, 37, 39, 45, 46, 48, 49, 51, 53, 59, 60, 61, 63, 64, 65, 66, 67, 69, 70, 73, 74, 80, 81, 82, 84, 89, 90, 94, 95, 114, 116, 131, 136, 137, 144, 145, 147, 163, 179, 185, 195, 206, 207, 222, 223, 228, 229, 231, 236, 237, 238, 247, 252, 253, 272, 277, 282, 283, 284, 285, 290, 293, 299, 300, 301, 302, 348, 349, 350, 395, 445], "summary": {"covered_lines": 90, "num_statements": 156, "percent_covered": 55.494505494505496, "percent_covered_display": "55", "missing_lines": 66, "excluded_lines": 0, "percent_statements_covered": 57.69230769230769, "percent_statements_covered_display": "58", "num_branches": 26, "num_partial_branches": 7, "covered_branches": 11, "missing_branches": 15, "percent_branches_covered": 42.30769230769231, "percent_branches_covered_display": "42"}, "missing_lines": [47, 50, 62, 91, 92, 93, 121, 122, 127, 128, 129, 142, 143, 152, 153, 158, 159, 160, 161, 168, 169, 174, 175, 176, 177, 208, 209, 243, 244, 245, 246, 254, 257, 289, 291, 292, 396, 398, 399, 400, 401, 402, 403, 404, 406, 407, 408, 409, 410, 411, 412, 413, 414, 415, 416, 429, 433, 434, 435, 436, 438, 439, 440, 441, 442, 446], "excluded_lines": [], "executed_branches": [[46, 48], [49, 51], [61, 63], [64, 65], [64, 66], [206, 207], [238, 247], [253, 272], [282, -277], [282, 283], [285, 290]], "missing_branches": [[46, 47], [49, 50], [61, 62], [206, 208], [238, 243], [253, 254], [285, 289], [399, 400], [399, 406], [411, 412], [411, 415], [439, 440], [439, 441], [441, -395], [441, 442]], "functions": {"LeaseBook.remember": {"executed_lines": [37], "summary": {"covered_lines": 1, "num_statements": 1, "percent_covered": 100.0, "percent_covered_display": "100", "missing_lines": 0, "excluded_lines": 0, "percent_statements_covered": 100.0, "percent_statements_covered_display": "100", "num_branches": 0, "num_partial_branches": 0, "covered_branches": 0, "missing_branches": 0, "percent_branches_covered": 100.0, "percent_branches_covered_display": "100"}, "missing_lines": [], "excluded_lines": [], "start_line": 36, "executed_branches": [], "missing_branches": []}, "LeaseBook.require": {"executed_lines": [45, 46, 48, 49, 51], "summary": {"covered_lines": 5, "num_statements": 7, "percent_covered": 63.63636363636363, "percent_covered_display": "64", "missing_lines": 2, "excluded_lines": 0, "percent_statements_covered": 71.42857142857143, "percent_statements_covered_display": "71", "num_branches": 4, "num_partial_branches": 2, "covered_branches": 2, "missing_branches": 2, "percent_branches_covered": 50.0, "percent_branches_covered_display": "50"}, "missing_lines": [47, 50], "excluded_lines": [], "start_line": 39, "executed_branches": [[46, 48], [49, 51]], "missing_branches": [[46, 47], [49, 50]]}, "LeaseBook.release": {"executed_lines": [59, 60, 61, 63, 64, 65, 66, 67], "summary": {"covered_lines": 8, "num_statements": 9, "percent_covered": 84.61538461538461, "percent_covered_display": "85", "missing_lines": 1, "excluded_lines": 0, "percent_statements_covered": 88.88888888888889, "percent_statements_covered_display": "89", "num_branches": 4, "num_partial_branches": 1, "covered_branches": 3, "missing_branches": 1, "percent_branches_covered": 75.0, "percent_branches_covered_display": "75"}, "missing_lines": [62], "excluded_lines": [], "start_line": 53, "executed_branches": [[61, 63], [64, 65], [64, 66]], "missing_branches": [[61, 62]]}, "LeaseBook._key": {"executed_lines": [70], "summary": {"covered_lines": 1, "num_statements": 1, "percent_covered": 100.0, "percent_covered_display": "100", "missing_lines": 0, "excluded_lines": 0, "percent_statements_covered": 100.0, "percent_statements_covered_display": "100", "num_branches": 0, "num_partial_branches": 0, "covered_branches": 0, "missing_branches": 0, "percent_branches_covered": 100.0, "percent_branches_covered_display": "100"}, "missing_lines": [], "excluded_lines": [], "start_line": 69, "executed_branches": [], "missing_branches": []}, "SchedulerGrpcService.__init__": {"executed_lines": [80, 81, 82], "summary": {"covered_lines": 3, "num_statements": 3, "percent_covered": 100.0, "percent_covered_display": "100", "missing_lines": 0, "excluded_lines": 0, "percent_statements_covered": 100.0, "percent_statements_covered_display": "100", "num_branches": 0, "num_partial_branches": 0, "covered_branches": 0, "missing_branches": 0, "percent_branches_covered": 100.0, "percent_branches_covered_display": "100"}, "missing_lines": [], "excluded_lines": [], "start_line": 74, "executed_branches": [], "missing_branches": []}, "SchedulerGrpcService.Route": {"executed_lines": [89, 90, 94, 95, 114], "summary": {"covered_lines": 5, "num_statements": 8, "percent_covered": 62.5, "percent_covered_display": "62", "missing_lines": 3, "excluded_lines": 0, "percent_statements_covered": 62.5, "percent_statements_covered_display": "62", "num_branches": 0, "num_partial_branches": 0, "covered_branches": 0, "missing_branches": 0, "percent_branches_covered": 100.0, "percent_branches_covered_display": "100"}, "missing_lines": [91, 92, 93], "excluded_lines": [], "start_line": 84, "executed_branches": [], "missing_branches": []}, "SchedulerGrpcService.RenewLease": {"executed_lines": [], "summary": {"covered_lines": 0, "num_statements": 5, "percent_covered": 0.0, "percent_covered_display": "0", "missing_lines": 5, "excluded_lines": 0, "percent_statements_covered": 0.0, "percent_statements_covered_display": "0", "num_branches": 0, "num_partial_branches": 0, "covered_branches": 0, "missing_branches": 0, "percent_branches_covered": 100.0, "percent_branches_covered_display": "100"}, "missing_lines": [121, 122, 127, 128, 129], "excluded_lines": [], "start_line": 116, "executed_branches": [], "missing_branches": []}, "SchedulerGrpcService.Release": {"executed_lines": [136, 137, 144, 145], "summary": {"covered_lines": 4, "num_statements": 6, "percent_covered": 66.66666666666667, "percent_covered_display": "67", "missing_lines": 2, "excluded_lines": 0, "percent_statements_covered": 66.66666666666667, "percent_statements_covered_display": "67", "num_branches": 0, "num_partial_branches": 0, "covered_branches": 0, "missing_branches": 0, "percent_branches_covered": 100.0, "percent_branches_covered_display": "100"}, "missing_lines": [142, 143], "excluded_lines": [], "start_line": 131, "executed_branches": [], "missing_branches": []}, "SchedulerGrpcService.Cancel": {"executed_lines": [], "summary": {"covered_lines": 0, "num_statements": 6, "percent_covered": 0.0, "percent_covered_display": "0", "missing_lines": 6, "excluded_lines": 0, "percent_statements_covered": 0.0, "percent_statements_covered_display": "0", "num_branches": 0, "num_partial_branches": 0, "covered_branches": 0, "missing_branches": 0, "percent_branches_covered": 100.0, "percent_branches_covered_display": "100"}, "missing_lines": [152, 153, 158, 159, 160, 161], "excluded_lines": [], "start_line": 147, "executed_branches": [], "missing_branches": []}, "SchedulerGrpcService.ExplainDecision": {"executed_lines": [], "summary": {"covered_lines": 0, "num_statements": 6, "percent_covered": 0.0, "percent_covered_display": "0", "missing_lines": 6, "excluded_lines": 0, "percent_statements_covered": 0.0, "percent_statements_covered_display": "0", "num_branches": 0, "num_partial_branches": 0, "covered_branches": 0, "missing_branches": 0, "percent_branches_covered": 100.0, "percent_branches_covered_display": "100"}, "missing_lines": [168, 169, 174, 175, 176, 177], "excluded_lines": [], "start_line": 163, "executed_branches": [], "missing_branches": []}, "SchedulerGrpcService._emit_lease_event": {"executed_lines": [185], "summary": {"covered_lines": 1, "num_statements": 1, "percent_covered": 100.0, "percent_covered_display": "100", "missing_lines": 0, "excluded_lines": 0, "percent_statements_covered": 100.0, "percent_statements_covered_display": "100", "num_branches": 0, "num_partial_branches": 0, "covered_branches": 0, "missing_branches": 0, "percent_branches_covered": 100.0, "percent_branches_covered_display": "100"}, "missing_lines": [], "excluded_lines": [], "start_line": 179, "executed_branches": [], "missing_branches": []}, "SchedulerGrpcService._emit": {"executed_lines": [206, 207], "summary": {"covered_lines": 2, "num_statements": 4, "percent_covered": 50.0, "percent_covered_display": "50", "missing_lines": 2, "excluded_lines": 0, "percent_statements_covered": 50.0, "percent_statements_covered_display": "50", "num_branches": 2, "num_partial_branches": 1, "covered_branches": 1, "missing_branches": 1, "percent_branches_covered": 50.0, "percent_branches_covered_display": "50"}, "missing_lines": [208, 209], "excluded_lines": [], "start_line": 195, "executed_branches": [[206, 207]], "missing_branches": [[206, 208]]}, "WorkerGrpcService.__init__": {"executed_lines": [228, 229], "summary": {"covered_lines": 2, "num_statements": 2, "percent_covered": 100.0, "percent_covered_display": "100", "missing_lines": 0, "excluded_lines": 0, "percent_statements_covered": 100.0, "percent_statements_covered_display": "100", "num_branches": 0, "num_partial_branches": 0, "covered_branches": 0, "missing_branches": 0, "percent_branches_covered": 100.0, "percent_branches_covered_display": "100"}, "missing_lines": [], "excluded_lines": [], "start_line": 223, "executed_branches": [], "missing_branches": []}, "WorkerGrpcService.Register": {"executed_lines": [236, 237, 238, 247, 252, 253, 272], "summary": {"covered_lines": 7, "num_statements": 13, "percent_covered": 52.94117647058823, "percent_covered_display": "53", "missing_lines": 6, "excluded_lines": 0, "percent_statements_covered": 53.84615384615385, "percent_statements_covered_display": "54", "num_branches": 4, "num_partial_branches": 2, "covered_branches": 2, "missing_branches": 2, "percent_branches_covered": 50.0, "percent_branches_covered_display": "50"}, "missing_lines": [243, 244, 245, 246, 254, 257], "excluded_lines": [], "start_line": 231, "executed_branches": [[238, 247], [253, 272]], "missing_branches": [[238, 243], [253, 254]]}, "WorkerGrpcService.Heartbeat": {"executed_lines": [282, 283, 284, 285, 290, 293], "summary": {"covered_lines": 6, "num_statements": 9, "percent_covered": 69.23076923076923, "percent_covered_display": "69", "missing_lines": 3, "excluded_lines": 0, "percent_statements_covered": 66.66666666666667, "percent_statements_covered_display": "67", "num_branches": 4, "num_partial_branches": 1, "covered_branches": 3, "missing_branches": 1, "percent_branches_covered": 75.0, "percent_branches_covered_display": "75"}, "missing_lines": [289, 291, 292], "excluded_lines": [], "start_line": 277, "executed_branches": [[282, -277], [282, 283], [285, 290]], "missing_branches": [[285, 289]]}, "_request_profile": {"executed_lines": [300, 301, 302], "summary": {"covered_lines": 3, "num_statements": 3, "percent_covered": 100.0, "percent_covered_display": "100", "missing_lines": 0, "excluded_lines": 0, "percent_statements_covered": 100.0, "percent_statements_covered_display": "100", "num_branches": 0, "num_partial_branches": 0, "covered_branches": 0, "missing_branches": 0, "percent_branches_covered": 100.0, "percent_branches_covered_display": "100"}, "missing_lines": [], "excluded_lines": [], "start_line": 299, "executed_branches": [], "missing_branches": []}, "_decision_message": {"executed_lines": [349, 350], "summary": {"covered_lines": 2, "num_statements": 2, "percent_covered": 100.0, "percent_covered_display": "100", "missing_lines": 0, "excluded_lines": 0, "percent_statements_covered": 100.0, "percent_statements_covered_display": "100", "num_branches": 0, "num_partial_branches": 0, "covered_branches": 0, "missing_branches": 0, "percent_branches_covered": 100.0, "percent_branches_covered_display": "100"}, "missing_lines": [], "excluded_lines": [], "start_line": 348, "executed_branches": [], "missing_branches": []}, "serve": {"executed_lines": [], "summary": {"covered_lines": 0, "num_statements": 29, "percent_covered": 0.0, "percent_covered_display": "0", "missing_lines": 29, "excluded_lines": 0, "percent_statements_covered": 0.0, "percent_statements_covered_display": "0", "num_branches": 8, "num_partial_branches": 0, "covered_branches": 0, "missing_branches": 8, "percent_branches_covered": 0.0, "percent_branches_covered_display": "0"}, "missing_lines": [396, 398, 399, 400, 401, 402, 403, 404, 406, 407, 408, 409, 410, 411, 412, 413, 414, 415, 416, 429, 433, 434, 435, 436, 438, 439, 440, 441, 442], "excluded_lines": [], "start_line": 395, "executed_branches": [], "missing_branches": [[399, 400], [399, 406], [411, 412], [411, 415], [439, 440], [439, 441], [441, -395], [441, 442]]}, "run": {"executed_lines": [], "summary": {"covered_lines": 0, "num_statements": 1, "percent_covered": 0.0, "percent_covered_display": "0", "missing_lines": 1, "excluded_lines": 0, "percent_statements_covered": 0.0, "percent_statements_covered_display": "0", "num_branches": 0, "num_partial_branches": 0, "covered_branches": 0, "missing_branches": 0, "percent_branches_covered": 100.0, "percent_branches_covered_display": "100"}, "missing_lines": [446], "excluded_lines": [], "start_line": 445, "executed_branches": [], "missing_branches": []}, "": {"executed_lines": [1, 3, 4, 5, 6, 7, 8, 10, 11, 12, 23, 24, 25, 27, 28, 31, 32, 33, 34, 36, 39, 53, 69, 73, 74, 84, 116, 131, 147, 163, 179, 195, 222, 223, 231, 277, 299, 348, 395, 445], "summary": {"covered_lines": 40, "num_statements": 40, "percent_covered": 100.0, "percent_covered_display": "100", "missing_lines": 0, "excluded_lines": 0, "percent_statements_covered": 100.0, "percent_statements_covered_display": "100", "num_branches": 0, "num_partial_branches": 0, "covered_branches": 0, "missing_branches": 0, "percent_branches_covered": 100.0, "percent_branches_covered_display": "100"}, "missing_lines": [], "excluded_lines": [], "start_line": 1, "executed_branches": [], "missing_branches": []}}, "classes": {"LeaseBook": {"executed_lines": [37, 45, 46, 48, 49, 51, 59, 60, 61, 63, 64, 65, 66, 67, 70], "summary": {"covered_lines": 15, "num_statements": 18, "percent_covered": 76.92307692307692, "percent_covered_display": "77", "missing_lines": 3, "excluded_lines": 0, "percent_statements_covered": 83.33333333333333, "percent_statements_covered_display": "83", "num_branches": 8, "num_partial_branches": 3, "covered_branches": 5, "missing_branches": 3, "percent_branches_covered": 62.5, "percent_branches_covered_display": "62"}, "missing_lines": [47, 50, 62], "excluded_lines": [], "start_line": 32, "executed_branches": [[46, 48], [49, 51], [61, 63], [64, 65], [64, 66]], "missing_branches": [[46, 47], [49, 50], [61, 62]]}, "SchedulerGrpcService": {"executed_lines": [80, 81, 82, 89, 90, 94, 95, 114, 136, 137, 144, 145, 185, 206, 207], "summary": {"covered_lines": 15, "num_statements": 39, "percent_covered": 39.02439024390244, "percent_covered_display": "39", "missing_lines": 24, "excluded_lines": 0, "percent_statements_covered": 38.46153846153846, "percent_statements_covered_display": "38", "num_branches": 2, "num_partial_branches": 1, "covered_branches": 1, "missing_branches": 1, "percent_branches_covered": 50.0, "percent_branches_covered_display": "50"}, "missing_lines": [91, 92, 93, 121, 122, 127, 128, 129, 142, 143, 152, 153, 158, 159, 160, 161, 168, 169, 174, 175, 176, 177, 208, 209], "excluded_lines": [], "start_line": 73, "executed_branches": [[206, 207]], "missing_branches": [[206, 208]]}, "WorkerGrpcService": {"executed_lines": [228, 229, 236, 237, 238, 247, 252, 253, 272, 282, 283, 284, 285, 290, 293], "summary": {"covered_lines": 15, "num_statements": 24, "percent_covered": 62.5, "percent_covered_display": "62", "missing_lines": 9, "excluded_lines": 0, "percent_statements_covered": 62.5, "percent_statements_covered_display": "62", "num_branches": 8, "num_partial_branches": 3, "covered_branches": 5, "missing_branches": 3, "percent_branches_covered": 62.5, "percent_branches_covered_display": "62"}, "missing_lines": [243, 244, 245, 246, 254, 257, 289, 291, 292], "excluded_lines": [], "start_line": 222, "executed_branches": [[238, 247], [253, 272], [282, -277], [282, 283], [285, 290]], "missing_branches": [[238, 243], [253, 254], [285, 289]]}, "": {"executed_lines": [1, 3, 4, 5, 6, 7, 8, 10, 11, 12, 23, 24, 25, 27, 28, 31, 32, 33, 34, 36, 39, 53, 69, 73, 74, 84, 116, 131, 147, 163, 179, 195, 222, 223, 231, 277, 299, 300, 301, 302, 348, 349, 350, 395, 445], "summary": {"covered_lines": 45, "num_statements": 75, "percent_covered": 54.21686746987952, "percent_covered_display": "54", "missing_lines": 30, "excluded_lines": 0, "percent_statements_covered": 60.0, "percent_statements_covered_display": "60", "num_branches": 8, "num_partial_branches": 0, "covered_branches": 0, "missing_branches": 8, "percent_branches_covered": 0.0, "percent_branches_covered_display": "0"}, "missing_lines": [396, 398, 399, 400, 401, 402, 403, 404, 406, 407, 408, 409, 410, 411, 412, 413, 414, 415, 416, 429, 433, 434, 435, 436, 438, 439, 440, 441, 442, 446], "excluded_lines": [], "start_line": 1, "executed_branches": [], "missing_branches": [[399, 400], [399, 406], [411, 412], [411, 415], [439, 440], [439, 441], [441, -395], [441, 442]]}}}, "services/scheduler/src/freechat_scheduler/live_validation.py": {"executed_lines": [], "summary": {"covered_lines": 0, "num_statements": 70, "percent_covered": 0.0, "percent_covered_display": "0", "missing_lines": 70, "excluded_lines": 0, "percent_statements_covered": 0.0, "percent_statements_covered_display": "0", "num_branches": 8, "num_partial_branches": 0, "covered_branches": 0, "missing_branches": 8, "percent_branches_covered": 0.0, "percent_branches_covered_display": "0"}, "missing_lines": [1, 3, 4, 5, 6, 7, 9, 10, 11, 12, 13, 15, 18, 19, 20, 21, 22, 23, 46, 55, 76, 81, 82, 83, 85, 88, 94, 95, 96, 97, 98, 104, 105, 106, 113, 116, 117, 124, 125, 126, 127, 128, 130, 133, 134, 135, 136, 137, 138, 139, 140, 141, 142, 148, 151, 152, 153, 154, 155, 156, 157, 158, 159, 160, 162, 163, 166, 167, 170, 171], "excluded_lines": [], "executed_branches": [], "missing_branches": [[134, 135], [134, 136], [139, 140], [139, 141], [159, 160], [159, 162], [170, -1], [170, 171]], "functions": {"register_and_route": {"executed_lines": [], "summary": {"covered_lines": 0, "num_statements": 12, "percent_covered": 0.0, "percent_covered_display": "0", "missing_lines": 12, "excluded_lines": 0, "percent_statements_covered": 0.0, "percent_statements_covered_display": "0", "num_branches": 0, "num_partial_branches": 0, "covered_branches": 0, "missing_branches": 0, "percent_branches_covered": 100.0, "percent_branches_covered_display": "100"}, "missing_lines": [19, 20, 21, 22, 23, 46, 55, 76, 81, 82, 83, 85], "excluded_lines": [], "start_line": 18, "executed_branches": [], "missing_branches": []}, "recover_and_release": {"executed_lines": [], "summary": {"covered_lines": 0, "num_statements": 9, "percent_covered": 0.0, "percent_covered_display": "0", "missing_lines": 9, "excluded_lines": 0, "percent_statements_covered": 0.0, "percent_statements_covered_display": "0", "num_branches": 0, "num_partial_branches": 0, "covered_branches": 0, "missing_branches": 0, "percent_branches_covered": 100.0, "percent_branches_covered_display": "100"}, "missing_lines": [94, 95, 96, 97, 98, 104, 105, 106, 113], "excluded_lines": [], "start_line": 88, "executed_branches": [], "missing_branches": []}, "_context": {"executed_lines": [], "summary": {"covered_lines": 0, "num_statements": 1, "percent_covered": 0.0, "percent_covered_display": "0", "missing_lines": 1, "excluded_lines": 0, "percent_statements_covered": 0.0, "percent_statements_covered_display": "0", "num_branches": 0, "num_partial_branches": 0, "covered_branches": 0, "missing_branches": 0, "percent_branches_covered": 100.0, "percent_branches_covered_display": "100"}, "missing_lines": [117], "excluded_lines": [], "start_line": 116, "executed_branches": [], "missing_branches": []}, "_stream_messages": {"executed_lines": [], "summary": {"covered_lines": 0, "num_statements": 5, "percent_covered": 0.0, "percent_covered_display": "0", "missing_lines": 5, "excluded_lines": 0, "percent_statements_covered": 0.0, "percent_statements_covered_display": "0", "num_branches": 0, "num_partial_branches": 0, "covered_branches": 0, "missing_branches": 0, "percent_branches_covered": 100.0, "percent_branches_covered_display": "100"}, "missing_lines": [125, 126, 127, 128, 130], "excluded_lines": [], "start_line": 124, "executed_branches": [], "missing_branches": []}, "_load_state": {"executed_lines": [], "summary": {"covered_lines": 0, "num_statements": 10, "percent_covered": 0.0, "percent_covered_display": "0", "missing_lines": 10, "excluded_lines": 0, "percent_statements_covered": 0.0, "percent_statements_covered_display": "0", "num_branches": 4, "num_partial_branches": 0, "covered_branches": 0, "missing_branches": 4, "percent_branches_covered": 0.0, "percent_branches_covered_display": "0"}, "missing_lines": [134, 135, 136, 137, 138, 139, 140, 141, 142, 148], "excluded_lines": [], "start_line": 133, "executed_branches": [], "missing_branches": [[134, 135], [134, 136], [139, 140], [139, 141]]}, "_run": {"executed_lines": [], "summary": {"covered_lines": 0, "num_statements": 11, "percent_covered": 0.0, "percent_covered_display": "0", "missing_lines": 11, "excluded_lines": 0, "percent_statements_covered": 0.0, "percent_statements_covered_display": "0", "num_branches": 2, "num_partial_branches": 0, "covered_branches": 0, "missing_branches": 2, "percent_branches_covered": 0.0, "percent_branches_covered_display": "0"}, "missing_lines": [152, 153, 154, 155, 156, 157, 158, 159, 160, 162, 163], "excluded_lines": [], "start_line": 151, "executed_branches": [], "missing_branches": [[159, 160], [159, 162]]}, "run": {"executed_lines": [], "summary": {"covered_lines": 0, "num_statements": 1, "percent_covered": 0.0, "percent_covered_display": "0", "missing_lines": 1, "excluded_lines": 0, "percent_statements_covered": 0.0, "percent_statements_covered_display": "0", "num_branches": 0, "num_partial_branches": 0, "covered_branches": 0, "missing_branches": 0, "percent_branches_covered": 100.0, "percent_branches_covered_display": "100"}, "missing_lines": [167], "excluded_lines": [], "start_line": 166, "executed_branches": [], "missing_branches": []}, "": {"executed_lines": [], "summary": {"covered_lines": 0, "num_statements": 21, "percent_covered": 0.0, "percent_covered_display": "0", "missing_lines": 21, "excluded_lines": 0, "percent_statements_covered": 0.0, "percent_statements_covered_display": "0", "num_branches": 2, "num_partial_branches": 0, "covered_branches": 0, "missing_branches": 2, "percent_branches_covered": 0.0, "percent_branches_covered_display": "0"}, "missing_lines": [1, 3, 4, 5, 6, 7, 9, 10, 11, 12, 13, 15, 18, 88, 116, 124, 133, 151, 166, 170, 171], "excluded_lines": [], "start_line": 1, "executed_branches": [], "missing_branches": [[170, -1], [170, 171]]}}, "classes": {"": {"executed_lines": [], "summary": {"covered_lines": 0, "num_statements": 70, "percent_covered": 0.0, "percent_covered_display": "0", "missing_lines": 70, "excluded_lines": 0, "percent_statements_covered": 0.0, "percent_statements_covered_display": "0", "num_branches": 8, "num_partial_branches": 0, "covered_branches": 0, "missing_branches": 8, "percent_branches_covered": 0.0, "percent_branches_covered_display": "0"}, "missing_lines": [1, 3, 4, 5, 6, 7, 9, 10, 11, 12, 13, 15, 18, 19, 20, 21, 22, 23, 46, 55, 76, 81, 82, 83, 85, 88, 94, 95, 96, 97, 98, 104, 105, 106, 113, 116, 117, 124, 125, 126, 127, 128, 130, 133, 134, 135, 136, 137, 138, 139, 140, 141, 142, 148, 151, 152, 153, 154, 155, 156, 157, 158, 159, 160, 162, 163, 166, 167, 170, 171], "excluded_lines": [], "start_line": 1, "executed_branches": [], "missing_branches": [[134, 135], [134, 136], [139, 140], [139, 141], [159, 160], [159, 162], [170, -1], [170, 171]]}}}, "services/scheduler/src/freechat_scheduler/local_cluster.py": {"executed_lines": [6, 8, 9, 10, 11, 12, 13, 14, 15, 17, 18, 19, 20, 22, 23, 24, 25, 32, 35, 36, 46, 51, 52, 53, 54, 57, 58, 61, 64, 65, 66, 67, 68, 69, 70, 71, 72, 73, 74, 75, 88, 89, 92, 102, 118, 126, 133, 136, 142, 143, 144, 152, 153, 154, 155, 173, 174, 175, 183, 184, 194, 195, 198, 199, 200, 201, 202, 203, 204, 208, 209, 210, 213], "summary": {"covered_lines": 73, "num_statements": 74, "percent_covered": 97.61904761904762, "percent_covered_display": "98", "missing_lines": 1, "excluded_lines": 0, "percent_statements_covered": 98.64864864864865, "percent_statements_covered_display": "99", "num_branches": 10, "num_partial_branches": 1, "covered_branches": 9, "missing_branches": 1, "percent_branches_covered": 90.0, "percent_branches_covered_display": "90"}, "missing_lines": [214], "excluded_lines": [], "executed_branches": [[72, 73], [72, 153], [73, 72], [73, 74], [154, 155], [154, 183], [202, 203], [202, 204], [213, -1]], "missing_branches": [[213, 214]], "functions": {"validate_layout": {"executed_lines": [36, 46, 51, 52, 53, 54, 57, 58, 61, 64, 65, 66, 67, 68, 69, 70, 71, 72, 73, 74, 75, 88, 89, 92, 102, 118, 126, 133, 142, 143, 144, 152, 153, 154, 155, 173, 174, 175, 183, 184, 194, 195], "summary": {"covered_lines": 42, "num_statements": 42, "percent_covered": 100.0, "percent_covered_display": "100", "missing_lines": 0, "excluded_lines": 0, "percent_statements_covered": 100.0, "percent_statements_covered_display": "100", "num_branches": 6, "num_partial_branches": 0, "covered_branches": 6, "missing_branches": 0, "percent_branches_covered": 100.0, "percent_branches_covered_display": "100"}, "missing_lines": [], "excluded_lines": [], "start_line": 35, "executed_branches": [[72, 73], [72, 153], [73, 72], [73, 74], [154, 155], [154, 183]], "missing_branches": []}, "validate_layout.heartbeat": {"executed_lines": [136], "summary": {"covered_lines": 1, "num_statements": 1, "percent_covered": 100.0, "percent_covered_display": "100", "missing_lines": 0, "excluded_lines": 0, "percent_statements_covered": 100.0, "percent_statements_covered_display": "100", "num_branches": 0, "num_partial_branches": 0, "covered_branches": 0, "missing_branches": 0, "percent_branches_covered": 100.0, "percent_branches_covered_display": "100"}, "missing_lines": [], "excluded_lines": [], "start_line": 133, "executed_branches": [], "missing_branches": []}, "main_async": {"executed_lines": [199, 200, 201, 202, 203, 204, 208, 209, 210], "summary": {"covered_lines": 9, "num_statements": 9, "percent_covered": 100.0, "percent_covered_display": "100", "missing_lines": 0, "excluded_lines": 0, "percent_statements_covered": 100.0, "percent_statements_covered_display": "100", "num_branches": 2, "num_partial_branches": 0, "covered_branches": 2, "missing_branches": 0, "percent_branches_covered": 100.0, "percent_branches_covered_display": "100"}, "missing_lines": [], "excluded_lines": [], "start_line": 198, "executed_branches": [[202, 203], [202, 204]], "missing_branches": []}, "": {"executed_lines": [6, 8, 9, 10, 11, 12, 13, 14, 15, 17, 18, 19, 20, 22, 23, 24, 25, 32, 35, 198, 213], "summary": {"covered_lines": 21, "num_statements": 22, "percent_covered": 91.66666666666667, "percent_covered_display": "92", "missing_lines": 1, "excluded_lines": 0, "percent_statements_covered": 95.45454545454545, "percent_statements_covered_display": "95", "num_branches": 2, "num_partial_branches": 1, "covered_branches": 1, "missing_branches": 1, "percent_branches_covered": 50.0, "percent_branches_covered_display": "50"}, "missing_lines": [214], "excluded_lines": [], "start_line": 1, "executed_branches": [[213, -1]], "missing_branches": [[213, 214]]}}, "classes": {"": {"executed_lines": [6, 8, 9, 10, 11, 12, 13, 14, 15, 17, 18, 19, 20, 22, 23, 24, 25, 32, 35, 36, 46, 51, 52, 53, 54, 57, 58, 61, 64, 65, 66, 67, 68, 69, 70, 71, 72, 73, 74, 75, 88, 89, 92, 102, 118, 126, 133, 136, 142, 143, 144, 152, 153, 154, 155, 173, 174, 175, 183, 184, 194, 195, 198, 199, 200, 201, 202, 203, 204, 208, 209, 210, 213], "summary": {"covered_lines": 73, "num_statements": 74, "percent_covered": 97.61904761904762, "percent_covered_display": "98", "missing_lines": 1, "excluded_lines": 0, "percent_statements_covered": 98.64864864864865, "percent_statements_covered_display": "99", "num_branches": 10, "num_partial_branches": 1, "covered_branches": 9, "missing_branches": 1, "percent_branches_covered": 90.0, "percent_branches_covered_display": "90"}, "missing_lines": [214], "excluded_lines": [], "start_line": 1, "executed_branches": [[72, 73], [72, 153], [73, 72], [73, 74], [154, 155], [154, 183], [202, 203], [202, 204], [213, -1]], "missing_branches": [[213, 214]]}}}, "services/scheduler/src/freechat_scheduler/parallel.py": {"executed_lines": [1, 3, 4, 5, 8, 9, 10, 11, 12, 15, 16, 17, 18, 19, 20, 21, 22, 23, 26, 27, 28, 29, 30, 31, 32, 35, 36, 37, 38, 39, 40, 43, 46, 47, 51, 52, 54, 59, 60, 61, 62, 63, 64, 68, 69, 70, 71, 72, 73, 74, 75, 76, 77, 82, 83, 84, 85, 86, 87, 88, 89, 90, 91, 92, 93, 94, 95, 96, 97, 98, 99, 100, 101, 115, 116, 117, 118, 119, 120, 121, 122, 123, 124, 125, 126], "summary": {"covered_lines": 85, "num_statements": 85, "percent_covered": 100.0, "percent_covered_display": "100", "missing_lines": 0, "excluded_lines": 0, "percent_statements_covered": 100.0, "percent_statements_covered_display": "100", "num_branches": 44, "num_partial_branches": 0, "covered_branches": 44, "missing_branches": 0, "percent_branches_covered": 100.0, "percent_branches_covered_display": "100"}, "missing_lines": [], "excluded_lines": [], "executed_branches": [[47, 51], [47, 52], [60, 61], [60, 62], [62, 63], [62, 64], [64, 68], [64, 70], [68, 64], [68, 69], [70, 71], [70, 72], [72, 73], [72, 74], [75, 76], [75, 77], [85, 86], [85, 88], [86, 85], [86, 87], [88, 83], [88, 89], [90, 91], [90, 92], [93, 94], [93, 95], [95, 96], [95, 97], [97, 98], [97, 99], [99, 100], [99, 101], [101, 115], [101, 116], [116, 117], [116, 118], [118, 119], [118, 120], [120, 121], [120, 122], [122, 123], [122, 124], [124, 125], [124, 126]], "missing_branches": [], "functions": {"ParallelPlanner.__init__": {"executed_lines": [47, 51, 52], "summary": {"covered_lines": 3, "num_statements": 3, "percent_covered": 100.0, "percent_covered_display": "100", "missing_lines": 0, "excluded_lines": 0, "percent_statements_covered": 100.0, "percent_statements_covered_display": "100", "num_branches": 2, "num_partial_branches": 0, "covered_branches": 2, "missing_branches": 0, "percent_branches_covered": 100.0, "percent_branches_covered_display": "100"}, "missing_lines": [], "excluded_lines": [], "start_line": 46, "executed_branches": [[47, 51], [47, 52]], "missing_branches": []}, "ParallelPlanner.evaluate": {"executed_lines": [59, 60, 61, 62, 63, 64, 68, 69, 70, 71, 72, 73, 74, 75, 76, 77, 82, 83, 84, 85, 86, 87, 88, 89, 90, 91, 92, 93, 94, 95, 96, 97, 98, 99, 100, 101, 115, 116, 117, 118, 119, 120, 121, 122, 123, 124, 125, 126], "summary": {"covered_lines": 48, "num_statements": 48, "percent_covered": 100.0, "percent_covered_display": "100", "missing_lines": 0, "excluded_lines": 0, "percent_statements_covered": 100.0, "percent_statements_covered_display": "100", "num_branches": 42, "num_partial_branches": 0, "covered_branches": 42, "missing_branches": 0, "percent_branches_covered": 100.0, "percent_branches_covered_display": "100"}, "missing_lines": [], "excluded_lines": [], "start_line": 54, "executed_branches": [[60, 61], [60, 62], [62, 63], [62, 64], [64, 68], [64, 70], [68, 64], [68, 69], [70, 71], [70, 72], [72, 73], [72, 74], [75, 76], [75, 77], [85, 86], [85, 88], [86, 85], [86, 87], [88, 83], [88, 89], [90, 91], [90, 92], [93, 94], [93, 95], [95, 96], [95, 97], [97, 98], [97, 99], [99, 100], [99, 101], [101, 115], [101, 116], [116, 117], [116, 118], [118, 119], [118, 120], [120, 121], [120, 122], [122, 123], [122, 124], [124, 125], [124, 126]], "missing_branches": []}, "": {"executed_lines": [1, 3, 4, 5, 8, 9, 10, 11, 12, 15, 16, 17, 18, 19, 20, 21, 22, 23, 26, 27, 28, 29, 30, 31, 32, 35, 36, 37, 38, 39, 40, 43, 46, 54], "summary": {"covered_lines": 34, "num_statements": 34, "percent_covered": 100.0, "percent_covered_display": "100", "missing_lines": 0, "excluded_lines": 0, "percent_statements_covered": 100.0, "percent_statements_covered_display": "100", "num_branches": 0, "num_partial_branches": 0, "covered_branches": 0, "missing_branches": 0, "percent_branches_covered": 100.0, "percent_branches_covered_display": "100"}, "missing_lines": [], "excluded_lines": [], "start_line": 1, "executed_branches": [], "missing_branches": []}}, "classes": {"ParallelMode": {"executed_lines": [], "summary": {"covered_lines": 0, "num_statements": 0, "percent_covered": 100.0, "percent_covered_display": "100", "missing_lines": 0, "excluded_lines": 0, "percent_statements_covered": 100.0, "percent_statements_covered_display": "100", "num_branches": 0, "num_partial_branches": 0, "covered_branches": 0, "missing_branches": 0, "percent_branches_covered": 100.0, "percent_branches_covered_display": "100"}, "missing_lines": [], "excluded_lines": [], "start_line": 8, "executed_branches": [], "missing_branches": []}, "DeviceLink": {"executed_lines": [], "summary": {"covered_lines": 0, "num_statements": 0, "percent_covered": 100.0, "percent_covered_display": "100", "missing_lines": 0, "excluded_lines": 0, "percent_statements_covered": 100.0, "percent_statements_covered_display": "100", "num_branches": 0, "num_partial_branches": 0, "covered_branches": 0, "missing_branches": 0, "percent_branches_covered": 100.0, "percent_branches_covered_display": "100"}, "missing_lines": [], "excluded_lines": [], "start_line": 16, "executed_branches": [], "missing_branches": []}, "ParallelCandidate": {"executed_lines": [], "summary": {"covered_lines": 0, "num_statements": 0, "percent_covered": 100.0, "percent_covered_display": "100", "missing_lines": 0, "excluded_lines": 0, "percent_statements_covered": 100.0, "percent_statements_covered_display": "100", "num_branches": 0, "num_partial_branches": 0, "covered_branches": 0, "missing_branches": 0, "percent_branches_covered": 100.0, "percent_branches_covered_display": "100"}, "missing_lines": [], "excluded_lines": [], "start_line": 27, "executed_branches": [], "missing_branches": []}, "ParallelDecision": {"executed_lines": [], "summary": {"covered_lines": 0, "num_statements": 0, "percent_covered": 100.0, "percent_covered_display": "100", "missing_lines": 0, "excluded_lines": 0, "percent_statements_covered": 100.0, "percent_statements_covered_display": "100", "num_branches": 0, "num_partial_branches": 0, "covered_branches": 0, "missing_branches": 0, "percent_branches_covered": 100.0, "percent_branches_covered_display": "100"}, "missing_lines": [], "excluded_lines": [], "start_line": 36, "executed_branches": [], "missing_branches": []}, "ParallelPlanner": {"executed_lines": [47, 51, 52, 59, 60, 61, 62, 63, 64, 68, 69, 70, 71, 72, 73, 74, 75, 76, 77, 82, 83, 84, 85, 86, 87, 88, 89, 90, 91, 92, 93, 94, 95, 96, 97, 98, 99, 100, 101, 115, 116, 117, 118, 119, 120, 121, 122, 123, 124, 125, 126], "summary": {"covered_lines": 51, "num_statements": 51, "percent_covered": 100.0, "percent_covered_display": "100", "missing_lines": 0, "excluded_lines": 0, "percent_statements_covered": 100.0, "percent_statements_covered_display": "100", "num_branches": 44, "num_partial_branches": 0, "covered_branches": 44, "missing_branches": 0, "percent_branches_covered": 100.0, "percent_branches_covered_display": "100"}, "missing_lines": [], "excluded_lines": [], "start_line": 43, "executed_branches": [[47, 51], [47, 52], [60, 61], [60, 62], [62, 63], [62, 64], [64, 68], [64, 70], [68, 64], [68, 69], [70, 71], [70, 72], [72, 73], [72, 74], [75, 76], [75, 77], [85, 86], [85, 88], [86, 85], [86, 87], [88, 83], [88, 89], [90, 91], [90, 92], [93, 94], [93, 95], [95, 96], [95, 97], [97, 98], [97, 99], [99, 100], [99, 101], [101, 115], [101, 116], [116, 117], [116, 118], [118, 119], [118, 120], [120, 121], [120, 122], [122, 123], [122, 124], [124, 125], [124, 126]], "missing_branches": []}, "": {"executed_lines": [1, 3, 4, 5, 8, 9, 10, 11, 12, 15, 16, 17, 18, 19, 20, 21, 22, 23, 26, 27, 28, 29, 30, 31, 32, 35, 36, 37, 38, 39, 40, 43, 46, 54], "summary": {"covered_lines": 34, "num_statements": 34, "percent_covered": 100.0, "percent_covered_display": "100", "missing_lines": 0, "excluded_lines": 0, "percent_statements_covered": 100.0, "percent_statements_covered_display": "100", "num_branches": 0, "num_partial_branches": 0, "covered_branches": 0, "missing_branches": 0, "percent_branches_covered": 100.0, "percent_branches_covered_display": "100"}, "missing_lines": [], "excluded_lines": [], "start_line": 1, "executed_branches": [], "missing_branches": []}}}, "services/scheduler/src/freechat_scheduler/registry.py": {"executed_lines": [1, 3, 5, 6, 9, 10, 11, 12, 15, 16, 24, 25, 27, 32, 34, 36, 38, 45, 46, 50, 55, 56, 58, 59, 60, 62, 63, 66, 69, 70, 72, 73, 74, 76, 77, 78, 79, 80, 81, 82, 84, 89, 93, 94, 96, 109, 110, 111, 112, 113, 114, 115, 122, 125, 129, 138, 139, 141, 143, 144, 145, 146, 147, 150, 151, 153, 154], "summary": {"covered_lines": 67, "num_statements": 87, "percent_covered": 71.55963302752293, "percent_covered_display": "72", "missing_lines": 20, "excluded_lines": 0, "percent_statements_covered": 77.01149425287356, "percent_statements_covered_display": "77", "num_branches": 22, "num_partial_branches": 5, "covered_branches": 11, "missing_branches": 11, "percent_branches_covered": 50.0, "percent_branches_covered_display": "50"}, "missing_lines": [33, 35, 39, 40, 41, 42, 43, 61, 97, 98, 99, 100, 101, 102, 103, 107, 120, 121, 140, 142], "excluded_lines": [], "executed_branches": [[32, 34], [34, 36], [60, 62], [80, -76], [80, 81], [139, 141], [141, 143], [143, 144], [143, 145], [146, -138], [146, 147]], "missing_branches": [[32, 33], [34, 35], [40, 41], [40, 42], [60, 61], [98, 99], [98, 100], [101, 102], [101, 103], [139, 140], [141, 142]], "functions": {"InMemoryWorkerRegistry.upsert": {"executed_lines": [32, 34, 36], "summary": {"covered_lines": 3, "num_statements": 5, "percent_covered": 55.55555555555556, "percent_covered_display": "56", "missing_lines": 2, "excluded_lines": 0, "percent_statements_covered": 60.0, "percent_statements_covered_display": "60", "num_branches": 4, "num_partial_branches": 2, "covered_branches": 2, "missing_branches": 2, "percent_branches_covered": 50.0, "percent_branches_covered_display": "50"}, "missing_lines": [33, 35], "excluded_lines": [], "start_line": 27, "executed_branches": [[32, 34], [34, 36]], "missing_branches": [[32, 33], [34, 35]]}, "InMemoryWorkerRegistry.remove": {"executed_lines": [], "summary": {"covered_lines": 0, "num_statements": 5, "percent_covered": 0.0, "percent_covered_display": "0", "missing_lines": 5, "excluded_lines": 0, "percent_statements_covered": 0.0, "percent_statements_covered_display": "0", "num_branches": 2, "num_partial_branches": 0, "covered_branches": 0, "missing_branches": 2, "percent_branches_covered": 0.0, "percent_branches_covered_display": "0"}, "missing_lines": [39, 40, 41, 42, 43], "excluded_lines": [], "start_line": 38, "executed_branches": [], "missing_branches": [[40, 41], [40, 42]]}, "InMemoryWorkerRegistry.snapshot": {"executed_lines": [46], "summary": {"covered_lines": 1, "num_statements": 1, "percent_covered": 100.0, "percent_covered_display": "100", "missing_lines": 0, "excluded_lines": 0, "percent_statements_covered": 100.0, "percent_statements_covered_display": "100", "num_branches": 0, "num_partial_branches": 0, "covered_branches": 0, "missing_branches": 0, "percent_branches_covered": 100.0, "percent_branches_covered_display": "100"}, "missing_lines": [], "excluded_lines": [], "start_line": 45, "executed_branches": [], "missing_branches": []}, "InMemoryWorkerRegistry.register": {"executed_lines": [55, 56], "summary": {"covered_lines": 2, "num_statements": 2, "percent_covered": 100.0, "percent_covered_display": "100", "missing_lines": 0, "excluded_lines": 0, "percent_statements_covered": 100.0, "percent_statements_covered_display": "100", "num_branches": 0, "num_partial_branches": 0, "covered_branches": 0, "missing_branches": 0, "percent_branches_covered": 100.0, "percent_branches_covered_display": "100"}, "missing_lines": [], "excluded_lines": [], "start_line": 50, "executed_branches": [], "missing_branches": []}, "InMemoryWorkerRegistry.heartbeat": {"executed_lines": [59, 60, 62, 63], "summary": {"covered_lines": 4, "num_statements": 5, "percent_covered": 71.42857142857143, "percent_covered_display": "71", "missing_lines": 1, "excluded_lines": 0, "percent_statements_covered": 80.0, "percent_statements_covered_display": "80", "num_branches": 2, "num_partial_branches": 1, "covered_branches": 1, "missing_branches": 1, "percent_branches_covered": 50.0, "percent_branches_covered_display": "50"}, "missing_lines": [61], "excluded_lines": [], "start_line": 58, "executed_branches": [[60, 62]], "missing_branches": [[60, 61]]}, "PersistentWorkerRegistry.__init__": {"executed_lines": [73, 74], "summary": {"covered_lines": 2, "num_statements": 2, "percent_covered": 100.0, "percent_covered_display": "100", "missing_lines": 0, "excluded_lines": 0, "percent_statements_covered": 100.0, "percent_statements_covered_display": "100", "num_branches": 0, "num_partial_branches": 0, "covered_branches": 0, "missing_branches": 0, "percent_branches_covered": 100.0, "percent_branches_covered_display": "100"}, "missing_lines": [], "excluded_lines": [], "start_line": 72, "executed_branches": [], "missing_branches": []}, "PersistentWorkerRegistry.restore": {"executed_lines": [77, 78, 79, 80, 81, 82], "summary": {"covered_lines": 6, "num_statements": 6, "percent_covered": 100.0, "percent_covered_display": "100", "missing_lines": 0, "excluded_lines": 0, "percent_statements_covered": 100.0, "percent_statements_covered_display": "100", "num_branches": 2, "num_partial_branches": 0, "covered_branches": 2, "missing_branches": 0, "percent_branches_covered": 100.0, "percent_branches_covered_display": "100"}, "missing_lines": [], "excluded_lines": [], "start_line": 76, "executed_branches": [[80, -76], [80, 81]], "missing_branches": []}, "PersistentWorkerRegistry.register": {"executed_lines": [89, 93, 94], "summary": {"covered_lines": 3, "num_statements": 3, "percent_covered": 100.0, "percent_covered_display": "100", "missing_lines": 0, "excluded_lines": 0, "percent_statements_covered": 100.0, "percent_statements_covered_display": "100", "num_branches": 0, "num_partial_branches": 0, "covered_branches": 0, "missing_branches": 0, "percent_branches_covered": 100.0, "percent_branches_covered_display": "100"}, "missing_lines": [], "excluded_lines": [], "start_line": 84, "executed_branches": [], "missing_branches": []}, "PersistentWorkerRegistry.heartbeat": {"executed_lines": [], "summary": {"covered_lines": 0, "num_statements": 8, "percent_covered": 0.0, "percent_covered_display": "0", "missing_lines": 8, "excluded_lines": 0, "percent_statements_covered": 0.0, "percent_statements_covered_display": "0", "num_branches": 4, "num_partial_branches": 0, "covered_branches": 0, "missing_branches": 4, "percent_branches_covered": 0.0, "percent_branches_covered_display": "0"}, "missing_lines": [97, 98, 99, 100, 101, 102, 103, 107], "excluded_lines": [], "start_line": 96, "executed_branches": [], "missing_branches": [[98, 99], [98, 100], [101, 102], [101, 103]]}, "PersistentWorkerRegistry._increment_topology_generation": {"executed_lines": [110, 111, 112, 113, 114, 115, 122], "summary": {"covered_lines": 7, "num_statements": 9, "percent_covered": 77.77777777777777, "percent_covered_display": "78", "missing_lines": 2, "excluded_lines": 0, "percent_statements_covered": 77.77777777777777, "percent_statements_covered_display": "78", "num_branches": 0, "num_partial_branches": 0, "covered_branches": 0, "missing_branches": 0, "percent_branches_covered": 100.0, "percent_branches_covered_display": "100"}, "missing_lines": [120, 121], "excluded_lines": [], "start_line": 109, "executed_branches": [], "missing_branches": []}, "_encode_snapshot": {"executed_lines": [129], "summary": {"covered_lines": 1, "num_statements": 1, "percent_covered": 100.0, "percent_covered_display": "100", "missing_lines": 0, "excluded_lines": 0, "percent_statements_covered": 100.0, "percent_statements_covered_display": "100", "num_branches": 0, "num_partial_branches": 0, "covered_branches": 0, "missing_branches": 0, "percent_branches_covered": 100.0, "percent_branches_covered_display": "100"}, "missing_lines": [], "excluded_lines": [], "start_line": 125, "executed_branches": [], "missing_branches": []}, "_validate_heartbeat": {"executed_lines": [139, 141, 143, 144, 145, 146, 147], "summary": {"covered_lines": 7, "num_statements": 9, "percent_covered": 76.47058823529412, "percent_covered_display": "76", "missing_lines": 2, "excluded_lines": 0, "percent_statements_covered": 77.77777777777777, "percent_statements_covered_display": "78", "num_branches": 8, "num_partial_branches": 2, "covered_branches": 6, "missing_branches": 2, "percent_branches_covered": 75.0, "percent_branches_covered_display": "75"}, "missing_lines": [140, 142], "excluded_lines": [], "start_line": 138, "executed_branches": [[139, 141], [141, 143], [143, 144], [143, 145], [146, -138], [146, 147]], "missing_branches": [[139, 140], [141, 142]]}, "_decode_snapshot": {"executed_lines": [151, 153, 154], "summary": {"covered_lines": 3, "num_statements": 3, "percent_covered": 100.0, "percent_covered_display": "100", "missing_lines": 0, "excluded_lines": 0, "percent_statements_covered": 100.0, "percent_statements_covered_display": "100", "num_branches": 0, "num_partial_branches": 0, "covered_branches": 0, "missing_branches": 0, "percent_branches_covered": 100.0, "percent_branches_covered_display": "100"}, "missing_lines": [], "excluded_lines": [], "start_line": 150, "executed_branches": [], "missing_branches": []}, "": {"executed_lines": [1, 3, 5, 6, 9, 10, 11, 12, 15, 16, 24, 25, 27, 38, 45, 50, 58, 66, 69, 70, 72, 76, 84, 96, 109, 125, 138, 150], "summary": {"covered_lines": 28, "num_statements": 28, "percent_covered": 100.0, "percent_covered_display": "100", "missing_lines": 0, "excluded_lines": 0, "percent_statements_covered": 100.0, "percent_statements_covered_display": "100", "num_branches": 0, "num_partial_branches": 0, "covered_branches": 0, "missing_branches": 0, "percent_branches_covered": 100.0, "percent_branches_covered_display": "100"}, "missing_lines": [], "excluded_lines": [], "start_line": 1, "executed_branches": [], "missing_branches": []}}, "classes": {"WorkerSnapshot": {"executed_lines": [], "summary": {"covered_lines": 0, "num_statements": 0, "percent_covered": 100.0, "percent_covered_display": "100", "missing_lines": 0, "excluded_lines": 0, "percent_statements_covered": 100.0, "percent_statements_covered_display": "100", "num_branches": 0, "num_partial_branches": 0, "covered_branches": 0, "missing_branches": 0, "percent_branches_covered": 100.0, "percent_branches_covered_display": "100"}, "missing_lines": [], "excluded_lines": [], "start_line": 10, "executed_branches": [], "missing_branches": []}, "InMemoryWorkerRegistry": {"executed_lines": [32, 34, 36, 46, 55, 56, 59, 60, 62, 63], "summary": {"covered_lines": 10, "num_statements": 18, "percent_covered": 50.0, "percent_covered_display": "50", "missing_lines": 8, "excluded_lines": 0, "percent_statements_covered": 55.55555555555556, "percent_statements_covered_display": "56", "num_branches": 8, "num_partial_branches": 3, "covered_branches": 3, "missing_branches": 5, "percent_branches_covered": 37.5, "percent_branches_covered_display": "38"}, "missing_lines": [33, 35, 39, 40, 41, 42, 43, 61], "excluded_lines": [], "start_line": 16, "executed_branches": [[32, 34], [34, 36], [60, 62]], "missing_branches": [[32, 33], [34, 35], [40, 41], [40, 42], [60, 61]]}, "PersistentWorkerRegistry": {"executed_lines": [73, 74, 77, 78, 79, 80, 81, 82, 89, 93, 94, 110, 111, 112, 113, 114, 115, 122], "summary": {"covered_lines": 18, "num_statements": 28, "percent_covered": 58.8235294117647, "percent_covered_display": "59", "missing_lines": 10, "excluded_lines": 0, "percent_statements_covered": 64.28571428571429, "percent_statements_covered_display": "64", "num_branches": 6, "num_partial_branches": 0, "covered_branches": 2, "missing_branches": 4, "percent_branches_covered": 33.333333333333336, "percent_branches_covered_display": "33"}, "missing_lines": [97, 98, 99, 100, 101, 102, 103, 107, 120, 121], "excluded_lines": [], "start_line": 66, "executed_branches": [[80, -76], [80, 81]], "missing_branches": [[98, 99], [98, 100], [101, 102], [101, 103]]}, "": {"executed_lines": [1, 3, 5, 6, 9, 10, 11, 12, 15, 16, 24, 25, 27, 38, 45, 50, 58, 66, 69, 70, 72, 76, 84, 96, 109, 125, 129, 138, 139, 141, 143, 144, 145, 146, 147, 150, 151, 153, 154], "summary": {"covered_lines": 39, "num_statements": 41, "percent_covered": 91.83673469387755, "percent_covered_display": "92", "missing_lines": 2, "excluded_lines": 0, "percent_statements_covered": 95.1219512195122, "percent_statements_covered_display": "95", "num_branches": 8, "num_partial_branches": 2, "covered_branches": 6, "missing_branches": 2, "percent_branches_covered": 75.0, "percent_branches_covered_display": "75"}, "missing_lines": [140, 142], "excluded_lines": [], "start_line": 1, "executed_branches": [[139, 141], [141, 143], [143, 144], [143, 145], [146, -138], [146, 147]], "missing_branches": [[139, 140], [141, 142]]}}}, "services/scheduler/src/freechat_scheduler/resource_groups.py": {"executed_lines": [7, 9, 10, 11, 12, 14, 15, 17, 20, 21, 22, 23, 24, 25, 26, 29, 30, 31, 32, 34, 35, 36, 37, 38, 41, 42, 43, 44, 45, 46, 47, 48, 49, 50, 51, 52, 53, 55, 56, 57, 58, 59, 63, 64, 65, 66, 69, 70, 71, 72, 73, 74, 75, 76, 77, 80, 92, 93, 94, 95, 96, 97, 98, 99, 100, 101, 102, 105, 106, 107, 108, 109, 112, 119, 128, 129, 130, 131, 132, 133, 135, 136, 137, 138, 139, 140, 141, 142, 143, 144, 145, 146, 147, 148, 149, 154, 155, 165, 166, 168, 169, 170, 172, 173, 174, 175, 176, 177, 178, 179, 181, 182, 183, 184, 185, 186, 189, 190, 191, 192, 194, 202, 203, 204, 206, 207, 208, 209, 210, 211, 216, 217, 218, 224, 225, 226, 227, 231, 232, 244, 251, 253, 263, 264, 265, 266, 267, 272, 273, 274, 275, 280, 281, 282, 283, 284, 285, 286, 287, 294, 296, 298, 301, 302, 304, 305, 306, 307, 308, 314, 315, 318, 320, 322, 323, 324, 337], "summary": {"covered_lines": 177, "num_statements": 177, "percent_covered": 100.0, "percent_covered_display": "100", "missing_lines": 0, "excluded_lines": 0, "percent_statements_covered": 100.0, "percent_statements_covered_display": "100", "num_branches": 64, "num_partial_branches": 0, "covered_branches": 64, "missing_branches": 0, "percent_branches_covered": 100.0, "percent_branches_covered_display": "100"}, "missing_lines": [], "excluded_lines": [], "executed_branches": [[36, 37], [36, 38], [57, 58], [57, 59], [59, 63], [59, 64], [64, 65], [64, 66], [137, 138], [137, 139], [140, 141], [140, 142], [142, 143], [142, 144], [144, 145], [144, 146], [146, 147], [146, 148], [148, -135], [148, 149], [149, 154], [149, 155], [165, -135], [165, 166], [174, 175], [174, 176], [177, 178], [177, 179], [182, 183], [182, 192], [202, 203], [202, 204], [209, 210], [209, 211], [211, 216], [211, 217], [217, 218], [217, 226], [218, 224], [218, 225], [226, 227], [226, 232], [227, 226], [227, 231], [265, 266], [265, 267], [267, 272], [267, 273], [273, 274], [273, 275], [275, 280], [275, 281], [281, 282], [281, 283], [283, 284], [283, 285], [285, 286], [285, 287], [301, 302], [301, 304], [306, 307], [306, 308], [308, 314], [308, 315]], "missing_branches": [], "functions": {"Inventory.unique": {"executed_lines": [36, 37, 38], "summary": {"covered_lines": 3, "num_statements": 3, "percent_covered": 100.0, "percent_covered_display": "100", "missing_lines": 0, "excluded_lines": 0, "percent_statements_covered": 100.0, "percent_statements_covered_display": "100", "num_branches": 2, "num_partial_branches": 0, "covered_branches": 2, "missing_branches": 0, "percent_branches_covered": 100.0, "percent_branches_covered_display": "100"}, "missing_lines": [], "excluded_lines": [], "start_line": 35, "executed_branches": [[36, 37], [36, 38]], "missing_branches": []}, "GroupSpec.shape": {"executed_lines": [57, 58, 59, 63, 64, 65, 66], "summary": {"covered_lines": 7, "num_statements": 7, "percent_covered": 100.0, "percent_covered_display": "100", "missing_lines": 0, "excluded_lines": 0, "percent_statements_covered": 100.0, "percent_statements_covered_display": "100", "num_branches": 6, "num_partial_branches": 0, "covered_branches": 6, "missing_branches": 0, "percent_branches_covered": 100.0, "percent_branches_covered_display": "100"}, "missing_lines": [], "excluded_lines": [], "start_line": 56, "executed_branches": [[57, 58], [57, 59], [59, 63], [59, 64], [64, 65], [64, 66]], "missing_branches": []}, "GroupController.__init__": {"executed_lines": [128, 129, 130, 131, 132, 133], "summary": {"covered_lines": 6, "num_statements": 6, "percent_covered": 100.0, "percent_covered_display": "100", "missing_lines": 0, "excluded_lines": 0, "percent_statements_covered": 100.0, "percent_statements_covered_display": "100", "num_branches": 0, "num_partial_branches": 0, "covered_branches": 0, "missing_branches": 0, "percent_branches_covered": 100.0, "percent_branches_covered_display": "100"}, "missing_lines": [], "excluded_lines": [], "start_line": 119, "executed_branches": [], "missing_branches": []}, "GroupController.validate": {"executed_lines": [136, 137, 138, 139, 140, 141, 142, 143, 144, 145, 146, 147, 148, 149, 154, 155, 165, 166], "summary": {"covered_lines": 18, "num_statements": 18, "percent_covered": 100.0, "percent_covered_display": "100", "missing_lines": 0, "excluded_lines": 0, "percent_statements_covered": 100.0, "percent_statements_covered_display": "100", "num_branches": 16, "num_partial_branches": 0, "covered_branches": 16, "missing_branches": 0, "percent_branches_covered": 100.0, "percent_branches_covered_display": "100"}, "missing_lines": [], "excluded_lines": [], "start_line": 135, "executed_branches": [[137, 138], [137, 139], [140, 141], [140, 142], [142, 143], [142, 144], [144, 145], [144, 146], [146, 147], [146, 148], [148, -135], [148, 149], [149, 154], [149, 155], [165, -135], [165, 166]], "missing_branches": []}, "GroupController.snapshot": {"executed_lines": [169, 170], "summary": {"covered_lines": 2, "num_statements": 2, "percent_covered": 100.0, "percent_covered_display": "100", "missing_lines": 0, "excluded_lines": 0, "percent_statements_covered": 100.0, "percent_statements_covered_display": "100", "num_branches": 0, "num_partial_branches": 0, "covered_branches": 0, "missing_branches": 0, "percent_branches_covered": 100.0, "percent_branches_covered_display": "100"}, "missing_lines": [], "excluded_lines": [], "start_line": 168, "executed_branches": [], "missing_branches": []}, "GroupController._read": {"executed_lines": [173, 174, 175, 176, 177, 178, 179], "summary": {"covered_lines": 7, "num_statements": 7, "percent_covered": 100.0, "percent_covered_display": "100", "missing_lines": 0, "excluded_lines": 0, "percent_statements_covered": 100.0, "percent_statements_covered_display": "100", "num_branches": 4, "num_partial_branches": 0, "covered_branches": 4, "missing_branches": 0, "percent_branches_covered": 100.0, "percent_branches_covered_display": "100"}, "missing_lines": [], "excluded_lines": [], "start_line": 172, "executed_branches": [[174, 175], [174, 176], [177, 178], [177, 179]], "missing_branches": []}, "GroupController._mutate": {"executed_lines": [182, 183, 184, 185, 186, 189, 190, 191, 192], "summary": {"covered_lines": 9, "num_statements": 9, "percent_covered": 100.0, "percent_covered_display": "100", "missing_lines": 0, "excluded_lines": 0, "percent_statements_covered": 100.0, "percent_statements_covered_display": "100", "num_branches": 2, "num_partial_branches": 0, "covered_branches": 2, "missing_branches": 0, "percent_branches_covered": 100.0, "percent_branches_covered_display": "100"}, "missing_lines": [], "excluded_lines": [], "start_line": 181, "executed_branches": [[182, 183], [182, 192]], "missing_branches": []}, "GroupController.reserve": {"executed_lines": [202, 203, 204, 206, 251], "summary": {"covered_lines": 5, "num_statements": 5, "percent_covered": 100.0, "percent_covered_display": "100", "missing_lines": 0, "excluded_lines": 0, "percent_statements_covered": 100.0, "percent_statements_covered_display": "100", "num_branches": 2, "num_partial_branches": 0, "covered_branches": 2, "missing_branches": 0, "percent_branches_covered": 100.0, "percent_branches_covered_display": "100"}, "missing_lines": [], "excluded_lines": [], "start_line": 194, "executed_branches": [[202, 203], [202, 204]], "missing_branches": []}, "GroupController.reserve.update": {"executed_lines": [207, 208, 209, 210, 211, 216, 217, 218, 224, 225, 226, 227, 231, 232, 244], "summary": {"covered_lines": 15, "num_statements": 15, "percent_covered": 100.0, "percent_covered_display": "100", "missing_lines": 0, "excluded_lines": 0, "percent_statements_covered": 100.0, "percent_statements_covered_display": "100", "num_branches": 12, "num_partial_branches": 0, "covered_branches": 12, "missing_branches": 0, "percent_branches_covered": 100.0, "percent_branches_covered_display": "100"}, "missing_lines": [], "excluded_lines": [], "start_line": 206, "executed_branches": [[209, 210], [209, 211], [211, 216], [211, 217], [217, 218], [217, 226], [218, 224], [218, 225], [226, 227], [226, 232], [227, 226], [227, 231]], "missing_branches": []}, "GroupController.transition": {"executed_lines": [263, 296], "summary": {"covered_lines": 2, "num_statements": 2, "percent_covered": 100.0, "percent_covered_display": "100", "missing_lines": 0, "excluded_lines": 0, "percent_statements_covered": 100.0, "percent_statements_covered_display": "100", "num_branches": 0, "num_partial_branches": 0, "covered_branches": 0, "missing_branches": 0, "percent_branches_covered": 100.0, "percent_branches_covered_display": "100"}, "missing_lines": [], "excluded_lines": [], "start_line": 253, "executed_branches": [], "missing_branches": []}, "GroupController.transition.update": {"executed_lines": [264, 265, 266, 267, 272, 273, 274, 275, 280, 281, 282, 283, 284, 285, 286, 287, 294], "summary": {"covered_lines": 17, "num_statements": 17, "percent_covered": 100.0, "percent_covered_display": "100", "missing_lines": 0, "excluded_lines": 0, "percent_statements_covered": 100.0, "percent_statements_covered_display": "100", "num_branches": 14, "num_partial_branches": 0, "covered_branches": 14, "missing_branches": 0, "percent_branches_covered": 100.0, "percent_branches_covered_display": "100"}, "missing_lines": [], "excluded_lines": [], "start_line": 263, "executed_branches": [[265, 266], [265, 267], [267, 272], [267, 273], [273, 274], [273, 275], [275, 280], [275, 281], [281, 282], [281, 283], [283, 284], [283, 285], [285, 286], [285, 287]], "missing_branches": []}, "GroupController.renew": {"executed_lines": [301, 302, 304, 320], "summary": {"covered_lines": 4, "num_statements": 4, "percent_covered": 100.0, "percent_covered_display": "100", "missing_lines": 0, "excluded_lines": 0, "percent_statements_covered": 100.0, "percent_statements_covered_display": "100", "num_branches": 2, "num_partial_branches": 0, "covered_branches": 2, "missing_branches": 0, "percent_branches_covered": 100.0, "percent_branches_covered_display": "100"}, "missing_lines": [], "excluded_lines": [], "start_line": 298, "executed_branches": [[301, 302], [301, 304]], "missing_branches": []}, "GroupController.renew.update": {"executed_lines": [305, 306, 307, 308, 314, 315, 318], "summary": {"covered_lines": 7, "num_statements": 7, "percent_covered": 100.0, "percent_covered_display": "100", "missing_lines": 0, "excluded_lines": 0, "percent_statements_covered": 100.0, "percent_statements_covered_display": "100", "num_branches": 4, "num_partial_branches": 0, "covered_branches": 4, "missing_branches": 0, "percent_branches_covered": 100.0, "percent_branches_covered_display": "100"}, "missing_lines": [], "excluded_lines": [], "start_line": 304, "executed_branches": [[306, 307], [306, 308], [308, 314], [308, 315]], "missing_branches": []}, "GroupController.quarantine_expired": {"executed_lines": [323, 337], "summary": {"covered_lines": 2, "num_statements": 2, "percent_covered": 100.0, "percent_covered_display": "100", "missing_lines": 0, "excluded_lines": 0, "percent_statements_covered": 100.0, "percent_statements_covered_display": "100", "num_branches": 0, "num_partial_branches": 0, "covered_branches": 0, "missing_branches": 0, "percent_branches_covered": 100.0, "percent_branches_covered_display": "100"}, "missing_lines": [], "excluded_lines": [], "start_line": 322, "executed_branches": [], "missing_branches": []}, "GroupController.quarantine_expired.update": {"executed_lines": [324], "summary": {"covered_lines": 1, "num_statements": 1, "percent_covered": 100.0, "percent_covered_display": "100", "missing_lines": 0, "excluded_lines": 0, "percent_statements_covered": 100.0, "percent_statements_covered_display": "100", "num_branches": 0, "num_partial_branches": 0, "covered_branches": 0, "missing_branches": 0, "percent_branches_covered": 100.0, "percent_branches_covered_display": "100"}, "missing_lines": [], "excluded_lines": [], "start_line": 323, "executed_branches": [], "missing_branches": []}, "": {"executed_lines": [7, 9, 10, 11, 12, 14, 15, 17, 20, 21, 22, 23, 24, 25, 26, 29, 30, 31, 32, 34, 35, 41, 42, 43, 44, 45, 46, 47, 48, 49, 50, 51, 52, 53, 55, 56, 69, 70, 71, 72, 73, 74, 75, 76, 77, 80, 92, 93, 94, 95, 96, 97, 98, 99, 100, 101, 102, 105, 106, 107, 108, 109, 112, 119, 135, 168, 172, 181, 194, 253, 298, 322], "summary": {"covered_lines": 72, "num_statements": 72, "percent_covered": 100.0, "percent_covered_display": "100", "missing_lines": 0, "excluded_lines": 0, "percent_statements_covered": 100.0, "percent_statements_covered_display": "100", "num_branches": 0, "num_partial_branches": 0, "covered_branches": 0, "missing_branches": 0, "percent_branches_covered": 100.0, "percent_branches_covered_display": "100"}, "missing_lines": [], "excluded_lines": [], "start_line": 1, "executed_branches": [], "missing_branches": []}}, "classes": {"Device": {"executed_lines": [], "summary": {"covered_lines": 0, "num_statements": 0, "percent_covered": 100.0, "percent_covered_display": "100", "missing_lines": 0, "excluded_lines": 0, "percent_statements_covered": 100.0, "percent_statements_covered_display": "100", "num_branches": 0, "num_partial_branches": 0, "covered_branches": 0, "missing_branches": 0, "percent_branches_covered": 100.0, "percent_branches_covered_display": "100"}, "missing_lines": [], "excluded_lines": [], "start_line": 20, "executed_branches": [], "missing_branches": []}, "Inventory": {"executed_lines": [36, 37, 38], "summary": {"covered_lines": 3, "num_statements": 3, "percent_covered": 100.0, "percent_covered_display": "100", "missing_lines": 0, "excluded_lines": 0, "percent_statements_covered": 100.0, "percent_statements_covered_display": "100", "num_branches": 2, "num_partial_branches": 0, "covered_branches": 2, "missing_branches": 0, "percent_branches_covered": 100.0, "percent_branches_covered_display": "100"}, "missing_lines": [], "excluded_lines": [], "start_line": 29, "executed_branches": [[36, 37], [36, 38]], "missing_branches": []}, "GroupSpec": {"executed_lines": [57, 58, 59, 63, 64, 65, 66], "summary": {"covered_lines": 7, "num_statements": 7, "percent_covered": 100.0, "percent_covered_display": "100", "missing_lines": 0, "excluded_lines": 0, "percent_statements_covered": 100.0, "percent_statements_covered_display": "100", "num_branches": 6, "num_partial_branches": 0, "covered_branches": 6, "missing_branches": 0, "percent_branches_covered": 100.0, "percent_branches_covered_display": "100"}, "missing_lines": [], "excluded_lines": [], "start_line": 41, "executed_branches": [[57, 58], [57, 59], [59, 63], [59, 64], [64, 65], [64, 66]], "missing_branches": []}, "GroupState": {"executed_lines": [], "summary": {"covered_lines": 0, "num_statements": 0, "percent_covered": 100.0, "percent_covered_display": "100", "missing_lines": 0, "excluded_lines": 0, "percent_statements_covered": 100.0, "percent_statements_covered_display": "100", "num_branches": 0, "num_partial_branches": 0, "covered_branches": 0, "missing_branches": 0, "percent_branches_covered": 100.0, "percent_branches_covered_display": "100"}, "missing_lines": [], "excluded_lines": [], "start_line": 69, "executed_branches": [], "missing_branches": []}, "GroupLease": {"executed_lines": [], "summary": {"covered_lines": 0, "num_statements": 0, "percent_covered": 100.0, "percent_covered_display": "100", "missing_lines": 0, "excluded_lines": 0, "percent_statements_covered": 100.0, "percent_statements_covered_display": "100", "num_branches": 0, "num_partial_branches": 0, "covered_branches": 0, "missing_branches": 0, "percent_branches_covered": 100.0, "percent_branches_covered_display": "100"}, "missing_lines": [], "excluded_lines": [], "start_line": 92, "executed_branches": [], "missing_branches": []}, "GroupLedger": {"executed_lines": [], "summary": {"covered_lines": 0, "num_statements": 0, "percent_covered": 100.0, "percent_covered_display": "100", "missing_lines": 0, "excluded_lines": 0, "percent_statements_covered": 100.0, "percent_statements_covered_display": "100", "num_branches": 0, "num_partial_branches": 0, "covered_branches": 0, "missing_branches": 0, "percent_branches_covered": 100.0, "percent_branches_covered_display": "100"}, "missing_lines": [], "excluded_lines": [], "start_line": 105, "executed_branches": [], "missing_branches": []}, "GroupController": {"executed_lines": [128, 129, 130, 131, 132, 133, 136, 137, 138, 139, 140, 141, 142, 143, 144, 145, 146, 147, 148, 149, 154, 155, 165, 166, 169, 170, 173, 174, 175, 176, 177, 178, 179, 182, 183, 184, 185, 186, 189, 190, 191, 192, 202, 203, 204, 206, 207, 208, 209, 210, 211, 216, 217, 218, 224, 225, 226, 227, 231, 232, 244, 251, 263, 264, 265, 266, 267, 272, 273, 274, 275, 280, 281, 282, 283, 284, 285, 286, 287, 294, 296, 301, 302, 304, 305, 306, 307, 308, 314, 315, 318, 320, 323, 324, 337], "summary": {"covered_lines": 95, "num_statements": 95, "percent_covered": 100.0, "percent_covered_display": "100", "missing_lines": 0, "excluded_lines": 0, "percent_statements_covered": 100.0, "percent_statements_covered_display": "100", "num_branches": 56, "num_partial_branches": 0, "covered_branches": 56, "missing_branches": 0, "percent_branches_covered": 100.0, "percent_branches_covered_display": "100"}, "missing_lines": [], "excluded_lines": [], "start_line": 112, "executed_branches": [[137, 138], [137, 139], [140, 141], [140, 142], [142, 143], [142, 144], [144, 145], [144, 146], [146, 147], [146, 148], [148, -135], [148, 149], [149, 154], [149, 155], [165, -135], [165, 166], [174, 175], [174, 176], [177, 178], [177, 179], [182, 183], [182, 192], [202, 203], [202, 204], [209, 210], [209, 211], [211, 216], [211, 217], [217, 218], [217, 226], [218, 224], [218, 225], [226, 227], [226, 232], [227, 226], [227, 231], [265, 266], [265, 267], [267, 272], [267, 273], [273, 274], [273, 275], [275, 280], [275, 281], [281, 282], [281, 283], [283, 284], [283, 285], [285, 286], [285, 287], [301, 302], [301, 304], [306, 307], [306, 308], [308, 314], [308, 315]], "missing_branches": []}, "": {"executed_lines": [7, 9, 10, 11, 12, 14, 15, 17, 20, 21, 22, 23, 24, 25, 26, 29, 30, 31, 32, 34, 35, 41, 42, 43, 44, 45, 46, 47, 48, 49, 50, 51, 52, 53, 55, 56, 69, 70, 71, 72, 73, 74, 75, 76, 77, 80, 92, 93, 94, 95, 96, 97, 98, 99, 100, 101, 102, 105, 106, 107, 108, 109, 112, 119, 135, 168, 172, 181, 194, 253, 298, 322], "summary": {"covered_lines": 72, "num_statements": 72, "percent_covered": 100.0, "percent_covered_display": "100", "missing_lines": 0, "excluded_lines": 0, "percent_statements_covered": 100.0, "percent_statements_covered_display": "100", "num_branches": 0, "num_partial_branches": 0, "covered_branches": 0, "missing_branches": 0, "percent_branches_covered": 100.0, "percent_branches_covered_display": "100"}, "missing_lines": [], "excluded_lines": [], "start_line": 1, "executed_branches": [], "missing_branches": []}}}, "services/scheduler/src/freechat_scheduler/scheduler.py": {"executed_lines": [1, 3, 4, 5, 6, 8, 17, 18, 19, 20, 23, 24, 25, 26, 29, 30, 31, 32, 33, 34, 37, 38, 39, 40, 41, 42, 43, 44, 45, 46, 47, 50, 51, 59, 60, 61, 62, 63, 65, 66, 67, 68, 69, 70, 71, 72, 73, 75, 77, 78, 80, 88, 89, 90, 91, 96, 99, 103, 118, 123, 126, 127, 128, 129, 133, 134, 135, 139, 144, 145, 146, 147, 150, 156, 157, 158, 159, 164, 165, 170, 171, 172, 178, 179, 181, 182, 183, 184, 187, 188, 192, 193, 198, 199, 200, 201, 202, 203, 204, 205, 206, 207, 221, 227, 228, 229, 230, 231, 232, 236, 237, 245, 246, 258, 263, 269, 270, 271, 272, 273, 276, 277, 278, 279, 281, 282, 283, 285, 286, 289, 290, 294, 295, 296, 298, 299, 303, 304, 305, 306, 307, 308, 309, 322, 323, 325, 327, 328, 329, 330, 332, 334, 341, 342, 343, 344, 345, 360, 361, 362, 363, 364, 365, 368, 369, 370, 371, 372, 373, 376, 377, 378, 381, 382, 383, 388, 389, 391, 392, 396, 413, 414], "summary": {"covered_lines": 182, "num_statements": 198, "percent_covered": 89.1304347826087, "percent_covered_display": "89", "missing_lines": 16, "excluded_lines": 0, "percent_statements_covered": 91.91919191919192, "percent_statements_covered_display": "92", "num_branches": 78, "num_partial_branches": 14, "covered_branches": 64, "missing_branches": 14, "percent_branches_covered": 82.05128205128206, "percent_branches_covered_display": "82"}, "missing_lines": [140, 151, 177, 180, 194, 274, 280, 284, 287, 288, 324, 326, 331, 374, 375, 390], "excluded_lines": [], "executed_branches": [[70, 71], [70, 77], [72, 73], [72, 75], [77, 78], [77, 80], [126, 127], [126, 128], [128, 129], [128, 133], [134, 135], [134, 139], [139, 144], [145, 146], [145, 147], [150, 156], [158, 159], [158, 164], [164, 165], [164, 170], [172, 178], [179, 181], [182, 183], [182, 192], [193, 198], [227, 228], [227, 232], [236, 237], [236, 245], [245, 246], [245, 258], [273, 276], [277, 278], [277, 279], [279, 281], [281, 282], [281, 283], [283, 285], [286, 289], [294, 295], [294, 323], [295, 296], [295, 298], [299, 303], [299, 304], [305, 306], [305, 307], [307, 308], [307, 309], [309, 322], [309, 323], [323, 325], [325, 327], [328, 329], [328, 330], [330, 332], [344, 345], [344, 360], [373, 376], [377, 378], [377, 381], [382, 383], [382, 392], [389, 391]], "missing_branches": [[139, 140], [150, 151], [172, 177], [179, 180], [193, 194], [273, 274], [279, 280], [283, 284], [286, 287], [323, 324], [325, 326], [330, 331], [373, 374], [389, 390]], "functions": {"NoEligibleWorker.__init__": {"executed_lines": [25, 26], "summary": {"covered_lines": 2, "num_statements": 2, "percent_covered": 100.0, "percent_covered_display": "100", "missing_lines": 0, "excluded_lines": 0, "percent_statements_covered": 100.0, "percent_statements_covered_display": "100", "num_branches": 0, "num_partial_branches": 0, "covered_branches": 0, "missing_branches": 0, "percent_branches_covered": 100.0, "percent_branches_covered_display": "100"}, "missing_lines": [], "excluded_lines": [], "start_line": 24, "executed_branches": [], "missing_branches": []}, "Scheduler.__init__": {"executed_lines": [59, 60, 61, 62, 63], "summary": {"covered_lines": 5, "num_statements": 5, "percent_covered": 100.0, "percent_covered_display": "100", "missing_lines": 0, "excluded_lines": 0, "percent_statements_covered": 100.0, "percent_statements_covered_display": "100", "num_branches": 0, "num_partial_branches": 0, "covered_branches": 0, "missing_branches": 0, "percent_branches_covered": 100.0, "percent_branches_covered_display": "100"}, "missing_lines": [], "excluded_lines": [], "start_line": 51, "executed_branches": [], "missing_branches": []}, "Scheduler.route": {"executed_lines": [66, 67, 68, 69, 70, 71, 72, 73, 75, 77, 78, 80, 88, 89, 90, 91, 96, 99, 103], "summary": {"covered_lines": 19, "num_statements": 19, "percent_covered": 100.0, "percent_covered_display": "100", "missing_lines": 0, "excluded_lines": 0, "percent_statements_covered": 100.0, "percent_statements_covered_display": "100", "num_branches": 6, "num_partial_branches": 0, "covered_branches": 6, "missing_branches": 0, "percent_branches_covered": 100.0, "percent_branches_covered_display": "100"}, "missing_lines": [], "excluded_lines": [], "start_line": 65, "executed_branches": [[70, 71], [70, 77], [72, 73], [72, 75], [77, 78], [77, 80]], "missing_branches": []}, "Scheduler._predictive_offload": {"executed_lines": [123, 126, 127, 128, 129, 133, 134, 135, 139, 144, 145, 146, 147, 150, 156, 157, 158, 159, 164, 165, 170, 171, 172, 178, 179, 181, 182, 183, 184, 187, 188, 192, 193, 198, 199, 200, 201, 202, 203, 204, 205, 206, 207], "summary": {"covered_lines": 43, "num_statements": 48, "percent_covered": 86.11111111111111, "percent_covered_display": "86", "missing_lines": 5, "excluded_lines": 0, "percent_statements_covered": 89.58333333333333, "percent_statements_covered_display": "90", "num_branches": 24, "num_partial_branches": 5, "covered_branches": 19, "missing_branches": 5, "percent_branches_covered": 79.16666666666667, "percent_branches_covered_display": "79"}, "missing_lines": [140, 151, 177, 180, 194], "excluded_lines": [], "start_line": 118, "executed_branches": [[126, 127], [126, 128], [128, 129], [128, 133], [134, 135], [134, 139], [139, 144], [145, 146], [145, 147], [150, 156], [158, 159], [158, 164], [164, 165], [164, 170], [172, 178], [179, 181], [182, 183], [182, 192], [193, 198]], "missing_branches": [[139, 140], [150, 151], [172, 177], [179, 180], [193, 194]]}, "Scheduler._order_workers": {"executed_lines": [227, 228, 229, 230, 231, 232, 236, 237, 245, 246, 258], "summary": {"covered_lines": 11, "num_statements": 11, "percent_covered": 100.0, "percent_covered_display": "100", "missing_lines": 0, "excluded_lines": 0, "percent_statements_covered": 100.0, "percent_statements_covered_display": "100", "num_branches": 6, "num_partial_branches": 0, "covered_branches": 6, "missing_branches": 0, "percent_branches_covered": 100.0, "percent_branches_covered_display": "100"}, "missing_lines": [], "excluded_lines": [], "start_line": 221, "executed_branches": [[227, 228], [227, 232], [236, 237], [236, 245], [245, 246], [245, 258]], "missing_branches": []}, "Scheduler._hard_filter": {"executed_lines": [269, 270, 271, 272, 273, 276, 277, 278, 279, 281, 282, 283, 285, 286, 289, 290, 294, 295, 296, 298, 299, 303, 304, 305, 306, 307, 308, 309, 322, 323, 325, 327, 328, 329, 330, 332], "summary": {"covered_lines": 36, "num_statements": 44, "percent_covered": 80.26315789473684, "percent_covered_display": "80", "missing_lines": 8, "excluded_lines": 0, "percent_statements_covered": 81.81818181818181, "percent_statements_covered_display": "82", "num_branches": 32, "num_partial_branches": 7, "covered_branches": 25, "missing_branches": 7, "percent_branches_covered": 78.125, "percent_branches_covered_display": "78"}, "missing_lines": [274, 280, 284, 287, 288, 324, 326, 331], "excluded_lines": [], "start_line": 263, "executed_branches": [[273, 276], [277, 278], [277, 279], [279, 281], [281, 282], [281, 283], [283, 285], [286, 289], [294, 295], [294, 323], [295, 296], [295, 298], [299, 303], [299, 304], [305, 306], [305, 307], [307, 308], [307, 309], [309, 322], [309, 323], [323, 325], [325, 327], [328, 329], [328, 330], [330, 332]], "missing_branches": [[273, 274], [279, 280], [283, 284], [286, 287], [323, 324], [325, 326], [330, 331]]}, "Scheduler._cost": {"executed_lines": [341, 342, 343, 344, 345, 360, 361, 362, 363, 364, 365, 368, 369, 370, 371, 372, 373, 376, 377, 378, 381, 382, 383, 388, 389, 391, 392, 396], "summary": {"covered_lines": 28, "num_statements": 31, "percent_covered": 87.8048780487805, "percent_covered_display": "88", "missing_lines": 3, "excluded_lines": 0, "percent_statements_covered": 90.3225806451613, "percent_statements_covered_display": "90", "num_branches": 10, "num_partial_branches": 2, "covered_branches": 8, "missing_branches": 2, "percent_branches_covered": 80.0, "percent_branches_covered_display": "80"}, "missing_lines": [374, 375, 390], "excluded_lines": [], "start_line": 334, "executed_branches": [[344, 345], [344, 360], [373, 376], [377, 378], [377, 381], [382, 383], [382, 392], [389, 391]], "missing_branches": [[373, 374], [389, 390]]}, "_sort_key": {"executed_lines": [414], "summary": {"covered_lines": 1, "num_statements": 1, "percent_covered": 100.0, "percent_covered_display": "100", "missing_lines": 0, "excluded_lines": 0, "percent_statements_covered": 100.0, "percent_statements_covered_display": "100", "num_branches": 0, "num_partial_branches": 0, "covered_branches": 0, "missing_branches": 0, "percent_branches_covered": 100.0, "percent_branches_covered_display": "100"}, "missing_lines": [], "excluded_lines": [], "start_line": 413, "executed_branches": [], "missing_branches": []}, "": {"executed_lines": [1, 3, 4, 5, 6, 8, 17, 18, 19, 20, 23, 24, 29, 30, 31, 32, 33, 34, 37, 38, 39, 40, 41, 42, 43, 44, 45, 46, 47, 50, 51, 65, 118, 221, 263, 334, 413], "summary": {"covered_lines": 37, "num_statements": 37, "percent_covered": 100.0, "percent_covered_display": "100", "missing_lines": 0, "excluded_lines": 0, "percent_statements_covered": 100.0, "percent_statements_covered_display": "100", "num_branches": 0, "num_partial_branches": 0, "covered_branches": 0, "missing_branches": 0, "percent_branches_covered": 100.0, "percent_branches_covered_display": "100"}, "missing_lines": [], "excluded_lines": [], "start_line": 1, "executed_branches": [], "missing_branches": []}}, "classes": {"NoEligibleWorker": {"executed_lines": [25, 26], "summary": {"covered_lines": 2, "num_statements": 2, "percent_covered": 100.0, "percent_covered_display": "100", "missing_lines": 0, "excluded_lines": 0, "percent_statements_covered": 100.0, "percent_statements_covered_display": "100", "num_branches": 0, "num_partial_branches": 0, "covered_branches": 0, "missing_branches": 0, "percent_branches_covered": 100.0, "percent_branches_covered_display": "100"}, "missing_lines": [], "excluded_lines": [], "start_line": 23, "executed_branches": [], "missing_branches": []}, "RoutingStrategy": {"executed_lines": [], "summary": {"covered_lines": 0, "num_statements": 0, "percent_covered": 100.0, "percent_covered_display": "100", "missing_lines": 0, "excluded_lines": 0, "percent_statements_covered": 100.0, "percent_statements_covered_display": "100", "num_branches": 0, "num_partial_branches": 0, "covered_branches": 0, "missing_branches": 0, "percent_branches_covered": 100.0, "percent_branches_covered_display": "100"}, "missing_lines": [], "excluded_lines": [], "start_line": 29, "executed_branches": [], "missing_branches": []}, "CostWeights": {"executed_lines": [], "summary": {"covered_lines": 0, "num_statements": 0, "percent_covered": 100.0, "percent_covered_display": "100", "missing_lines": 0, "excluded_lines": 0, "percent_statements_covered": 100.0, "percent_statements_covered_display": "100", "num_branches": 0, "num_partial_branches": 0, "covered_branches": 0, "missing_branches": 0, "percent_branches_covered": 100.0, "percent_branches_covered_display": "100"}, "missing_lines": [], "excluded_lines": [], "start_line": 38, "executed_branches": [], "missing_branches": []}, "Scheduler": {"executed_lines": [59, 60, 61, 62, 63, 66, 67, 68, 69, 70, 71, 72, 73, 75, 77, 78, 80, 88, 89, 90, 91, 96, 99, 103, 123, 126, 127, 128, 129, 133, 134, 135, 139, 144, 145, 146, 147, 150, 156, 157, 158, 159, 164, 165, 170, 171, 172, 178, 179, 181, 182, 183, 184, 187, 188, 192, 193, 198, 199, 200, 201, 202, 203, 204, 205, 206, 207, 227, 228, 229, 230, 231, 232, 236, 237, 245, 246, 258, 269, 270, 271, 272, 273, 276, 277, 278, 279, 281, 282, 283, 285, 286, 289, 290, 294, 295, 296, 298, 299, 303, 304, 305, 306, 307, 308, 309, 322, 323, 325, 327, 328, 329, 330, 332, 341, 342, 343, 344, 345, 360, 361, 362, 363, 364, 365, 368, 369, 370, 371, 372, 373, 376, 377, 378, 381, 382, 383, 388, 389, 391, 392, 396], "summary": {"covered_lines": 142, "num_statements": 158, "percent_covered": 87.28813559322033, "percent_covered_display": "87", "missing_lines": 16, "excluded_lines": 0, "percent_statements_covered": 89.87341772151899, "percent_statements_covered_display": "90", "num_branches": 78, "num_partial_branches": 14, "covered_branches": 64, "missing_branches": 14, "percent_branches_covered": 82.05128205128206, "percent_branches_covered_display": "82"}, "missing_lines": [140, 151, 177, 180, 194, 274, 280, 284, 287, 288, 324, 326, 331, 374, 375, 390], "excluded_lines": [], "start_line": 50, "executed_branches": [[70, 71], [70, 77], [72, 73], [72, 75], [77, 78], [77, 80], [126, 127], [126, 128], [128, 129], [128, 133], [134, 135], [134, 139], [139, 144], [145, 146], [145, 147], [150, 156], [158, 159], [158, 164], [164, 165], [164, 170], [172, 178], [179, 181], [182, 183], [182, 192], [193, 198], [227, 228], [227, 232], [236, 237], [236, 245], [245, 246], [245, 258], [273, 276], [277, 278], [277, 279], [279, 281], [281, 282], [281, 283], [283, 285], [286, 289], [294, 295], [294, 323], [295, 296], [295, 298], [299, 303], [299, 304], [305, 306], [305, 307], [307, 308], [307, 309], [309, 322], [309, 323], [323, 325], [325, 327], [328, 329], [328, 330], [330, 332], [344, 345], [344, 360], [373, 376], [377, 378], [377, 381], [382, 383], [382, 392], [389, 391]], "missing_branches": [[139, 140], [150, 151], [172, 177], [179, 180], [193, 194], [273, 274], [279, 280], [283, 284], [286, 287], [323, 324], [325, 326], [330, 331], [373, 374], [389, 390]]}, "": {"executed_lines": [1, 3, 4, 5, 6, 8, 17, 18, 19, 20, 23, 24, 29, 30, 31, 32, 33, 34, 37, 38, 39, 40, 41, 42, 43, 44, 45, 46, 47, 50, 51, 65, 118, 221, 263, 334, 413, 414], "summary": {"covered_lines": 38, "num_statements": 38, "percent_covered": 100.0, "percent_covered_display": "100", "missing_lines": 0, "excluded_lines": 0, "percent_statements_covered": 100.0, "percent_statements_covered_display": "100", "num_branches": 0, "num_partial_branches": 0, "covered_branches": 0, "missing_branches": 0, "percent_branches_covered": 100.0, "percent_branches_covered_display": "100"}, "missing_lines": [], "excluded_lines": [], "start_line": 1, "executed_branches": [], "missing_branches": []}}}}, "totals": {"covered_lines": 723, "num_statements": 899, "percent_covered": 80.72696534234996, "percent_covered_display": "81", "missing_lines": 176, "excluded_lines": 0, "percent_statements_covered": 80.42269187986652, "percent_statements_covered_display": "80", "num_branches": 284, "num_partial_branches": 30, "covered_branches": 232, "missing_branches": 52, "percent_branches_covered": 81.69014084507042, "percent_branches_covered_display": "82"}}